[VERSION]: 3.0.0
[INFO] Scanning for projects...
[INFO] 
[INFO] ------------------------< org.mybatis:mybatis >-------------------------
[INFO] Building mybatis 3.4.6
[INFO] --------------------------------[ jar ]---------------------------------
[INFO] 
[INFO] --- maven-clean-plugin:3.0.0:clean (default-clean) @ mybatis ---
[INFO] Deleting /home/cgzhu/projects/gitslice/resources/facts/upgrade_jars_exp/_downloads/mybatis-3/target
[INFO] 
[INFO] --- maven-dependency-plugin:3.0.1:list (default-cli) @ mybatis ---
[INFO] 
[INFO] The following files have been resolved:
[INFO]    ognl:ognl:jar:3.1.16:compile (optional) 
[INFO]    org.javassist:javassist:jar:3.22.0-GA:compile (optional) 
[INFO]    org.slf4j:slf4j-api:jar:1.7.25:compile (optional) 
[INFO]    org.slf4j:slf4j-log4j12:jar:1.7.25:compile (optional) 
[INFO]    log4j:log4j:jar:1.2.17:compile (optional) 
[INFO]    org.apache.logging.log4j:log4j-core:jar:2.3:compile (optional) 
[INFO]    org.apache.logging.log4j:log4j-api:jar:2.3:compile (optional) 
[INFO]    commons-logging:commons-logging:jar:1.2:compile (optional) 
[INFO]    cglib:cglib:jar:3.2.5:compile (optional) 
[INFO]    org.ow2.asm:asm:jar:5.2:compile (optional) 
[INFO]    org.apache.ant:ant:jar:1.9.6:compile (optional) 
[INFO]    org.apache.ant:ant-launcher:jar:1.9.6:compile (optional) 
[INFO]    org.junit.vintage:junit-vintage-engine:jar:4.12.2:test
[INFO]    org.junit.platform:junit-platform-engine:jar:1.0.2:test
[INFO]    org.junit.platform:junit-platform-commons:jar:1.0.2:test
[INFO]    org.opentest4j:opentest4j:jar:1.0.0:test
[INFO]    junit:junit:jar:4.12:test
[INFO]    org.hamcrest:hamcrest-core:jar:1.3:test
[INFO]    org.hsqldb:hsqldb:jar:2.3.5:test
[INFO]    org.apache.derby:derby:jar:10.12.1.1:test
[INFO]    org.mockito:mockito-core:jar:3.0.0:test
[INFO]    net.bytebuddy:byte-buddy:jar:1.9.10:test
[INFO]    net.bytebuddy:byte-buddy-agent:jar:1.9.10:test
[INFO]    org.objenesis:objenesis:jar:2.6:test
[INFO]    commons-dbcp:commons-dbcp:jar:1.4:test
[INFO]    commons-pool:commons-pool:jar:1.5.4:test
[INFO]    org.jboss.spec.javax.transaction:jboss-transaction-api_1.2_spec:jar:1.0.1.Final:test
[INFO]    org.apache.velocity:velocity:jar:1.7:test
[INFO]    commons-collections:commons-collections:jar:3.2.1:test
[INFO]    commons-lang:commons-lang:jar:2.4:test
[INFO]    org.postgresql:postgresql:jar:42.1.4.jre6:test
[INFO]    org.assertj:assertj-core:jar:1.7.1:test
[INFO]    eu.codearte.catch-exception:catch-exception:jar:1.4.4:test
[INFO]    ru.yandex.qatools.embed:postgresql-embedded:jar:2.5:test
[INFO]    de.flapdoodle.embed:de.flapdoodle.embed.process:jar:2.0.1:test
[INFO]    commons-io:commons-io:jar:2.4:test
[INFO]    org.apache.commons:commons-lang3:jar:3.1:test
[INFO]    net.java.dev.jna:jna:jar:4.0.0:test
[INFO]    net.java.dev.jna:jna-platform:jar:4.0.0:test
[INFO]    org.apache.commons:commons-compress:jar:1.10:test
[INFO] 
[INFO] 
[INFO] --- maven-enforcer-plugin:1.4.1:enforce (enforce-java) @ mybatis ---
[INFO] 
[INFO] --- jacoco-maven-plugin:0.7.9:prepare-agent (prepare-agent) @ mybatis ---
[INFO] argLine set to -javaagent:/home/cgzhu/.m2/repository/org/jacoco/org.jacoco.agent/0.7.9/org.jacoco.agent-0.7.9-runtime.jar=destfile=/home/cgzhu/projects/gitslice/resources/facts/upgrade_jars_exp/_downloads/mybatis-3/target/jacoco.exec,excludes=org.apache.ibatis.ognl.*:org.apache.ibatis.javassist.*
[INFO] 
[INFO] --- maven-resources-plugin:3.0.2:resources (default-resources) @ mybatis ---
[INFO] Using 'UTF-8' encoding to copy filtered resources.
[INFO] Copying 2 resources to META-INF
[INFO] Copying 2 resources
[INFO] 
[INFO] --- maven-compiler-plugin:3.6.1:compile (default-compile) @ mybatis ---
[INFO] Compiling 379 source files to /home/cgzhu/projects/gitslice/resources/facts/upgrade_jars_exp/_downloads/mybatis-3/target/classes
[INFO] /home/cgzhu/projects/gitslice/resources/facts/upgrade_jars_exp/_downloads/mybatis-3/src/main/java/org/apache/ibatis/reflection/MetaObject.java: Some input files use unchecked or unsafe operations.
[INFO] /home/cgzhu/projects/gitslice/resources/facts/upgrade_jars_exp/_downloads/mybatis-3/src/main/java/org/apache/ibatis/reflection/MetaObject.java: Recompile with -Xlint:unchecked for details.
[INFO] 
[INFO] --- license-maven-plugin:3.0:format (default) @ mybatis ---
[INFO] Updating license headers...
[INFO] Updating license header in: /home/cgzhu/projects/gitslice/resources/facts/upgrade_jars_exp/_downloads/mybatis-3/pom.xml
[INFO] 
[INFO] --- animal-sniffer-maven-plugin:1.16:check (check-java-1.6-compat) @ mybatis ---
[INFO] Checking unresolved references to org.codehaus.mojo.signature:java16:1.1
[INFO] 
[INFO] --- maven-bundle-plugin:3.3.0:manifest (bundle-manifest) @ mybatis ---
[INFO] 
[INFO] --- maven-resources-plugin:3.0.2:testResources (default-testResources) @ mybatis ---
[INFO] Using 'UTF-8' encoding to copy filtered resources.
[INFO] Copying 461 resources
[INFO] 
[INFO] --- maven-compiler-plugin:3.6.1:testCompile (default-testCompile) @ mybatis ---
[INFO] Compiling 748 source files to /home/cgzhu/projects/gitslice/resources/facts/upgrade_jars_exp/_downloads/mybatis-3/target/test-classes
[INFO] /home/cgzhu/projects/gitslice/resources/facts/upgrade_jars_exp/_downloads/mybatis-3/src/test/java/org/apache/ibatis/jdbc/SelectBuilderTest.java: Some input files use or override a deprecated API.
[INFO] /home/cgzhu/projects/gitslice/resources/facts/upgrade_jars_exp/_downloads/mybatis-3/src/test/java/org/apache/ibatis/jdbc/SelectBuilderTest.java: Recompile with -Xlint:deprecation for details.
[INFO] /home/cgzhu/projects/gitslice/resources/facts/upgrade_jars_exp/_downloads/mybatis-3/src/test/java/org/apache/ibatis/domain/misc/RichType.java: Some input files use unchecked or unsafe operations.
[INFO] /home/cgzhu/projects/gitslice/resources/facts/upgrade_jars_exp/_downloads/mybatis-3/src/test/java/org/apache/ibatis/domain/misc/RichType.java: Recompile with -Xlint:unchecked for details.
[INFO] 
[INFO] --- maven-surefire-plugin:2.20:test (default-test) @ mybatis ---
[INFO] 
[INFO] -------------------------------------------------------
[INFO]  T E S T S
[INFO] -------------------------------------------------------
[INFO] Running org.apache.ibatis.logging.jdbc.ConnectionLoggerTest
[INFO] Tests run: 3, Failures: 0, Errors: 0, Skipped: 0, Time elapsed: 0.574 s - in org.apache.ibatis.logging.jdbc.ConnectionLoggerTest
[INFO] Running org.apache.ibatis.logging.jdbc.ResultSetLoggerTest
[INFO] Tests run: 2, Failures: 0, Errors: 0, Skipped: 0, Time elapsed: 0.117 s - in org.apache.ibatis.logging.jdbc.ResultSetLoggerTest
[INFO] Running org.apache.ibatis.logging.jdbc.StatementLoggerTest
[INFO] Tests run: 3, Failures: 0, Errors: 0, Skipped: 0, Time elapsed: 0.043 s - in org.apache.ibatis.logging.jdbc.StatementLoggerTest
[INFO] Running org.apache.ibatis.logging.jdbc.PreparedStatementLoggerTest
[INFO] Tests run: 4, Failures: 0, Errors: 0, Skipped: 0, Time elapsed: 0.004 s - in org.apache.ibatis.logging.jdbc.PreparedStatementLoggerTest
[INFO] Running org.apache.ibatis.logging.jdbc.BaseJdbcLoggerTest
[INFO] Tests run: 2, Failures: 0, Errors: 0, Skipped: 0, Time elapsed: 0.037 s - in org.apache.ibatis.logging.jdbc.BaseJdbcLoggerTest
[INFO] Running org.apache.ibatis.logging.LogFactoryTest
ERROR StatusLogger No log4j2 configuration file found. Using default configuration: logging only errors to the console.
02:23:23.665 [main] ERROR java.lang.Object - Error message.
02:23:23.665 [main] ERROR java.lang.Object - Error with Exception.
java.lang.Exception: Test exception.
	at org.apache.ibatis.logging.LogFactoryTest.logSomething(LogFactoryTest.java:106) [test-classes/:?]
	at org.apache.ibatis.logging.LogFactoryTest.shouldUseLog4J2(LogFactoryTest.java:55) [test-classes/:?]
	at sun.reflect.NativeMethodAccessorImpl.invoke0(Native Method) ~[?:1.8.0_151]
	at sun.reflect.NativeMethodAccessorImpl.invoke(NativeMethodAccessorImpl.java:62) ~[?:1.8.0_151]
	at sun.reflect.DelegatingMethodAccessorImpl.invoke(DelegatingMethodAccessorImpl.java:43) ~[?:1.8.0_151]
	at java.lang.reflect.Method.invoke(Method.java:498) ~[?:1.8.0_151]
	at org.junit.runners.model.FrameworkMethod$1.runReflectiveCall(FrameworkMethod.java:50) [junit-4.12.jar:4.12]
	at org.junit.internal.runners.model.ReflectiveCallable.run(ReflectiveCallable.java:12) [junit-4.12.jar:4.12]
	at org.junit.runners.model.FrameworkMethod.invokeExplosively(FrameworkMethod.java:47) [junit-4.12.jar:4.12]
	at org.junit.internal.runners.statements.InvokeMethod.evaluate(InvokeMethod.java:17) [junit-4.12.jar:4.12]
	at org.junit.runners.ParentRunner.runLeaf(ParentRunner.java:325) [junit-4.12.jar:4.12]
	at org.junit.runners.BlockJUnit4ClassRunner.runChild(BlockJUnit4ClassRunner.java:78) [junit-4.12.jar:4.12]
	at org.junit.runners.BlockJUnit4ClassRunner.runChild(BlockJUnit4ClassRunner.java:57) [junit-4.12.jar:4.12]
	at org.junit.runners.ParentRunner$3.run(ParentRunner.java:290) [junit-4.12.jar:4.12]
	at org.junit.runners.ParentRunner$1.schedule(ParentRunner.java:71) [junit-4.12.jar:4.12]
	at org.junit.runners.ParentRunner.runChildren(ParentRunner.java:288) [junit-4.12.jar:4.12]
	at org.junit.runners.ParentRunner.access$000(ParentRunner.java:58) [junit-4.12.jar:4.12]
	at org.junit.runners.ParentRunner$2.evaluate(ParentRunner.java:268) [junit-4.12.jar:4.12]
	at org.junit.runners.ParentRunner.run(ParentRunner.java:363) [junit-4.12.jar:4.12]
	at org.junit.runners.Suite.runChild(Suite.java:128) [junit-4.12.jar:4.12]
	at org.junit.runners.Suite.runChild(Suite.java:27) [junit-4.12.jar:4.12]
	at org.junit.runners.ParentRunner$3.run(ParentRunner.java:290) [junit-4.12.jar:4.12]
	at org.junit.runners.ParentRunner$1.schedule(ParentRunner.java:71) [junit-4.12.jar:4.12]
	at org.junit.runners.ParentRunner.runChildren(ParentRunner.java:288) [junit-4.12.jar:4.12]
	at org.junit.runners.ParentRunner.access$000(ParentRunner.java:58) [junit-4.12.jar:4.12]
	at org.junit.runners.ParentRunner$2.evaluate(ParentRunner.java:268) [junit-4.12.jar:4.12]
	at org.junit.runners.ParentRunner.run(ParentRunner.java:363) [junit-4.12.jar:4.12]
	at org.apache.maven.surefire.junitcore.JUnitCore.run(JUnitCore.java:55) [surefire-junit47-2.20.jar:2.20]
	at org.apache.maven.surefire.junitcore.JUnitCoreWrapper.createRequestAndRun(JUnitCoreWrapper.java:137) [surefire-junit47-2.20.jar:2.20]
	at org.apache.maven.surefire.junitcore.JUnitCoreWrapper.executeEager(JUnitCoreWrapper.java:107) [surefire-junit47-2.20.jar:2.20]
	at org.apache.maven.surefire.junitcore.JUnitCoreWrapper.execute(JUnitCoreWrapper.java:83) [surefire-junit47-2.20.jar:2.20]
	at org.apache.maven.surefire.junitcore.JUnitCoreWrapper.execute(JUnitCoreWrapper.java:75) [surefire-junit47-2.20.jar:2.20]
	at org.apache.maven.surefire.junitcore.JUnitCoreProvider.invoke(JUnitCoreProvider.java:157) [surefire-junit47-2.20.jar:2.20]
	at org.apache.maven.surefire.booter.ForkedBooter.invokeProviderInSameClassLoader(ForkedBooter.java:386) [surefire-booter-2.20.jar:2.20]
	at org.apache.maven.surefire.booter.ForkedBooter.runSuitesInProcess(ForkedBooter.java:323) [surefire-booter-2.20.jar:2.20]
	at org.apache.maven.surefire.booter.ForkedBooter.main(ForkedBooter.java:143) [surefire-booter-2.20.jar:2.20]
Logging initialized using 'class org.apache.ibatis.logging.stdout.StdOutImpl' adapter.
Warning message.
Debug message.
Error message.
Error with Exception.
java.lang.Exception: Test exception.
	at org.apache.ibatis.logging.LogFactoryTest.logSomething(LogFactoryTest.java:106)
	at org.apache.ibatis.logging.LogFactoryTest.shouldUseStdOut(LogFactoryTest.java:79)
	at sun.reflect.NativeMethodAccessorImpl.invoke0(Native Method)
	at sun.reflect.NativeMethodAccessorImpl.invoke(NativeMethodAccessorImpl.java:62)
	at sun.reflect.DelegatingMethodAccessorImpl.invoke(DelegatingMethodAccessorImpl.java:43)
	at java.lang.reflect.Method.invoke(Method.java:498)
	at org.junit.runners.model.FrameworkMethod$1.runReflectiveCall(FrameworkMethod.java:50)
	at org.junit.internal.runners.model.ReflectiveCallable.run(ReflectiveCallable.java:12)
	at org.junit.runners.model.FrameworkMethod.invokeExplosively(FrameworkMethod.java:47)
	at org.junit.internal.runners.statements.InvokeMethod.evaluate(InvokeMethod.java:17)
	at org.junit.runners.ParentRunner.runLeaf(ParentRunner.java:325)
	at org.junit.runners.BlockJUnit4ClassRunner.runChild(BlockJUnit4ClassRunner.java:78)
	at org.junit.runners.BlockJUnit4ClassRunner.runChild(BlockJUnit4ClassRunner.java:57)
	at org.junit.runners.ParentRunner$3.run(ParentRunner.java:290)
	at org.junit.runners.ParentRunner$1.schedule(ParentRunner.java:71)
	at org.junit.runners.ParentRunner.runChildren(ParentRunner.java:288)
	at org.junit.runners.ParentRunner.access$000(ParentRunner.java:58)
	at org.junit.runners.ParentRunner$2.evaluate(ParentRunner.java:268)
	at org.junit.runners.ParentRunner.run(ParentRunner.java:363)
	at org.junit.runners.Suite.runChild(Suite.java:128)
	at org.junit.runners.Suite.runChild(Suite.java:27)
	at org.junit.runners.ParentRunner$3.run(ParentRunner.java:290)
	at org.junit.runners.ParentRunner$1.schedule(ParentRunner.java:71)
	at org.junit.runners.ParentRunner.runChildren(ParentRunner.java:288)
	at org.junit.runners.ParentRunner.access$000(ParentRunner.java:58)
	at org.junit.runners.ParentRunner$2.evaluate(ParentRunner.java:268)
	at org.junit.runners.ParentRunner.run(ParentRunner.java:363)
	at org.apache.maven.surefire.junitcore.JUnitCore.run(JUnitCore.java:55)
	at org.apache.maven.surefire.junitcore.JUnitCoreWrapper.createRequestAndRun(JUnitCoreWrapper.java:137)
	at org.apache.maven.surefire.junitcore.JUnitCoreWrapper.executeEager(JUnitCoreWrapper.java:107)
	at org.apache.maven.surefire.junitcore.JUnitCoreWrapper.execute(JUnitCoreWrapper.java:83)
	at org.apache.maven.surefire.junitcore.JUnitCoreWrapper.execute(JUnitCoreWrapper.java:75)
	at org.apache.maven.surefire.junitcore.JUnitCoreProvider.invoke(JUnitCoreProvider.java:157)
	at org.apache.maven.surefire.booter.ForkedBooter.invokeProviderInSameClassLoader(ForkedBooter.java:386)
	at org.apache.maven.surefire.booter.ForkedBooter.runSuitesInProcess(ForkedBooter.java:323)
	at org.apache.maven.surefire.booter.ForkedBooter.main(ForkedBooter.java:143)
ERROR [main] - Error message.
ERROR [main] - Error with Exception.
java.lang.Exception: Test exception.
	at org.apache.ibatis.logging.LogFactoryTest.logSomething(LogFactoryTest.java:106)
	at org.apache.ibatis.logging.LogFactoryTest.shouldUseLog4J(LogFactoryTest.java:47)
	at sun.reflect.NativeMethodAccessorImpl.invoke0(Native Method)
	at sun.reflect.NativeMethodAccessorImpl.invoke(NativeMethodAccessorImpl.java:62)
	at sun.reflect.DelegatingMethodAccessorImpl.invoke(DelegatingMethodAccessorImpl.java:43)
	at java.lang.reflect.Method.invoke(Method.java:498)
	at org.junit.runners.model.FrameworkMethod$1.runReflectiveCall(FrameworkMethod.java:50)
	at org.junit.internal.runners.model.ReflectiveCallable.run(ReflectiveCallable.java:12)
	at org.junit.runners.model.FrameworkMethod.invokeExplosively(FrameworkMethod.java:47)
	at org.junit.internal.runners.statements.InvokeMethod.evaluate(InvokeMethod.java:17)
	at org.junit.runners.ParentRunner.runLeaf(ParentRunner.java:325)
	at org.junit.runners.BlockJUnit4ClassRunner.runChild(BlockJUnit4ClassRunner.java:78)
	at org.junit.runners.BlockJUnit4ClassRunner.runChild(BlockJUnit4ClassRunner.java:57)
	at org.junit.runners.ParentRunner$3.run(ParentRunner.java:290)
	at org.junit.runners.ParentRunner$1.schedule(ParentRunner.java:71)
	at org.junit.runners.ParentRunner.runChildren(ParentRunner.java:288)
	at org.junit.runners.ParentRunner.access$000(ParentRunner.java:58)
	at org.junit.runners.ParentRunner$2.evaluate(ParentRunner.java:268)
	at org.junit.runners.ParentRunner.run(ParentRunner.java:363)
	at org.junit.runners.Suite.runChild(Suite.java:128)
	at org.junit.runners.Suite.runChild(Suite.java:27)
	at org.junit.runners.ParentRunner$3.run(ParentRunner.java:290)
	at org.junit.runners.ParentRunner$1.schedule(ParentRunner.java:71)
	at org.junit.runners.ParentRunner.runChildren(ParentRunner.java:288)
	at org.junit.runners.ParentRunner.access$000(ParentRunner.java:58)
	at org.junit.runners.ParentRunner$2.evaluate(ParentRunner.java:268)
	at org.junit.runners.ParentRunner.run(ParentRunner.java:363)
	at org.apache.maven.surefire.junitcore.JUnitCore.run(JUnitCore.java:55)
	at org.apache.maven.surefire.junitcore.JUnitCoreWrapper.createRequestAndRun(JUnitCoreWrapper.java:137)
	at org.apache.maven.surefire.junitcore.JUnitCoreWrapper.executeEager(JUnitCoreWrapper.java:107)
	at org.apache.maven.surefire.junitcore.JUnitCoreWrapper.execute(JUnitCoreWrapper.java:83)
	at org.apache.maven.surefire.junitcore.JUnitCoreWrapper.execute(JUnitCoreWrapper.java:75)
	at org.apache.maven.surefire.junitcore.JUnitCoreProvider.invoke(JUnitCoreProvider.java:157)
	at org.apache.maven.surefire.booter.ForkedBooter.invokeProviderInSameClassLoader(ForkedBooter.java:386)
	at org.apache.maven.surefire.booter.ForkedBooter.runSuitesInProcess(ForkedBooter.java:323)
	at org.apache.maven.surefire.booter.ForkedBooter.main(ForkedBooter.java:143)
ERROR [main] - Error message.
ERROR [main] - Error with Exception.
java.lang.Exception: Test exception.
	at org.apache.ibatis.logging.LogFactoryTest.logSomething(LogFactoryTest.java:106)
	at org.apache.ibatis.logging.LogFactoryTest.shouldUseSlf4j(LogFactoryTest.java:71)
	at sun.reflect.NativeMethodAccessorImpl.invoke0(Native Method)
	at sun.reflect.NativeMethodAccessorImpl.invoke(NativeMethodAccessorImpl.java:62)
	at sun.reflect.DelegatingMethodAccessorImpl.invoke(DelegatingMethodAccessorImpl.java:43)
	at java.lang.reflect.Method.invoke(Method.java:498)
	at org.junit.runners.model.FrameworkMethod$1.runReflectiveCall(FrameworkMethod.java:50)
	at org.junit.internal.runners.model.ReflectiveCallable.run(ReflectiveCallable.java:12)
	at org.junit.runners.model.FrameworkMethod.invokeExplosively(FrameworkMethod.java:47)
	at org.junit.internal.runners.statements.InvokeMethod.evaluate(InvokeMethod.java:17)
	at org.junit.runners.ParentRunner.runLeaf(ParentRunner.java:325)
	at org.junit.runners.BlockJUnit4ClassRunner.runChild(BlockJUnit4ClassRunner.java:78)
	at org.junit.runners.BlockJUnit4ClassRunner.runChild(BlockJUnit4ClassRunner.java:57)
	at org.junit.runners.ParentRunner$3.run(ParentRunner.java:290)
	at org.junit.runners.ParentRunner$1.schedule(ParentRunner.java:71)
	at org.junit.runners.ParentRunner.runChildren(ParentRunner.java:288)
	at org.junit.runners.ParentRunner.access$000(ParentRunner.java:58)
	at org.junit.runners.ParentRunner$2.evaluate(ParentRunner.java:268)
	at org.junit.runners.ParentRunner.run(ParentRunner.java:363)
	at org.junit.runners.Suite.runChild(Suite.java:128)
	at org.junit.runners.Suite.runChild(Suite.java:27)
	at org.junit.runners.ParentRunner$3.run(ParentRunner.java:290)
	at org.junit.runners.ParentRunner$1.schedule(ParentRunner.java:71)
	at org.junit.runners.ParentRunner.runChildren(ParentRunner.java:288)
	at org.junit.runners.ParentRunner.access$000(ParentRunner.java:58)
	at org.junit.runners.ParentRunner$2.evaluate(ParentRunner.java:268)
	at org.junit.runners.ParentRunner.run(ParentRunner.java:363)
	at org.apache.maven.surefire.junitcore.JUnitCore.run(JUnitCore.java:55)
	at org.apache.maven.surefire.junitcore.JUnitCoreWrapper.createRequestAndRun(JUnitCoreWrapper.java:137)
	at org.apache.maven.surefire.junitcore.JUnitCoreWrapper.executeEager(JUnitCoreWrapper.java:107)
	at org.apache.maven.surefire.junitcore.JUnitCoreWrapper.execute(JUnitCoreWrapper.java:83)
	at org.apache.maven.surefire.junitcore.JUnitCoreWrapper.execute(JUnitCoreWrapper.java:75)
	at org.apache.maven.surefire.junitcore.JUnitCoreProvider.invoke(JUnitCoreProvider.java:157)
	at org.apache.maven.surefire.booter.ForkedBooter.invokeProviderInSameClassLoader(ForkedBooter.java:386)
	at org.apache.maven.surefire.booter.ForkedBooter.runSuitesInProcess(ForkedBooter.java:323)
	at org.apache.maven.surefire.booter.ForkedBooter.main(ForkedBooter.java:143)
Aug 16, 2019 2:23:23 AM org.apache.ibatis.logging.jdk14.Jdk14LoggingImpl warn
WARNING: Warning message.
Aug 16, 2019 2:23:23 AM org.apache.ibatis.logging.jdk14.Jdk14LoggingImpl error
SEVERE: Error message.
Aug 16, 2019 2:23:23 AM org.apache.ibatis.logging.jdk14.Jdk14LoggingImpl error
SEVERE: Error with Exception.
java.lang.Exception: Test exception.
	at org.apache.ibatis.logging.LogFactoryTest.logSomething(LogFactoryTest.java:106)
	at org.apache.ibatis.logging.LogFactoryTest.shouldUseJdKLogging(LogFactoryTest.java:63)
	at sun.reflect.NativeMethodAccessorImpl.invoke0(Native Method)
	at sun.reflect.NativeMethodAccessorImpl.invoke(NativeMethodAccessorImpl.java:62)
	at sun.reflect.DelegatingMethodAccessorImpl.invoke(DelegatingMethodAccessorImpl.java:43)
	at java.lang.reflect.Method.invoke(Method.java:498)
	at org.junit.runners.model.FrameworkMethod$1.runReflectiveCall(FrameworkMethod.java:50)
	at org.junit.internal.runners.model.ReflectiveCallable.run(ReflectiveCallable.java:12)
	at org.junit.runners.model.FrameworkMethod.invokeExplosively(FrameworkMethod.java:47)
	at org.junit.internal.runners.statements.InvokeMethod.evaluate(InvokeMethod.java:17)
	at org.junit.runners.ParentRunner.runLeaf(ParentRunner.java:325)
	at org.junit.runners.BlockJUnit4ClassRunner.runChild(BlockJUnit4ClassRunner.java:78)
	at org.junit.runners.BlockJUnit4ClassRunner.runChild(BlockJUnit4ClassRunner.java:57)
	at org.junit.runners.ParentRunner$3.run(ParentRunner.java:290)
	at org.junit.runners.ParentRunner$1.schedule(ParentRunner.java:71)
	at org.junit.runners.ParentRunner.runChildren(ParentRunner.java:288)
	at org.junit.runners.ParentRunner.access$000(ParentRunner.java:58)
	at org.junit.runners.ParentRunner$2.evaluate(ParentRunner.java:268)
	at org.junit.runners.ParentRunner.run(ParentRunner.java:363)
	at org.junit.runners.Suite.runChild(Suite.java:128)
	at org.junit.runners.Suite.runChild(Suite.java:27)
	at org.junit.runners.ParentRunner$3.run(ParentRunner.java:290)
	at org.junit.runners.ParentRunner$1.schedule(ParentRunner.java:71)
	at org.junit.runners.ParentRunner.runChildren(ParentRunner.java:288)
	at org.junit.runners.ParentRunner.access$000(ParentRunner.java:58)
	at org.junit.runners.ParentRunner$2.evaluate(ParentRunner.java:268)
	at org.junit.runners.ParentRunner.run(ParentRunner.java:363)
	at org.apache.maven.surefire.junitcore.JUnitCore.run(JUnitCore.java:55)
	at org.apache.maven.surefire.junitcore.JUnitCoreWrapper.createRequestAndRun(JUnitCoreWrapper.java:137)
	at org.apache.maven.surefire.junitcore.JUnitCoreWrapper.executeEager(JUnitCoreWrapper.java:107)
	at org.apache.maven.surefire.junitcore.JUnitCoreWrapper.execute(JUnitCoreWrapper.java:83)
	at org.apache.maven.surefire.junitcore.JUnitCoreWrapper.execute(JUnitCoreWrapper.java:75)
	at org.apache.maven.surefire.junitcore.JUnitCoreProvider.invoke(JUnitCoreProvider.java:157)
	at org.apache.maven.surefire.booter.ForkedBooter.invokeProviderInSameClassLoader(ForkedBooter.java:386)
	at org.apache.maven.surefire.booter.ForkedBooter.runSuitesInProcess(ForkedBooter.java:323)
	at org.apache.maven.surefire.booter.ForkedBooter.main(ForkedBooter.java:143)

ERROR [main] - Error message.
ERROR [main] - Error with Exception.
java.lang.Exception: Test exception.
	at org.apache.ibatis.logging.LogFactoryTest.logSomething(LogFactoryTest.java:106)
	at org.apache.ibatis.logging.LogFactoryTest.shouldUseCommonsLogging(LogFactoryTest.java:39)
	at sun.reflect.NativeMethodAccessorImpl.invoke0(Native Method)
	at sun.reflect.NativeMethodAccessorImpl.invoke(NativeMethodAccessorImpl.java:62)
	at sun.reflect.DelegatingMethodAccessorImpl.invoke(DelegatingMethodAccessorImpl.java:43)
	at java.lang.reflect.Method.invoke(Method.java:498)
	at org.junit.runners.model.FrameworkMethod$1.runReflectiveCall(FrameworkMethod.java:50)
	at org.junit.internal.runners.model.ReflectiveCallable.run(ReflectiveCallable.java:12)
	at org.junit.runners.model.FrameworkMethod.invokeExplosively(FrameworkMethod.java:47)
	at org.junit.internal.runners.statements.InvokeMethod.evaluate(InvokeMethod.java:17)
	at org.junit.runners.ParentRunner.runLeaf(ParentRunner.java:325)
	at org.junit.runners.BlockJUnit4ClassRunner.runChild(BlockJUnit4ClassRunner.java:78)
	at org.junit.runners.BlockJUnit4ClassRunner.runChild(BlockJUnit4ClassRunner.java:57)
	at org.junit.runners.ParentRunner$3.run(ParentRunner.java:290)
	at org.junit.runners.ParentRunner$1.schedule(ParentRunner.java:71)
	at org.junit.runners.ParentRunner.runChildren(ParentRunner.java:288)
	at org.junit.runners.ParentRunner.access$000(ParentRunner.java:58)
	at org.junit.runners.ParentRunner$2.evaluate(ParentRunner.java:268)
	at org.junit.runners.ParentRunner.run(ParentRunner.java:363)
	at org.junit.runners.Suite.runChild(Suite.java:128)
	at org.junit.runners.Suite.runChild(Suite.java:27)
	at org.junit.runners.ParentRunner$3.run(ParentRunner.java:290)
	at org.junit.runners.ParentRunner$1.schedule(ParentRunner.java:71)
	at org.junit.runners.ParentRunner.runChildren(ParentRunner.java:288)
	at org.junit.runners.ParentRunner.access$000(ParentRunner.java:58)
	at org.junit.runners.ParentRunner$2.evaluate(ParentRunner.java:268)
	at org.junit.runners.ParentRunner.run(ParentRunner.java:363)
	at org.apache.maven.surefire.junitcore.JUnitCore.run(JUnitCore.java:55)
	at org.apache.maven.surefire.junitcore.JUnitCoreWrapper.createRequestAndRun(JUnitCoreWrapper.java:137)
	at org.apache.maven.surefire.junitcore.JUnitCoreWrapper.executeEager(JUnitCoreWrapper.java:107)
	at org.apache.maven.surefire.junitcore.JUnitCoreWrapper.execute(JUnitCoreWrapper.java:83)
	at org.apache.maven.surefire.junitcore.JUnitCoreWrapper.execute(JUnitCoreWrapper.java:75)
	at org.apache.maven.surefire.junitcore.JUnitCoreProvider.invoke(JUnitCoreProvider.java:157)
	at org.apache.maven.surefire.booter.ForkedBooter.invokeProviderInSameClassLoader(ForkedBooter.java:386)
	at org.apache.maven.surefire.booter.ForkedBooter.runSuitesInProcess(ForkedBooter.java:323)
	at org.apache.maven.surefire.booter.ForkedBooter.main(ForkedBooter.java:143)
[INFO] Tests run: 8, Failures: 0, Errors: 0, Skipped: 0, Time elapsed: 0.354 s - in org.apache.ibatis.logging.LogFactoryTest
[INFO] Running org.apache.ibatis.scripting.defaults.DefaultParameterHandlerTest
[INFO] Tests run: 1, Failures: 0, Errors: 0, Skipped: 0, Time elapsed: 0.034 s - in org.apache.ibatis.scripting.defaults.DefaultParameterHandlerTest
[INFO] Running org.apache.ibatis.scripting.LanguageDriverRegistryTest
[INFO] Tests run: 8, Failures: 0, Errors: 0, Skipped: 0, Time elapsed: 0.073 s - in org.apache.ibatis.scripting.LanguageDriverRegistryTest
[INFO] Running org.apache.ibatis.executor.ResultExtractorTest
[INFO] Tests run: 6, Failures: 0, Errors: 0, Skipped: 0, Time elapsed: 10.599 s - in org.apache.ibatis.executor.ResultExtractorTest
[INFO] Running org.apache.ibatis.executor.CachingSimpleExecutorTest
[INFO] Tests run: 19, Failures: 0, Errors: 0, Skipped: 0, Time elapsed: 3.806 s - in org.apache.ibatis.executor.CachingSimpleExecutorTest
[INFO] Running org.apache.ibatis.executor.ReuseExecutorTest
[INFO] Tests run: 19, Failures: 0, Errors: 0, Skipped: 0, Time elapsed: 0.37 s - in org.apache.ibatis.executor.ReuseExecutorTest
[INFO] Running org.apache.ibatis.executor.ErrorContextTest
[INFO] Tests run: 1, Failures: 0, Errors: 0, Skipped: 0, Time elapsed: 3.541 s - in org.apache.ibatis.executor.ErrorContextTest
[INFO] Running org.apache.ibatis.executor.CachingBatchExecutorTest
[INFO] Tests run: 19, Failures: 0, Errors: 0, Skipped: 0, Time elapsed: 3.589 s - in org.apache.ibatis.executor.CachingBatchExecutorTest
[INFO] Running org.apache.ibatis.executor.BatchExecutorTest
[INFO] Tests run: 19, Failures: 0, Errors: 0, Skipped: 0, Time elapsed: 3.547 s - in org.apache.ibatis.executor.BatchExecutorTest
[INFO] Running org.apache.ibatis.executor.BaseExecutorTest
[INFO] Tests run: 18, Failures: 0, Errors: 0, Skipped: 0, Time elapsed: 0.279 s - in org.apache.ibatis.executor.BaseExecutorTest
[INFO] Running org.apache.ibatis.executor.resultset.DefaultResultSetHandlerTest
[INFO] Tests run: 2, Failures: 0, Errors: 0, Skipped: 0, Time elapsed: 3 s - in org.apache.ibatis.executor.resultset.DefaultResultSetHandlerTest
[INFO] Running org.apache.ibatis.executor.CachingReuseExecutorTest
[INFO] Tests run: 19, Failures: 0, Errors: 0, Skipped: 0, Time elapsed: 0.289 s - in org.apache.ibatis.executor.CachingReuseExecutorTest
[INFO] Running org.apache.ibatis.executor.statement.BaseStatementHandlerTest
[INFO] Tests run: 9, Failures: 0, Errors: 0, Skipped: 0, Time elapsed: 0.016 s - in org.apache.ibatis.executor.statement.BaseStatementHandlerTest
[INFO] Running org.apache.ibatis.executor.loader.JavassistProxyTest
[INFO] Tests run: 15, Failures: 0, Errors: 0, Skipped: 0, Time elapsed: 0.976 s - in org.apache.ibatis.executor.loader.JavassistProxyTest
[INFO] Running org.apache.ibatis.executor.loader.CglibProxyTest
[INFO] Tests run: 15, Failures: 0, Errors: 0, Skipped: 0, Time elapsed: 0.64 s - in org.apache.ibatis.executor.loader.CglibProxyTest
[INFO] Running org.apache.ibatis.mapping.BoundSqlTest
[INFO] Tests run: 1, Failures: 0, Errors: 0, Skipped: 0, Time elapsed: 0 s - in org.apache.ibatis.mapping.BoundSqlTest
[INFO] Running org.apache.ibatis.mapping.CacheBuilderTest
[INFO] Tests run: 2, Failures: 0, Errors: 0, Skipped: 0, Time elapsed: 0.005 s - in org.apache.ibatis.mapping.CacheBuilderTest
[INFO] Running org.apache.ibatis.mapping.ResultMappingTest
[INFO] Tests run: 2, Failures: 0, Errors: 0, Skipped: 0, Time elapsed: 0.312 s - in org.apache.ibatis.mapping.ResultMappingTest
[INFO] Running org.apache.ibatis.submitted.overwritingproperties.FooMapperTest
[INFO] Tests run: 1, Failures: 0, Errors: 0, Skipped: 0, Time elapsed: 0.052 s - in org.apache.ibatis.submitted.overwritingproperties.FooMapperTest
[INFO] Running org.apache.ibatis.submitted.uuid_test.UUIDTest
[INFO] Tests run: 2, Failures: 0, Errors: 0, Skipped: 0, Time elapsed: 0.033 s - in org.apache.ibatis.submitted.uuid_test.UUIDTest
[INFO] Running org.apache.ibatis.submitted.propertiesinmapperfiles.PropertiesInMappersTest
[INFO] Tests run: 1, Failures: 0, Errors: 0, Skipped: 0, Time elapsed: 0.031 s - in org.apache.ibatis.submitted.propertiesinmapperfiles.PropertiesInMappersTest
[INFO] Running org.apache.ibatis.submitted.cglib_lazy_error.CglibNPETest
[INFO] Tests run: 7, Failures: 0, Errors: 0, Skipped: 0, Time elapsed: 0.06 s - in org.apache.ibatis.submitted.cglib_lazy_error.CglibNPETest
[INFO] Running org.apache.ibatis.submitted.cglib_lazy_error.CglibNPELazyTest
[INFO] Tests run: 5, Failures: 0, Errors: 0, Skipped: 0, Time elapsed: 0.034 s - in org.apache.ibatis.submitted.cglib_lazy_error.CglibNPELazyTest
[INFO] Running org.apache.ibatis.submitted.resultmapwithassociationstest.ResultMapWithAssociationsTest
[INFO] Tests run: 1, Failures: 0, Errors: 0, Skipped: 0, Time elapsed: 0 s - in org.apache.ibatis.submitted.resultmapwithassociationstest.ResultMapWithAssociationsTest
[INFO] Running org.apache.ibatis.submitted.include_property.IncludePropertyErrorTest
[INFO] Tests run: 1, Failures: 0, Errors: 0, Skipped: 0, Time elapsed: 0.032 s - in org.apache.ibatis.submitted.include_property.IncludePropertyErrorTest
[INFO] Running org.apache.ibatis.submitted.include_property.IncludePropertyTest
[INFO] Tests run: 9, Failures: 0, Errors: 0, Skipped: 0, Time elapsed: 0.008 s - in org.apache.ibatis.submitted.include_property.IncludePropertyTest
[INFO] Running org.apache.ibatis.submitted.awful_table.AwfulTableTest
[INFO] Tests run: 1, Failures: 0, Errors: 0, Skipped: 0, Time elapsed: 0.052 s - in org.apache.ibatis.submitted.awful_table.AwfulTableTest
[INFO] Running org.apache.ibatis.submitted.primitives.PrimitivesTest
[INFO] Tests run: 1, Failures: 0, Errors: 0, Skipped: 0, Time elapsed: 0.001 s - in org.apache.ibatis.submitted.primitives.PrimitivesTest
[INFO] Running org.apache.ibatis.submitted.inline_association_with_dot.InlineCollectionWithDotTest
[INFO] Tests run: 2, Failures: 0, Errors: 0, Skipped: 0, Time elapsed: 0.065 s - in org.apache.ibatis.submitted.inline_association_with_dot.InlineCollectionWithDotTest
[INFO] Running org.apache.ibatis.submitted.empty_row.ReturnInstanceForEmptyRowTest
[INFO] Tests run: 9, Failures: 0, Errors: 0, Skipped: 0, Time elapsed: 0.026 s - in org.apache.ibatis.submitted.empty_row.ReturnInstanceForEmptyRowTest
[INFO] Running org.apache.ibatis.submitted.raw_sql_source.RawSqlSourceTest
[INFO] Tests run: 3, Failures: 0, Errors: 0, Skipped: 0, Time elapsed: 0 s - in org.apache.ibatis.submitted.raw_sql_source.RawSqlSourceTest
[INFO] Running org.apache.ibatis.submitted.result_handler_type.DefaultResultHandlerTypeTest
[INFO] Tests run: 3, Failures: 0, Errors: 0, Skipped: 0, Time elapsed: 0.036 s - in org.apache.ibatis.submitted.result_handler_type.DefaultResultHandlerTypeTest
[INFO] Running org.apache.ibatis.submitted.typehandler.TypeHandlerTest
[INFO] Tests run: 9, Failures: 0, Errors: 0, Skipped: 0, Time elapsed: 0.25 s - in org.apache.ibatis.submitted.typehandler.TypeHandlerTest
[INFO] Running org.apache.ibatis.submitted.valueinmap.ValueInMapTest
[INFO] Tests run: 2, Failures: 0, Errors: 0, Skipped: 0, Time elapsed: 0.108 s - in org.apache.ibatis.submitted.valueinmap.ValueInMapTest
[INFO] Running org.apache.ibatis.submitted.language.LanguageTest
[INFO] Tests run: 11, Failures: 0, Errors: 0, Skipped: 0, Time elapsed: 0.022 s - in org.apache.ibatis.submitted.language.LanguageTest
[INFO] Running org.apache.ibatis.submitted.duplicate_resource_loaded.DuplicateResourceTest
[INFO] Tests run: 1, Failures: 0, Errors: 0, Skipped: 0, Time elapsed: 3.417 s - in org.apache.ibatis.submitted.duplicate_resource_loaded.DuplicateResourceTest
[INFO] Running org.apache.ibatis.submitted.associationtest.AssociationTest
[INFO] Tests run: 3, Failures: 0, Errors: 0, Skipped: 0, Time elapsed: 0.002 s - in org.apache.ibatis.submitted.associationtest.AssociationTest
[INFO] Running org.apache.ibatis.submitted.lazy_properties.LazyPropertiesTest
[INFO] Tests run: 10, Failures: 0, Errors: 0, Skipped: 0, Time elapsed: 0.115 s - in org.apache.ibatis.submitted.lazy_properties.LazyPropertiesTest
[INFO] Running org.apache.ibatis.submitted.bringrags.SimpleObjectTest
[INFO] Tests run: 1, Failures: 0, Errors: 0, Skipped: 0, Time elapsed: 0.033 s - in org.apache.ibatis.submitted.bringrags.SimpleObjectTest
[INFO] Running org.apache.ibatis.submitted.enumtypehandler_on_annotation.EnumTypeHandlerUsingAnnotationTest
[INFO] Tests run: 3, Failures: 0, Errors: 0, Skipped: 0, Time elapsed: 0.021 s - in org.apache.ibatis.submitted.enumtypehandler_on_annotation.EnumTypeHandlerUsingAnnotationTest
[INFO] Running org.apache.ibatis.submitted.call_setters_on_nulls.CallSettersOnNullsTest
[INFO] Tests run: 5, Failures: 0, Errors: 0, Skipped: 0, Time elapsed: 0.008 s - in org.apache.ibatis.submitted.call_setters_on_nulls.CallSettersOnNullsTest
[INFO] Running org.apache.ibatis.submitted.call_setters_on_nulls.DoNotCallSettersOnNullsTest
[INFO] Tests run: 3, Failures: 0, Errors: 0, Skipped: 0, Time elapsed: 0.018 s - in org.apache.ibatis.submitted.call_setters_on_nulls.DoNotCallSettersOnNullsTest
[INFO] Running org.apache.ibatis.submitted.includes.IncludeTest
[INFO] Tests run: 2, Failures: 0, Errors: 0, Skipped: 0, Time elapsed: 0.014 s - in org.apache.ibatis.submitted.includes.IncludeTest
[INFO] Running org.apache.ibatis.submitted.cursor_simple.CursorSimpleTest
[INFO] Tests run: 11, Failures: 0, Errors: 0, Skipped: 0, Time elapsed: 0.01 s - in org.apache.ibatis.submitted.cursor_simple.CursorSimpleTest
[INFO] Running org.apache.ibatis.submitted.disallowdotsonnames.DisallowDotsOnNamesTest
[INFO] Tests run: 1, Failures: 0, Errors: 0, Skipped: 0, Time elapsed: 0.018 s - in org.apache.ibatis.submitted.disallowdotsonnames.DisallowDotsOnNamesTest
[INFO] Running org.apache.ibatis.submitted.stringlist.StringListTest
[INFO] Tests run: 1, Failures: 0, Errors: 0, Skipped: 0, Time elapsed: 0.015 s - in org.apache.ibatis.submitted.stringlist.StringListTest
[INFO] Running org.apache.ibatis.submitted.multiple_discriminator.MultipleDiscriminatorTest
[INFO] Tests run: 3, Failures: 0, Errors: 0, Skipped: 0, Time elapsed: 0.005 s - in org.apache.ibatis.submitted.multiple_discriminator.MultipleDiscriminatorTest
[INFO] Running org.apache.ibatis.submitted.selectkey.SelectKeyTest
[WARNING] Tests run: 21, Failures: 0, Errors: 0, Skipped: 2, Time elapsed: 0.276 s - in org.apache.ibatis.submitted.selectkey.SelectKeyTest
[INFO] Running org.apache.ibatis.submitted.maptypehandler.MapTypeHandlerTest
[INFO] Tests run: 2, Failures: 0, Errors: 0, Skipped: 0, Time elapsed: 0.001 s - in org.apache.ibatis.submitted.maptypehandler.MapTypeHandlerTest
[INFO] Running org.apache.ibatis.submitted.force_flush_on_select.ForceFlushOnSelectTest
[INFO] Tests run: 6, Failures: 0, Errors: 0, Skipped: 0, Time elapsed: 0.065 s - in org.apache.ibatis.submitted.force_flush_on_select.ForceFlushOnSelectTest
[INFO] Running org.apache.ibatis.submitted.dynsql.DynSqlTest
[INFO] Tests run: 6, Failures: 0, Errors: 0, Skipped: 0, Time elapsed: 0.024 s - in org.apache.ibatis.submitted.dynsql.DynSqlTest
[INFO] Running org.apache.ibatis.submitted.null_associations.FooMapperTest
[INFO] Tests run: 2, Failures: 0, Errors: 0, Skipped: 0, Time elapsed: 0.001 s - in org.apache.ibatis.submitted.null_associations.FooMapperTest
[INFO] Running org.apache.ibatis.submitted.lazyload_proxyfactory_comparison.CglibLazyTest
[INFO] Tests run: 6, Failures: 0, Errors: 0, Skipped: 0, Time elapsed: 0.1 s - in org.apache.ibatis.submitted.lazyload_proxyfactory_comparison.CglibLazyTest
[INFO] Running org.apache.ibatis.submitted.lazyload_proxyfactory_comparison.JavassistLazyTest
[WARNING] Tests run: 1, Failures: 0, Errors: 0, Skipped: 1, Time elapsed: 0.001 s - in org.apache.ibatis.submitted.lazyload_proxyfactory_comparison.JavassistLazyTest
[INFO] Running org.apache.ibatis.submitted.lazyload_proxyfactory_comparison.DefaultLazyTest
[INFO] Tests run: 6, Failures: 0, Errors: 0, Skipped: 0, Time elapsed: 0.057 s - in org.apache.ibatis.submitted.lazyload_proxyfactory_comparison.DefaultLazyTest
[INFO] Running org.apache.ibatis.submitted.empty_namespace.EmptyNamespaceTest
[INFO] Tests run: 1, Failures: 0, Errors: 0, Skipped: 0, Time elapsed: 0.015 s - in org.apache.ibatis.submitted.empty_namespace.EmptyNamespaceTest
[INFO] Running org.apache.ibatis.submitted.rounding.RoundingHandlersTest
[INFO] Tests run: 2, Failures: 0, Errors: 0, Skipped: 0, Time elapsed: 0.038 s - in org.apache.ibatis.submitted.rounding.RoundingHandlersTest
[INFO] Running org.apache.ibatis.submitted.missing_id_property.MissingIdPropertyTest
[INFO] Tests run: 1, Failures: 0, Errors: 0, Skipped: 0, Time elapsed: 0.012 s - in org.apache.ibatis.submitted.missing_id_property.MissingIdPropertyTest
[INFO] Running org.apache.ibatis.submitted.complex_type.ComplexTypeTest
[INFO] Tests run: 1, Failures: 0, Errors: 0, Skipped: 0, Time elapsed: 0.013 s - in org.apache.ibatis.submitted.complex_type.ComplexTypeTest
[INFO] Running org.apache.ibatis.submitted.ognl_enum.EnumWithOgnlTest
[INFO] Tests run: 5, Failures: 0, Errors: 0, Skipped: 0, Time elapsed: 0.011 s - in org.apache.ibatis.submitted.ognl_enum.EnumWithOgnlTest
[INFO] Running org.apache.ibatis.submitted.manyanno.ManyAnnoTest
[INFO] Tests run: 1, Failures: 0, Errors: 0, Skipped: 0, Time elapsed: 2.953 s - in org.apache.ibatis.submitted.manyanno.ManyAnnoTest
[INFO] Running org.apache.ibatis.submitted.lazy_immutable.ImmutablePOJOTest
[INFO] Tests run: 1, Failures: 0, Errors: 0, Skipped: 0, Time elapsed: 0 s - in org.apache.ibatis.submitted.lazy_immutable.ImmutablePOJOTest
[INFO] Running org.apache.ibatis.submitted.unknownobject.UnknownObjectTest
[INFO] Tests run: 1, Failures: 0, Errors: 0, Skipped: 0, Time elapsed: 0.005 s - in org.apache.ibatis.submitted.unknownobject.UnknownObjectTest
[INFO] Running org.apache.ibatis.submitted.integer_enum.IntegerEnumTest
[INFO] Tests run: 1, Failures: 0, Errors: 0, Skipped: 0, Time elapsed: 0.003 s - in org.apache.ibatis.submitted.integer_enum.IntegerEnumTest
[INFO] Running org.apache.ibatis.submitted.global_variables_defaults.XmlMapperTest
[INFO] Tests run: 2, Failures: 0, Errors: 0, Skipped: 0, Time elapsed: 0.024 s - in org.apache.ibatis.submitted.global_variables_defaults.XmlMapperTest
[INFO] Running org.apache.ibatis.submitted.global_variables_defaults.CustomizationTest
[INFO] Tests run: 2, Failures: 0, Errors: 0, Skipped: 0, Time elapsed: 0.019 s - in org.apache.ibatis.submitted.global_variables_defaults.CustomizationTest
[INFO] Running org.apache.ibatis.submitted.global_variables_defaults.AnnotationMapperTest
[INFO] Tests run: 2, Failures: 0, Errors: 0, Skipped: 0, Time elapsed: 0.008 s - in org.apache.ibatis.submitted.global_variables_defaults.AnnotationMapperTest
[INFO] Running org.apache.ibatis.submitted.global_variables_defaults.ConfigurationTest
[INFO] Tests run: 2, Failures: 0, Errors: 0, Skipped: 0, Time elapsed: 0.017 s - in org.apache.ibatis.submitted.global_variables_defaults.ConfigurationTest
[INFO] Running org.apache.ibatis.submitted.generictyperesolution.GenericTypeResolutionTest
[INFO] Tests run: 2, Failures: 0, Errors: 0, Skipped: 0, Time elapsed: 0.008 s - in org.apache.ibatis.submitted.generictyperesolution.GenericTypeResolutionTest
[INFO] Running org.apache.ibatis.submitted.extends_with_constructor.NpeExtendsTest
[INFO] Tests run: 4, Failures: 0, Errors: 0, Skipped: 0, Time elapsed: 0.031 s - in org.apache.ibatis.submitted.extends_with_constructor.NpeExtendsTest
[INFO] Running org.apache.ibatis.submitted.hashmaptypehandler.HashMapTypeHandlerTest
[INFO] Tests run: 4, Failures: 0, Errors: 0, Skipped: 0, Time elapsed: 0.015 s - in org.apache.ibatis.submitted.hashmaptypehandler.HashMapTypeHandlerTest
[INFO] Running org.apache.ibatis.submitted.initialized_collection_property.AuthorDAOTest
[WARNING] Tests run: 2, Failures: 0, Errors: 0, Skipped: 1, Time elapsed: 0.012 s - in org.apache.ibatis.submitted.initialized_collection_property.AuthorDAOTest
[INFO] Running org.apache.ibatis.submitted.parent_childs.ParentChildTest
[INFO] Tests run: 1, Failures: 0, Errors: 0, Skipped: 0, Time elapsed: 0.012 s - in org.apache.ibatis.submitted.parent_childs.ParentChildTest
[INFO] Running org.apache.ibatis.submitted.complex_property.ComponentTest
[INFO] Tests run: 1, Failures: 0, Errors: 0, Skipped: 0, Time elapsed: 0.011 s - in org.apache.ibatis.submitted.complex_property.ComponentTest
[INFO] Running org.apache.ibatis.submitted.no_param_type.NoParamTypeTest
[INFO] Tests run: 1, Failures: 0, Errors: 0, Skipped: 0, Time elapsed: 0.001 s - in org.apache.ibatis.submitted.no_param_type.NoParamTypeTest
[INFO] Running org.apache.ibatis.submitted.xml_external_ref.NonFullyQualifiedNamespaceTest
[INFO] Tests run: 1, Failures: 0, Errors: 0, Skipped: 0, Time elapsed: 0.015 s - in org.apache.ibatis.submitted.xml_external_ref.NonFullyQualifiedNamespaceTest
[INFO] Running org.apache.ibatis.submitted.xml_external_ref.ShortNameTest
[INFO] Tests run: 2, Failures: 0, Errors: 0, Skipped: 0, Time elapsed: 0.013 s - in org.apache.ibatis.submitted.xml_external_ref.ShortNameTest
[INFO] Running org.apache.ibatis.submitted.xml_external_ref.MultipleIncludeTest
[INFO] Tests run: 2, Failures: 0, Errors: 0, Skipped: 0, Time elapsed: 0.01 s - in org.apache.ibatis.submitted.xml_external_ref.MultipleIncludeTest
[INFO] Running org.apache.ibatis.submitted.xml_external_ref.MultipleCrossIncludeTest
[INFO] Tests run: 3, Failures: 0, Errors: 0, Skipped: 0, Time elapsed: 0.046 s - in org.apache.ibatis.submitted.xml_external_ref.MultipleCrossIncludeTest
[INFO] Running org.apache.ibatis.submitted.xml_external_ref.XmlExternalRefTest
[INFO] Tests run: 5, Failures: 0, Errors: 0, Skipped: 0, Time elapsed: 0.025 s - in org.apache.ibatis.submitted.xml_external_ref.XmlExternalRefTest
[INFO] Running org.apache.ibatis.submitted.xml_external_ref.ReverseIncludeTest
[INFO] Tests run: 2, Failures: 0, Errors: 0, Skipped: 0, Time elapsed: 0.008 s - in org.apache.ibatis.submitted.xml_external_ref.ReverseIncludeTest
[INFO] Running org.apache.ibatis.submitted.xml_external_ref.ResultMapReferenceTest
[INFO] Tests run: 2, Failures: 0, Errors: 0, Skipped: 0, Time elapsed: 0.011 s - in org.apache.ibatis.submitted.xml_external_ref.ResultMapReferenceTest
[INFO] Running org.apache.ibatis.submitted.xml_external_ref.ParameterMapReferenceTest
[INFO] Tests run: 2, Failures: 0, Errors: 0, Skipped: 0, Time elapsed: 0.011 s - in org.apache.ibatis.submitted.xml_external_ref.ParameterMapReferenceTest
[INFO] Running org.apache.ibatis.submitted.xml_external_ref.ResultMapExtendsTest
[INFO] Tests run: 2, Failures: 0, Errors: 0, Skipped: 0, Time elapsed: 0.01 s - in org.apache.ibatis.submitted.xml_external_ref.ResultMapExtendsTest
[INFO] Running org.apache.ibatis.submitted.xml_external_ref.MultipleReverseIncludeTest
[INFO] Tests run: 2, Failures: 0, Errors: 0, Skipped: 0, Time elapsed: 0.008 s - in org.apache.ibatis.submitted.xml_external_ref.MultipleReverseIncludeTest
[INFO] Running org.apache.ibatis.submitted.xml_external_ref.SameIdTest
[INFO] Tests run: 2, Failures: 0, Errors: 0, Skipped: 0, Time elapsed: 0.026 s - in org.apache.ibatis.submitted.xml_external_ref.SameIdTest
[INFO] Running org.apache.ibatis.submitted.extend.ExtendTest
[INFO] Tests run: 1, Failures: 0, Errors: 0, Skipped: 0, Time elapsed: 0.001 s - in org.apache.ibatis.submitted.extend.ExtendTest
[INFO] Running org.apache.ibatis.submitted.refid_resolution.RefidResolutionTest
[INFO] Tests run: 1, Failures: 0, Errors: 0, Skipped: 0, Time elapsed: 0.004 s - in org.apache.ibatis.submitted.refid_resolution.RefidResolutionTest
[INFO] Running org.apache.ibatis.submitted.refid_resolution.ExternalRefidResolutionTest
[INFO] Tests run: 1, Failures: 0, Errors: 0, Skipped: 0, Time elapsed: 0.004 s - in org.apache.ibatis.submitted.refid_resolution.ExternalRefidResolutionTest
[INFO] Running org.apache.ibatis.submitted.emptycollection.DaoTest
[INFO] Tests run: 3, Failures: 0, Errors: 0, Skipped: 0, Time elapsed: 0.021 s - in org.apache.ibatis.submitted.emptycollection.DaoTest
[INFO] Running org.apache.ibatis.submitted.generictypes.GenericTypesTest
[INFO] Tests run: 1, Failures: 0, Errors: 0, Skipped: 0, Time elapsed: 0.023 s - in org.apache.ibatis.submitted.generictypes.GenericTypesTest
[INFO] Running org.apache.ibatis.submitted.dynsql2.DynSqlTest
[INFO] Tests run: 2, Failures: 0, Errors: 0, Skipped: 0, Time elapsed: 0.012 s - in org.apache.ibatis.submitted.dynsql2.DynSqlTest
[INFO] Running org.apache.ibatis.submitted.count.CountTest
[INFO] Tests run: 1, Failures: 0, Errors: 0, Skipped: 0, Time elapsed: 0 s - in org.apache.ibatis.submitted.count.CountTest
[INFO] Running org.apache.ibatis.submitted.column_prefix.ColumnPrefixTest
[INFO] Tests run: 2, Failures: 0, Errors: 0, Skipped: 0, Time elapsed: 0.024 s - in org.apache.ibatis.submitted.column_prefix.ColumnPrefixTest
[INFO] Running org.apache.ibatis.submitted.column_prefix.ColumnPrefixAutoMappingTest
[INFO] Tests run: 3, Failures: 0, Errors: 0, Skipped: 0, Time elapsed: 0.027 s - in org.apache.ibatis.submitted.column_prefix.ColumnPrefixAutoMappingTest
[INFO] Running org.apache.ibatis.submitted.column_prefix.ColumnPrefixNestedQueryTest
[INFO] Tests run: 2, Failures: 0, Errors: 0, Skipped: 0, Time elapsed: 0.03 s - in org.apache.ibatis.submitted.column_prefix.ColumnPrefixNestedQueryTest
[INFO] Running org.apache.ibatis.submitted.multipleiterates.MultipleIteratesTest
[INFO] Tests run: 1, Failures: 0, Errors: 0, Skipped: 0, Time elapsed: 0.005 s - in org.apache.ibatis.submitted.multipleiterates.MultipleIteratesTest
[INFO] Running org.apache.ibatis.submitted.criterion.CriterionTest
[INFO] Tests run: 1, Failures: 0, Errors: 0, Skipped: 0, Time elapsed: 0.018 s - in org.apache.ibatis.submitted.criterion.CriterionTest
[INFO] Running org.apache.ibatis.submitted.sptests.SPTest
[INFO] Tests run: 32, Failures: 0, Errors: 0, Skipped: 0, Time elapsed: 0.027 s - in org.apache.ibatis.submitted.sptests.SPTest
[INFO] Running org.apache.ibatis.submitted.result_handler.ResulthandlerTest
[INFO] Tests run: 2, Failures: 0, Errors: 0, Skipped: 0, Time elapsed: 0.008 s - in org.apache.ibatis.submitted.result_handler.ResulthandlerTest
[INFO] Running org.apache.ibatis.submitted.autodiscover.AutodiscoverTest
[INFO] Tests run: 3, Failures: 0, Errors: 0, Skipped: 0, Time elapsed: 0.019 s - in org.apache.ibatis.submitted.autodiscover.AutodiscoverTest
[INFO] Running org.apache.ibatis.submitted.mapper_type_parameter.MapperTypeParameterTest
[INFO] Tests run: 6, Failures: 0, Errors: 0, Skipped: 0, Time elapsed: 0.021 s - in org.apache.ibatis.submitted.mapper_type_parameter.MapperTypeParameterTest
[INFO] Running org.apache.ibatis.submitted.nestedresulthandler_multiple_association.NestedResultHandlerMultipleAssociationTest
[INFO] Tests run: 2, Failures: 0, Errors: 0, Skipped: 0, Time elapsed: 0.012 s - in org.apache.ibatis.submitted.nestedresulthandler_multiple_association.NestedResultHandlerMultipleAssociationTest
[INFO] Running org.apache.ibatis.submitted.typehandlerinjection.TypeHandlerInjectionTest
[INFO] Tests run: 1, Failures: 0, Errors: 0, Skipped: 0, Time elapsed: 0.005 s - in org.apache.ibatis.submitted.typehandlerinjection.TypeHandlerInjectionTest
[INFO] Running org.apache.ibatis.submitted.batch_test.BatchTest
[INFO] Tests run: 1, Failures: 0, Errors: 0, Skipped: 0, Time elapsed: 0.013 s - in org.apache.ibatis.submitted.batch_test.BatchTest
[INFO] Running org.apache.ibatis.submitted.foreach_map.ForEachMapTest
[INFO] Tests run: 4, Failures: 0, Errors: 0, Skipped: 0, Time elapsed: 0.017 s - in org.apache.ibatis.submitted.foreach_map.ForEachMapTest
[INFO] Running org.apache.ibatis.submitted.permissions.PermissionsTest
[INFO] Tests run: 2, Failures: 0, Errors: 0, Skipped: 0, Time elapsed: 0.013 s - in org.apache.ibatis.submitted.permissions.PermissionsTest
[INFO] Running org.apache.ibatis.submitted.ancestor_ref.AncestorRefTest
[INFO] Tests run: 3, Failures: 0, Errors: 0, Skipped: 0, Time elapsed: 0.012 s - in org.apache.ibatis.submitted.ancestor_ref.AncestorRefTest
[INFO] Running org.apache.ibatis.submitted.extendresultmap.ExtendResultMapTest
[INFO] Tests run: 1, Failures: 0, Errors: 0, Skipped: 0, Time elapsed: 0 s - in org.apache.ibatis.submitted.extendresultmap.ExtendResultMapTest
[INFO] Running org.apache.ibatis.submitted.batch_keys.BatchKeysTest
[INFO] Tests run: 5, Failures: 0, Errors: 0, Skipped: 0, Time elapsed: 0.047 s - in org.apache.ibatis.submitted.batch_keys.BatchKeysTest
[INFO] Running org.apache.ibatis.submitted.primitive_array.PrimitiveArrayTest
[INFO] Tests run: 1, Failures: 0, Errors: 0, Skipped: 0, Time elapsed: 0.012 s - in org.apache.ibatis.submitted.primitive_array.PrimitiveArrayTest
[INFO] Running org.apache.ibatis.submitted.nestedresulthandler.NestedResultHandlerTest
[INFO] Tests run: 5, Failures: 0, Errors: 0, Skipped: 0, Time elapsed: 0.015 s - in org.apache.ibatis.submitted.nestedresulthandler.NestedResultHandlerTest
[INFO] Running org.apache.ibatis.submitted.multipleresultsetswithassociation.MultipleResultSetTest
[INFO] Tests run: 2, Failures: 0, Errors: 0, Skipped: 0, Time elapsed: 0.011 s - in org.apache.ibatis.submitted.multipleresultsetswithassociation.MultipleResultSetTest
[INFO] Running org.apache.ibatis.submitted.global_variables.BaseTest
[INFO] Tests run: 2, Failures: 0, Errors: 0, Skipped: 0, Time elapsed: 0.012 s - in org.apache.ibatis.submitted.global_variables.BaseTest
[INFO] Running org.apache.ibatis.submitted.blobtest.BlobTest
[INFO] Tests run: 2, Failures: 0, Errors: 0, Skipped: 0, Time elapsed: 0.014 s - in org.apache.ibatis.submitted.blobtest.BlobTest
[INFO] Running org.apache.ibatis.submitted.automapping.AutomappingTest
[INFO] Tests run: 10, Failures: 0, Errors: 0, Skipped: 0, Time elapsed: 0.014 s - in org.apache.ibatis.submitted.automapping.AutomappingTest
[INFO] Running org.apache.ibatis.submitted.flush_statement_npe.FlushStatementNpeTest
[INFO] Tests run: 3, Failures: 0, Errors: 0, Skipped: 0, Time elapsed: 0.008 s - in org.apache.ibatis.submitted.flush_statement_npe.FlushStatementNpeTest
[INFO] Running org.apache.ibatis.submitted.foreach.ForEachTest
[INFO] Tests run: 7, Failures: 0, Errors: 0, Skipped: 0, Time elapsed: 0.021 s - in org.apache.ibatis.submitted.foreach.ForEachTest
[INFO] Running org.apache.ibatis.submitted.primitive_result_type.PrimitiveResultTypeTest
[INFO] Tests run: 2, Failures: 0, Errors: 0, Skipped: 0, Time elapsed: 3.231 s - in org.apache.ibatis.submitted.primitive_result_type.PrimitiveResultTypeTest
[INFO] Running org.apache.ibatis.submitted.nested_query_cache.NestedQueryCacheTest
[INFO] Tests run: 2, Failures: 0, Errors: 0, Skipped: 0, Time elapsed: 0.031 s - in org.apache.ibatis.submitted.nested_query_cache.NestedQueryCacheTest
[INFO] Running org.apache.ibatis.submitted.nested.NestedForEachTest
[INFO] Tests run: 5, Failures: 0, Errors: 0, Skipped: 0, Time elapsed: 0.017 s - in org.apache.ibatis.submitted.nested.NestedForEachTest
[INFO] Running org.apache.ibatis.submitted.immutable_constructor.ImmutablePOJOTest
[INFO] Tests run: 2, Failures: 0, Errors: 0, Skipped: 0, Time elapsed: 0.013 s - in org.apache.ibatis.submitted.immutable_constructor.ImmutablePOJOTest
[INFO] Running org.apache.ibatis.submitted.array_result_type.ArrayResultTypeTest
[INFO] Tests run: 4, Failures: 0, Errors: 0, Skipped: 0, Time elapsed: 0.013 s - in org.apache.ibatis.submitted.array_result_type.ArrayResultTypeTest
[INFO] Running org.apache.ibatis.submitted.usesjava8.use_actual_param_name.UseActualParamNameTest
[INFO] Tests run: 4, Failures: 0, Errors: 0, Skipped: 0, Time elapsed: 3.735 s - in org.apache.ibatis.submitted.usesjava8.use_actual_param_name.UseActualParamNameTest
[INFO] Running org.apache.ibatis.submitted.usesjava8.postgres_genkeys.PostgresGeneratedKeysTest

[INFO] Tests run: 3, Failures: 0, Errors: 0, Skipped: 0, Time elapsed: 0.435 s - in org.apache.ibatis.submitted.usesjava8.postgres_genkeys.PostgresGeneratedKeysTest
[INFO] Running org.apache.ibatis.submitted.usesjava8.default_method.DefaultMethodTest
[INFO] Tests run: 3, Failures: 0, Errors: 0, Skipped: 0, Time elapsed: 0.024 s - in org.apache.ibatis.submitted.usesjava8.default_method.DefaultMethodTest
[INFO] Running org.apache.ibatis.submitted.collectionparameters.CollectionParametersTest
[INFO] Tests run: 3, Failures: 0, Errors: 0, Skipped: 0, Time elapsed: 0.001 s - in org.apache.ibatis.submitted.collectionparameters.CollectionParametersTest
[INFO] Running org.apache.ibatis.submitted.cache.CacheTest
[INFO] Tests run: 10, Failures: 0, Errors: 0, Skipped: 0, Time elapsed: 0.103 s - in org.apache.ibatis.submitted.cache.CacheTest
[INFO] Running org.apache.ibatis.submitted.serializecircular.SerializeCircularTest
[INFO] Tests run: 4, Failures: 0, Errors: 0, Skipped: 0, Time elapsed: 0.088 s - in org.apache.ibatis.submitted.serializecircular.SerializeCircularTest
[INFO] Running org.apache.ibatis.submitted.heavy_initial_load.HeavyInitialLoadTest
[INFO] Tests run: 1, Failures: 0, Errors: 0, Skipped: 0, Time elapsed: 0.136 s - in org.apache.ibatis.submitted.heavy_initial_load.HeavyInitialLoadTest
[INFO] Running org.apache.ibatis.submitted.custom_collection_handling.CustomCollectionHandlingTest
[INFO] Tests run: 2, Failures: 0, Errors: 0, Skipped: 0, Time elapsed: 0.025 s - in org.apache.ibatis.submitted.custom_collection_handling.CustomCollectionHandlingTest
[INFO] Running org.apache.ibatis.submitted.inheritance.InheritanceTest
[INFO] Tests run: 1, Failures: 0, Errors: 0, Skipped: 0, Time elapsed: 0.01 s - in org.apache.ibatis.submitted.inheritance.InheritanceTest
[INFO] Running org.apache.ibatis.submitted.enumtypehandler_on_map.EnumTypeHandlerTest
[INFO] Tests run: 2, Failures: 0, Errors: 0, Skipped: 0, Time elapsed: 0.01 s - in org.apache.ibatis.submitted.enumtypehandler_on_map.EnumTypeHandlerTest
[INFO] Running org.apache.ibatis.submitted.nonexistentvariables.NonExistentVariablesTest
[INFO] Tests run: 1, Failures: 0, Errors: 0, Skipped: 0, Time elapsed: 0.011 s - in org.apache.ibatis.submitted.nonexistentvariables.NonExistentVariablesTest
[INFO] Running org.apache.ibatis.submitted.mapper_extend.MapperExtendTest
[INFO] Tests run: 6, Failures: 0, Errors: 0, Skipped: 0, Time elapsed: 0.016 s - in org.apache.ibatis.submitted.mapper_extend.MapperExtendTest
[INFO] Running org.apache.ibatis.submitted.complex_column.ComplexColumnTest
[INFO] Tests run: 6, Failures: 0, Errors: 0, Skipped: 0, Time elapsed: 0.007 s - in org.apache.ibatis.submitted.complex_column.ComplexColumnTest
[INFO] Running org.apache.ibatis.submitted.quotedcolumnnames.QuotedColumnNamesTest
[INFO] Tests run: 2, Failures: 0, Errors: 0, Skipped: 0, Time elapsed: 0.009 s - in org.apache.ibatis.submitted.quotedcolumnnames.QuotedColumnNamesTest
[INFO] Running org.apache.ibatis.submitted.simplelistparameter.SimpleListParameterTest
[INFO] Tests run: 3, Failures: 0, Errors: 0, Skipped: 0, Time elapsed: 0.011 s - in org.apache.ibatis.submitted.simplelistparameter.SimpleListParameterTest
[INFO] Running org.apache.ibatis.submitted.results_id.ResultsIdTest
[INFO] Tests run: 4, Failures: 0, Errors: 0, Skipped: 0, Time elapsed: 0.001 s - in org.apache.ibatis.submitted.results_id.ResultsIdTest
[INFO] Running org.apache.ibatis.submitted.results_id.IdConflictTest
[INFO] Tests run: 1, Failures: 0, Errors: 0, Skipped: 0, Time elapsed: 0.006 s - in org.apache.ibatis.submitted.results_id.IdConflictTest
[INFO] Running org.apache.ibatis.submitted.call_setters_on_nulls_again.MyBatisTest
[INFO] Tests run: 1, Failures: 0, Errors: 0, Skipped: 0, Time elapsed: 0.013 s - in org.apache.ibatis.submitted.call_setters_on_nulls_again.MyBatisTest
[INFO] Running org.apache.ibatis.submitted.keygen.Jdbc3KeyGeneratorTest
[WARNING] Tests run: 2, Failures: 0, Errors: 0, Skipped: 1, Time elapsed: 0.001 s - in org.apache.ibatis.submitted.keygen.Jdbc3KeyGeneratorTest
[INFO] Running org.apache.ibatis.submitted.map_class_name_conflict.MapperNameTest
[INFO] Tests run: 1, Failures: 0, Errors: 0, Skipped: 0, Time elapsed: 0.002 s - in org.apache.ibatis.submitted.map_class_name_conflict.MapperNameTest
[INFO] Running org.apache.ibatis.submitted.parametrizedlist.ParametrizedListTest
[INFO] Tests run: 4, Failures: 0, Errors: 0, Skipped: 0, Time elapsed: 0.024 s - in org.apache.ibatis.submitted.parametrizedlist.ParametrizedListTest
[INFO] Running org.apache.ibatis.submitted.named_constructor_args.InvalidNamedConstructorArgsTest
[INFO] Tests run: 3, Failures: 0, Errors: 0, Skipped: 0, Time elapsed: 0.006 s - in org.apache.ibatis.submitted.named_constructor_args.InvalidNamedConstructorArgsTest
[INFO] Running org.apache.ibatis.submitted.named_constructor_args.usesjava8.NamedConstructorArgsUseActualNameTest
[INFO] Tests run: 2, Failures: 0, Errors: 0, Skipped: 0, Time elapsed: 0.004 s - in org.apache.ibatis.submitted.named_constructor_args.usesjava8.NamedConstructorArgsUseActualNameTest
[INFO] Running org.apache.ibatis.submitted.named_constructor_args.NamedConstructorArgsTest
[INFO] Tests run: 2, Failures: 0, Errors: 0, Skipped: 0, Time elapsed: 0.01 s - in org.apache.ibatis.submitted.named_constructor_args.NamedConstructorArgsTest
[INFO] Running org.apache.ibatis.submitted.javassist.JavassistTest
[INFO] Tests run: 1, Failures: 0, Errors: 0, Skipped: 0, Time elapsed: 0.007 s - in org.apache.ibatis.submitted.javassist.JavassistTest
[INFO] Running org.apache.ibatis.submitted.nestedresulthandler_association.NestedResultHandlerAssociationTest
[INFO] Tests run: 2, Failures: 0, Errors: 0, Skipped: 0, Time elapsed: 0.001 s - in org.apache.ibatis.submitted.nestedresulthandler_association.NestedResultHandlerAssociationTest
[INFO] Running org.apache.ibatis.submitted.xml_references.EnumWithOgnlTest
[INFO] Tests run: 2, Failures: 0, Errors: 0, Skipped: 0, Time elapsed: 0.008 s - in org.apache.ibatis.submitted.xml_references.EnumWithOgnlTest
[INFO] Running org.apache.ibatis.submitted.parent_reference_3level.BlogTest
[INFO] Tests run: 4, Failures: 0, Errors: 0, Skipped: 0, Time elapsed: 0.048 s - in org.apache.ibatis.submitted.parent_reference_3level.BlogTest
[INFO] Running org.apache.ibatis.submitted.basetest.BaseTest
[INFO] Tests run: 2, Failures: 0, Errors: 0, Skipped: 0, Time elapsed: 0.009 s - in org.apache.ibatis.submitted.basetest.BaseTest
[INFO] Running org.apache.ibatis.submitted.encoding.EncodingTest
[INFO] Tests run: 2, Failures: 0, Errors: 0, Skipped: 0, Time elapsed: 0.009 s - in org.apache.ibatis.submitted.encoding.EncodingTest
[INFO] Running org.apache.ibatis.submitted.associationtype.AssociationTypeTest
[INFO] Tests run: 1, Failures: 0, Errors: 0, Skipped: 0, Time elapsed: 0.009 s - in org.apache.ibatis.submitted.associationtype.AssociationTypeTest
[INFO] Running org.apache.ibatis.submitted.enum_interface_type_handler.EnumInterfaceTypeHandlerTest
[INFO] Tests run: 2, Failures: 0, Errors: 0, Skipped: 0, Time elapsed: 0.012 s - in org.apache.ibatis.submitted.enum_interface_type_handler.EnumInterfaceTypeHandlerTest
[INFO] Running org.apache.ibatis.submitted.not_null_column.NotNullColumnTest
[INFO] Tests run: 8, Failures: 0, Errors: 0, Skipped: 0, Time elapsed: 0.003 s - in org.apache.ibatis.submitted.not_null_column.NotNullColumnTest
[INFO] Running org.apache.ibatis.submitted.duplicate_statements.DuplicateStatementsTest
[WARNING] Tests run: 5, Failures: 0, Errors: 0, Skipped: 2, Time elapsed: 0.026 s - in org.apache.ibatis.submitted.duplicate_statements.DuplicateStatementsTest
[INFO] Running org.apache.ibatis.submitted.substitution_in_annots.SubstitutionInAnnotsTest
[INFO] Tests run: 4, Failures: 0, Errors: 0, Skipped: 0, Time elapsed: 0.012 s - in org.apache.ibatis.submitted.substitution_in_annots.SubstitutionInAnnotsTest
[INFO] Running org.apache.ibatis.submitted.cacheorder.CacheOrderTest
[INFO] Tests run: 1, Failures: 0, Errors: 0, Skipped: 0, Time elapsed: 0.009 s - in org.apache.ibatis.submitted.cacheorder.CacheOrderTest
[INFO] Running org.apache.ibatis.submitted.dml_return_types.DmlMapperReturnTypesTest
[INFO] Tests run: 7, Failures: 0, Errors: 0, Skipped: 0, Time elapsed: 0.001 s - in org.apache.ibatis.submitted.dml_return_types.DmlMapperReturnTypesTest
[INFO] Running org.apache.ibatis.submitted.multidb.ProviderTest
[INFO] Tests run: 2, Failures: 0, Errors: 0, Skipped: 0, Time elapsed: 0.014 s - in org.apache.ibatis.submitted.multidb.ProviderTest
[INFO] Running org.apache.ibatis.submitted.multidb.MultiDbTest
[INFO] Tests run: 6, Failures: 0, Errors: 0, Skipped: 0, Time elapsed: 0.007 s - in org.apache.ibatis.submitted.multidb.MultiDbTest
[INFO] Running org.apache.ibatis.submitted.camelcase.CamelCaseMappingTest
[INFO] Tests run: 2, Failures: 0, Errors: 0, Skipped: 0, Time elapsed: 0 s - in org.apache.ibatis.submitted.camelcase.CamelCaseMappingTest
[INFO] Running org.apache.ibatis.submitted.blocking_cache.BlockingCacheTest
[INFO] Tests run: 1, Failures: 0, Errors: 0, Skipped: 0, Time elapsed: 1.017 s - in org.apache.ibatis.submitted.blocking_cache.BlockingCacheTest
[INFO] Running org.apache.ibatis.submitted.ognlstatic.OgnlStaticTest
[INFO] Tests run: 2, Failures: 0, Errors: 0, Skipped: 0, Time elapsed: 0.002 s - in org.apache.ibatis.submitted.ognlstatic.OgnlStaticTest
[INFO] Running org.apache.ibatis.submitted.lazy_deserialize.LazyDeserializeTest
Error executing: CREATE TABLE table_foo (
    id      INTEGER PRIMARY KEY,
    id_bar  INTEGER NOT NULL)
.  Cause: java.sql.SQLSyntaxErrorException: object name already exists: TABLE_FOO in statement [CREATE TABLE table_foo (
    id      INTEGER PRIMARY KEY,
    id_bar  INTEGER NOT NULL)
]
Error executing: CREATE TABLE table_bar (
    id      INTEGER PRIMARY KEY)
.  Cause: java.sql.SQLSyntaxErrorException: object name already exists: TABLE_BAR in statement [CREATE TABLE table_bar (
    id      INTEGER PRIMARY KEY)
]
Error executing: ALTER TABLE table_foo ADD CONSTRAINT bar_fk
FOREIGN KEY (id_bar) REFERENCES table_bar (id)
ON UPDATE CASCADE ON DELETE RESTRICT
.  Cause: java.sql.SQLSyntaxErrorException: object name already exists: BAR_FK in statement [ALTER TABLE table_foo ADD CONSTRAINT bar_fk
FOREIGN KEY (id_bar) REFERENCES table_bar (id)
ON UPDATE CASCADE ON DELETE RESTRICT
]
Error executing: INSERT INTO table_bar (id) VALUES (10)
.  Cause: java.sql.SQLIntegrityConstraintViolationException: integrity constraint violation: unique constraint or index violation; SYS_PK_10096 table: TABLE_BAR
Error executing: INSERT INTO table_foo (id, id_bar) VALUES (1, 10)
.  Cause: java.sql.SQLIntegrityConstraintViolationException: integrity constraint violation: unique constraint or index violation; SYS_PK_10092 table: TABLE_FOO
[INFO] Tests run: 2, Failures: 0, Errors: 0, Skipped: 0, Time elapsed: 0.027 s - in org.apache.ibatis.submitted.lazy_deserialize.LazyDeserializeTest
[INFO] Running org.apache.ibatis.submitted.cursor_nested.CursorNestedTest
[INFO] Tests run: 2, Failures: 0, Errors: 0, Skipped: 0, Time elapsed: 0.014 s - in org.apache.ibatis.submitted.cursor_nested.CursorNestedTest
[INFO] Running org.apache.ibatis.submitted.sqlprovider.SqlProviderTest
[INFO] Tests run: 29, Failures: 0, Errors: 0, Skipped: 0, Time elapsed: 0.027 s - in org.apache.ibatis.submitted.sqlprovider.SqlProviderTest
[INFO] Running org.apache.ibatis.submitted.column_forwarding.ColumnForwardingTest
[INFO] Tests run: 2, Failures: 0, Errors: 0, Skipped: 0, Time elapsed: 0.001 s - in org.apache.ibatis.submitted.column_forwarding.ColumnForwardingTest
[INFO] Running org.apache.ibatis.submitted.association_nested.FolderMapperTest
[INFO] Tests run: 1, Failures: 0, Errors: 0, Skipped: 0, Time elapsed: 0.006 s - in org.apache.ibatis.submitted.association_nested.FolderMapperTest
[INFO] Running org.apache.ibatis.datasource.jndi.JndiDataSourceFactoryTest
[INFO] Tests run: 1, Failures: 0, Errors: 0, Skipped: 0, Time elapsed: 0.001 s - in org.apache.ibatis.datasource.jndi.JndiDataSourceFactoryTest
[INFO] Running org.apache.ibatis.datasource.unpooled.UnpooledDataSourceTest
[WARNING] Tests run: 2, Failures: 0, Errors: 0, Skipped: 1, Time elapsed: 0.004 s - in org.apache.ibatis.datasource.unpooled.UnpooledDataSourceTest
[INFO] Running org.apache.ibatis.type.CharacterTypeHandlerTest
[INFO] Tests run: 8, Failures: 0, Errors: 0, Skipped: 0, Time elapsed: 0.067 s - in org.apache.ibatis.type.CharacterTypeHandlerTest
[INFO] Running org.apache.ibatis.type.BlobTypeHandlerTest
[INFO] Tests run: 7, Failures: 0, Errors: 0, Skipped: 0, Time elapsed: 0.01 s - in org.apache.ibatis.type.BlobTypeHandlerTest
[INFO] Running org.apache.ibatis.type.EnumOrdinalTypeHandlerTest
[INFO] Tests run: 8, Failures: 0, Errors: 0, Skipped: 0, Time elapsed: 0.002 s - in org.apache.ibatis.type.EnumOrdinalTypeHandlerTest
[INFO] Running org.apache.ibatis.type.NClobTypeHandlerTest
[INFO] Tests run: 7, Failures: 0, Errors: 0, Skipped: 0, Time elapsed: 0.01 s - in org.apache.ibatis.type.NClobTypeHandlerTest
[INFO] Running org.apache.ibatis.type.SimpleTypeRegistryTest
[INFO] Tests run: 3, Failures: 0, Errors: 0, Skipped: 0, Time elapsed: 0.001 s - in org.apache.ibatis.type.SimpleTypeRegistryTest
[INFO] Running org.apache.ibatis.type.LongTypeHandlerTest
[INFO] Tests run: 4, Failures: 0, Errors: 0, Skipped: 0, Time elapsed: 0 s - in org.apache.ibatis.type.LongTypeHandlerTest
[INFO] Running org.apache.ibatis.type.BooleanTypeHandlerTest
[INFO] Tests run: 4, Failures: 0, Errors: 0, Skipped: 0, Time elapsed: 0.001 s - in org.apache.ibatis.type.BooleanTypeHandlerTest
[INFO] Running org.apache.ibatis.type.FloatTypeHandlerTest
[INFO] Tests run: 4, Failures: 0, Errors: 0, Skipped: 0, Time elapsed: 0.019 s - in org.apache.ibatis.type.FloatTypeHandlerTest
[INFO] Running org.apache.ibatis.type.UnknownTypeHandlerTest
[INFO] Tests run: 10, Failures: 0, Errors: 0, Skipped: 0, Time elapsed: 0.006 s - in org.apache.ibatis.type.UnknownTypeHandlerTest
[INFO] Running org.apache.ibatis.type.GenericTypeSupportedInHierarchiesTestCase
[INFO] Tests run: 1, Failures: 0, Errors: 0, Skipped: 0, Time elapsed: 0.001 s - in org.apache.ibatis.type.GenericTypeSupportedInHierarchiesTestCase
[INFO] Running org.apache.ibatis.type.ClobTypeHandlerTest
[INFO] Tests run: 7, Failures: 0, Errors: 0, Skipped: 0, Time elapsed: 0.003 s - in org.apache.ibatis.type.ClobTypeHandlerTest
[INFO] Running org.apache.ibatis.type.TimeOnlyTypeHandlerTest
[INFO] Tests run: 7, Failures: 0, Errors: 0, Skipped: 0, Time elapsed: 0.003 s - in org.apache.ibatis.type.TimeOnlyTypeHandlerTest
[INFO] Running org.apache.ibatis.type.JdbcTypeTest
[INFO] Tests run: 2, Failures: 0, Errors: 0, Skipped: 0, Time elapsed: 0 s - in org.apache.ibatis.type.JdbcTypeTest
[INFO] Running org.apache.ibatis.type.ObjectTypeHandlerTest
[INFO] Tests run: 4, Failures: 0, Errors: 0, Skipped: 0, Time elapsed: 0 s - in org.apache.ibatis.type.ObjectTypeHandlerTest
[INFO] Running org.apache.ibatis.type.TypeHandlerRegistryTest
[INFO] Tests run: 8, Failures: 0, Errors: 0, Skipped: 0, Time elapsed: 0.004 s - in org.apache.ibatis.type.TypeHandlerRegistryTest
[INFO] Running org.apache.ibatis.type.DateTypeHandlerTest
[INFO] Tests run: 7, Failures: 0, Errors: 0, Skipped: 0, Time elapsed: 0.003 s - in org.apache.ibatis.type.DateTypeHandlerTest
[INFO] Running org.apache.ibatis.type.NStringTypeHandlerTest
[INFO] Tests run: 4, Failures: 0, Errors: 0, Skipped: 0, Time elapsed: 0.001 s - in org.apache.ibatis.type.NStringTypeHandlerTest
[INFO] Running org.apache.ibatis.type.BlobByteObjectArrayTypeHandlerTest
[INFO] Tests run: 7, Failures: 0, Errors: 0, Skipped: 0, Time elapsed: 0.005 s - in org.apache.ibatis.type.BlobByteObjectArrayTypeHandlerTest
[INFO] Running org.apache.ibatis.type.SqlTimetampTypeHandlerTest
[INFO] Tests run: 4, Failures: 0, Errors: 0, Skipped: 0, Time elapsed: 0.001 s - in org.apache.ibatis.type.SqlTimetampTypeHandlerTest
[INFO] Running org.apache.ibatis.type.StringTypeHandlerTest
[INFO] Tests run: 4, Failures: 0, Errors: 0, Skipped: 0, Time elapsed: 0.001 s - in org.apache.ibatis.type.StringTypeHandlerTest
[INFO] Running org.apache.ibatis.type.ByteTypeHandlerTest
[INFO] Tests run: 4, Failures: 0, Errors: 0, Skipped: 0, Time elapsed: 0.012 s - in org.apache.ibatis.type.ByteTypeHandlerTest
[INFO] Running org.apache.ibatis.type.usesjava8.YearTypeHandlerTest
[INFO] Tests run: 7, Failures: 0, Errors: 0, Skipped: 0, Time elapsed: 0.003 s - in org.apache.ibatis.type.usesjava8.YearTypeHandlerTest
[INFO] Running org.apache.ibatis.type.usesjava8.OffsetTimeTypeHandlerTest
[INFO] Tests run: 7, Failures: 0, Errors: 0, Skipped: 0, Time elapsed: 0.002 s - in org.apache.ibatis.type.usesjava8.OffsetTimeTypeHandlerTest
[INFO] Running org.apache.ibatis.type.usesjava8.InstantTypeHandlerTest
[INFO] Tests run: 7, Failures: 0, Errors: 0, Skipped: 0, Time elapsed: 0.002 s - in org.apache.ibatis.type.usesjava8.InstantTypeHandlerTest
[INFO] Running org.apache.ibatis.type.usesjava8.YearMonthTypeHandlerTest
[INFO] Tests run: 7, Failures: 0, Errors: 0, Skipped: 0, Time elapsed: 0.004 s - in org.apache.ibatis.type.usesjava8.YearMonthTypeHandlerTest
[INFO] Running org.apache.ibatis.type.usesjava8.LocalDateTimeTypeHandlerTest
[INFO] Tests run: 7, Failures: 0, Errors: 0, Skipped: 0, Time elapsed: 0.002 s - in org.apache.ibatis.type.usesjava8.LocalDateTimeTypeHandlerTest
[INFO] Running org.apache.ibatis.type.usesjava8.OffsetDateTimeTypeHandlerTest
[INFO] Tests run: 7, Failures: 0, Errors: 0, Skipped: 0, Time elapsed: 0.002 s - in org.apache.ibatis.type.usesjava8.OffsetDateTimeTypeHandlerTest
[INFO] Running org.apache.ibatis.type.usesjava8.Jsr310TypeHandlerRegistryTest
[INFO] Tests run: 1, Failures: 0, Errors: 0, Skipped: 0, Time elapsed: 0 s - in org.apache.ibatis.type.usesjava8.Jsr310TypeHandlerRegistryTest
[INFO] Running org.apache.ibatis.type.usesjava8.LocalTimeTypeHandlerTest
[INFO] Tests run: 7, Failures: 0, Errors: 0, Skipped: 0, Time elapsed: 0.001 s - in org.apache.ibatis.type.usesjava8.LocalTimeTypeHandlerTest
[INFO] Running org.apache.ibatis.type.usesjava8.MonthTypeHandlerTest
[INFO] Tests run: 7, Failures: 0, Errors: 0, Skipped: 0, Time elapsed: 0.004 s - in org.apache.ibatis.type.usesjava8.MonthTypeHandlerTest
[INFO] Running org.apache.ibatis.type.usesjava8.JapaneseDateTypeHandlerTest
[INFO] Tests run: 7, Failures: 0, Errors: 0, Skipped: 0, Time elapsed: 0.002 s - in org.apache.ibatis.type.usesjava8.JapaneseDateTypeHandlerTest
[INFO] Running org.apache.ibatis.type.usesjava8.ZonedDateTimeTypeHandlerTest
[INFO] Tests run: 7, Failures: 0, Errors: 0, Skipped: 0, Time elapsed: 0.002 s - in org.apache.ibatis.type.usesjava8.ZonedDateTimeTypeHandlerTest
[INFO] Running org.apache.ibatis.type.usesjava8.LocalDateTypeHandlerTest
[INFO] Tests run: 7, Failures: 0, Errors: 0, Skipped: 0, Time elapsed: 0.002 s - in org.apache.ibatis.type.usesjava8.LocalDateTypeHandlerTest
[INFO] Running org.apache.ibatis.type.ShortTypeHandlerTest
[INFO] Tests run: 4, Failures: 0, Errors: 0, Skipped: 0, Time elapsed: 0 s - in org.apache.ibatis.type.ShortTypeHandlerTest
[INFO] Running org.apache.ibatis.type.BigDecimalTypeHandlerTest
[INFO] Tests run: 4, Failures: 0, Errors: 0, Skipped: 0, Time elapsed: 0.001 s - in org.apache.ibatis.type.BigDecimalTypeHandlerTest
[INFO] Running org.apache.ibatis.type.DateOnlyTypeHandlerTest
[INFO] Tests run: 7, Failures: 0, Errors: 0, Skipped: 0, Time elapsed: 0.002 s - in org.apache.ibatis.type.DateOnlyTypeHandlerTest
[INFO] Running org.apache.ibatis.type.BigIntegerTypeHandlerTest
[INFO] Tests run: 7, Failures: 0, Errors: 0, Skipped: 0, Time elapsed: 0.002 s - in org.apache.ibatis.type.BigIntegerTypeHandlerTest
[INFO] Running org.apache.ibatis.type.SqlTimeTypeHandlerTest
[INFO] Tests run: 4, Failures: 0, Errors: 0, Skipped: 0, Time elapsed: 0.001 s - in org.apache.ibatis.type.SqlTimeTypeHandlerTest
[INFO] Running org.apache.ibatis.type.SqlDateTypeHandlerTest
[INFO] Tests run: 4, Failures: 0, Errors: 0, Skipped: 0, Time elapsed: 0.001 s - in org.apache.ibatis.type.SqlDateTypeHandlerTest
[INFO] Running org.apache.ibatis.type.IntegerTypeHandlerTest
[INFO] Tests run: 4, Failures: 0, Errors: 0, Skipped: 0, Time elapsed: 0.001 s - in org.apache.ibatis.type.IntegerTypeHandlerTest
[INFO] Running org.apache.ibatis.type.ByteArrayTypeHandlerTest
[INFO] Tests run: 4, Failures: 0, Errors: 0, Skipped: 0, Time elapsed: 0.002 s - in org.apache.ibatis.type.ByteArrayTypeHandlerTest
[INFO] Running org.apache.ibatis.type.DoubleTypeHandlerTest
[INFO] Tests run: 4, Failures: 0, Errors: 0, Skipped: 0, Time elapsed: 0.174 s - in org.apache.ibatis.type.DoubleTypeHandlerTest
[INFO] Running org.apache.ibatis.type.BlobInputStreamTypeHandlerTest
[INFO] Tests run: 8, Failures: 0, Errors: 0, Skipped: 0, Time elapsed: 0.028 s - in org.apache.ibatis.type.BlobInputStreamTypeHandlerTest
[INFO] Running org.apache.ibatis.type.ArrayTypeHandlerTest
[INFO] Tests run: 7, Failures: 0, Errors: 0, Skipped: 0, Time elapsed: 0.002 s - in org.apache.ibatis.type.ArrayTypeHandlerTest
[INFO] Running org.apache.ibatis.type.ByteObjectArrayTypeHandlerTest
[INFO] Tests run: 7, Failures: 0, Errors: 0, Skipped: 0, Time elapsed: 0.002 s - in org.apache.ibatis.type.ByteObjectArrayTypeHandlerTest
[INFO] Running org.apache.ibatis.type.TypeAliasRegistryTest
[INFO] Tests run: 6, Failures: 0, Errors: 0, Skipped: 0, Time elapsed: 0.001 s - in org.apache.ibatis.type.TypeAliasRegistryTest
[INFO] Running org.apache.ibatis.type.EnumTypeHandlerTest
[INFO] Tests run: 8, Failures: 0, Errors: 0, Skipped: 0, Time elapsed: 0.17 s - in org.apache.ibatis.type.EnumTypeHandlerTest
[INFO] Running org.apache.ibatis.type.ClobReaderTypeHandlerTest
[INFO] Tests run: 8, Failures: 0, Errors: 0, Skipped: 0, Time elapsed: 0.014 s - in org.apache.ibatis.type.ClobReaderTypeHandlerTest
[INFO] Running org.apache.ibatis.io.ClassLoaderWrapperTest
[INFO] Tests run: 9, Failures: 0, Errors: 0, Skipped: 0, Time elapsed: 0 s - in org.apache.ibatis.io.ClassLoaderWrapperTest
[INFO] Running org.apache.ibatis.io.VFSTest
[INFO] Tests run: 2, Failures: 0, Errors: 0, Skipped: 0, Time elapsed: 0 s - in org.apache.ibatis.io.VFSTest
[INFO] Running org.apache.ibatis.io.ExternalResourcesTest
[INFO] Tests run: 4, Failures: 0, Errors: 0, Skipped: 0, Time elapsed: 0.002 s - in org.apache.ibatis.io.ExternalResourcesTest
[INFO] Running org.apache.ibatis.io.ResourcesTest
[INFO] Tests run: 18, Failures: 0, Errors: 0, Skipped: 0, Time elapsed: 0.003 s - in org.apache.ibatis.io.ResourcesTest
[INFO] Running org.apache.ibatis.plugin.PluginTest
[INFO] Tests run: 2, Failures: 0, Errors: 0, Skipped: 0, Time elapsed: 5.783 s - in org.apache.ibatis.plugin.PluginTest
[INFO] Running org.apache.ibatis.binding.BindingTest
[WARNING] Tests run: 46, Failures: 0, Errors: 0, Skipped: 1, Time elapsed: 0.111 s - in org.apache.ibatis.binding.BindingTest
[INFO] Running org.apache.ibatis.binding.WrongMapperTest
[INFO] Tests run: 1, Failures: 0, Errors: 0, Skipped: 0, Time elapsed: 0 s - in org.apache.ibatis.binding.WrongMapperTest
[INFO] Running org.apache.ibatis.binding.WrongNamespacesTest
[INFO] Tests run: 2, Failures: 0, Errors: 0, Skipped: 0, Time elapsed: 0.205 s - in org.apache.ibatis.binding.WrongNamespacesTest
[INFO] Running org.apache.ibatis.binding.MapperMethodParamTest
[INFO] Tests run: 2, Failures: 0, Errors: 0, Skipped: 0, Time elapsed: 3.784 s - in org.apache.ibatis.binding.MapperMethodParamTest
[INFO] Running org.apache.ibatis.binding.FlushTest
[INFO] Tests run: 1, Failures: 0, Errors: 0, Skipped: 0, Time elapsed: 0.028 s - in org.apache.ibatis.binding.FlushTest
[INFO] Running org.apache.ibatis.cache.BaseCacheTest
[INFO] Tests run: 1, Failures: 0, Errors: 0, Skipped: 0, Time elapsed: 0 s - in org.apache.ibatis.cache.BaseCacheTest
[INFO] Running org.apache.ibatis.cache.PerpetualCacheTest
[INFO] Tests run: 4, Failures: 0, Errors: 0, Skipped: 0, Time elapsed: 0.06 s - in org.apache.ibatis.cache.PerpetualCacheTest
[INFO] Running org.apache.ibatis.cache.FifoCacheTest
[INFO] Tests run: 3, Failures: 0, Errors: 0, Skipped: 0, Time elapsed: 0 s - in org.apache.ibatis.cache.FifoCacheTest
[INFO] Running org.apache.ibatis.cache.SuperCacheTest
[INFO] Tests run: 1, Failures: 0, Errors: 0, Skipped: 0, Time elapsed: 0.611 s - in org.apache.ibatis.cache.SuperCacheTest
[INFO] Running org.apache.ibatis.cache.LruCacheTest
[INFO] Tests run: 3, Failures: 0, Errors: 0, Skipped: 0, Time elapsed: 0 s - in org.apache.ibatis.cache.LruCacheTest
[INFO] Running org.apache.ibatis.cache.WeakCacheTest
[INFO] Tests run: 4, Failures: 0, Errors: 0, Skipped: 0, Time elapsed: 0.34 s - in org.apache.ibatis.cache.WeakCacheTest
[INFO] Running org.apache.ibatis.cache.ScheduledCacheTest
[INFO] Tests run: 3, Failures: 0, Errors: 0, Skipped: 0, Time elapsed: 5.001 s - in org.apache.ibatis.cache.ScheduledCacheTest
[INFO] Running org.apache.ibatis.cache.SoftCacheTest
[INFO] Tests run: 4, Failures: 0, Errors: 0, Skipped: 0, Time elapsed: 5.881 s - in org.apache.ibatis.cache.SoftCacheTest
[INFO] Running org.apache.ibatis.cache.CacheKeyTest
[INFO] Tests run: 7, Failures: 0, Errors: 0, Skipped: 0, Time elapsed: 2.012 s - in org.apache.ibatis.cache.CacheKeyTest
[INFO] Running org.apache.ibatis.jdbc.SqlBuilderTest
[INFO] Tests run: 5, Failures: 0, Errors: 0, Skipped: 0, Time elapsed: 0.002 s - in org.apache.ibatis.jdbc.SqlBuilderTest
[INFO] Running org.apache.ibatis.jdbc.SqlRunnerTest
[INFO] Tests run: 6, Failures: 0, Errors: 0, Skipped: 0, Time elapsed: 2.392 s - in org.apache.ibatis.jdbc.SqlRunnerTest
[INFO] Running org.apache.ibatis.jdbc.SelectBuilderTest
[INFO] Tests run: 5, Failures: 0, Errors: 0, Skipped: 0, Time elapsed: 0 s - in org.apache.ibatis.jdbc.SelectBuilderTest
[INFO] Running org.apache.ibatis.jdbc.PooledDataSourceTest
[WARNING] Tests run: 4, Failures: 0, Errors: 0, Skipped: 1, Time elapsed: 0.003 s - in org.apache.ibatis.jdbc.PooledDataSourceTest
[INFO] Running org.apache.ibatis.jdbc.SQLTest
INSERT INTO TABLE_A
 (a, b)
VALUES (#{a}, #{b})
[INFO] Tests run: 23, Failures: 0, Errors: 0, Skipped: 0, Time elapsed: 0.005 s - in org.apache.ibatis.jdbc.SQLTest
[INFO] Running org.apache.ibatis.jdbc.NullTest
[INFO] Tests run: 1, Failures: 0, Errors: 0, Skipped: 0, Time elapsed: 0 s - in org.apache.ibatis.jdbc.NullTest
[INFO] Running org.apache.ibatis.jdbc.ScriptRunnerTest
-- @DELIMITER |
line 1;
line 2;


//  @DELIMITER  ;
line 3

-- //@deLimiTer $  blah
line 4

// //@DELIMITER %
line 5

-- @DELIMITER ||
line 1;
line 2;


//  @DELIMITER  ;
line 3

[WARNING] Tests run: 12, Failures: 0, Errors: 0, Skipped: 1, Time elapsed: 0.027 s - in org.apache.ibatis.jdbc.ScriptRunnerTest
[INFO] Running org.apache.ibatis.reflection.ReflectorTest
[INFO] Tests run: 14, Failures: 0, Errors: 0, Skipped: 0, Time elapsed: 0.007 s - in org.apache.ibatis.reflection.ReflectorTest
[INFO] Running org.apache.ibatis.reflection.ArrayUtilTest
[INFO] Tests run: 3, Failures: 0, Errors: 0, Skipped: 0, Time elapsed: 0 s - in org.apache.ibatis.reflection.ArrayUtilTest
[INFO] Running org.apache.ibatis.reflection.TypeParameterResolverTest
[INFO] Tests run: 33, Failures: 0, Errors: 0, Skipped: 0, Time elapsed: 0.005 s - in org.apache.ibatis.reflection.TypeParameterResolverTest
[INFO] Running org.apache.ibatis.reflection.MetaClassTest
[INFO] Tests run: 7, Failures: 0, Errors: 0, Skipped: 0, Time elapsed: 0 s - in org.apache.ibatis.reflection.MetaClassTest
[INFO] Running org.apache.ibatis.reflection.factory.DefaultObjectFactoryTest
[INFO] Tests run: 6, Failures: 0, Errors: 0, Skipped: 0, Time elapsed: 0.001 s - in org.apache.ibatis.reflection.factory.DefaultObjectFactoryTest
[INFO] Running org.apache.ibatis.reflection.MetaObjectTest
[INFO] Tests run: 25, Failures: 0, Errors: 0, Skipped: 0, Time elapsed: 0.007 s - in org.apache.ibatis.reflection.MetaObjectTest
[INFO] Running org.apache.ibatis.reflection.ExceptionUtilTest
[INFO] Tests run: 1, Failures: 0, Errors: 0, Skipped: 0, Time elapsed: 0 s - in org.apache.ibatis.reflection.ExceptionUtilTest
[INFO] Running org.apache.ibatis.builder.XmlConfigBuilderTest
[INFO] Tests run: 8, Failures: 0, Errors: 0, Skipped: 0, Time elapsed: 0.044 s - in org.apache.ibatis.builder.XmlConfigBuilderTest
[INFO] Running org.apache.ibatis.builder.ParameterExpressionTest
[INFO] Tests run: 13, Failures: 0, Errors: 0, Skipped: 0, Time elapsed: 0.001 s - in org.apache.ibatis.builder.ParameterExpressionTest
[INFO] Running org.apache.ibatis.builder.XmlMapperBuilderTest
[INFO] Tests run: 14, Failures: 0, Errors: 0, Skipped: 0, Time elapsed: 0.048 s - in org.apache.ibatis.builder.XmlMapperBuilderTest
[INFO] Running org.apache.ibatis.builder.xml.dynamic.DynamicSqlSourceTest
[INFO] Tests run: 24, Failures: 0, Errors: 0, Skipped: 0, Time elapsed: 72.497 s - in org.apache.ibatis.builder.xml.dynamic.DynamicSqlSourceTest
[INFO] Running org.apache.ibatis.builder.xml.dynamic.ExpressionEvaluatorTest
[INFO] Tests run: 8, Failures: 0, Errors: 0, Skipped: 0, Time elapsed: 0.006 s - in org.apache.ibatis.builder.xml.dynamic.ExpressionEvaluatorTest
[INFO] Running org.apache.ibatis.autoconstructor.AutoConstructorTest
[INFO] Tests run: 5, Failures: 0, Errors: 0, Skipped: 0, Time elapsed: 0.003 s - in org.apache.ibatis.autoconstructor.AutoConstructorTest
[INFO] Running org.apache.ibatis.transaction.managed.ManagedTransactionFactoryTest
[INFO] Tests run: 2, Failures: 0, Errors: 0, Skipped: 0, Time elapsed: 0.002 s - in org.apache.ibatis.transaction.managed.ManagedTransactionFactoryTest
[INFO] Running org.apache.ibatis.parsing.PropertyParserTest
[INFO] Tests run: 4, Failures: 0, Errors: 0, Skipped: 0, Time elapsed: 0 s - in org.apache.ibatis.parsing.PropertyParserTest
[INFO] Running org.apache.ibatis.parsing.GenericTokenParserTest
[WARNING] Tests run: 3, Failures: 0, Errors: 0, Skipped: 1, Time elapsed: 0.001 s - in org.apache.ibatis.parsing.GenericTokenParserTest
[INFO] Running org.apache.ibatis.parsing.XPathParserTest
[INFO] Tests run: 1, Failures: 0, Errors: 0, Skipped: 0, Time elapsed: 0.001 s - in org.apache.ibatis.parsing.XPathParserTest
[INFO] Running org.apache.ibatis.exceptions.GeneralExceptionsTest
[INFO] Tests run: 2, Failures: 0, Errors: 0, Skipped: 0, Time elapsed: 3.628 s - in org.apache.ibatis.exceptions.GeneralExceptionsTest
[INFO] Running org.apache.ibatis.session.AutoMappingUnknownColumnBehaviorTest
[ERROR] Tests run: 3, Failures: 0, Errors: 1, Skipped: 0, Time elapsed: 3.06 s <<< FAILURE! - in org.apache.ibatis.session.AutoMappingUnknownColumnBehaviorTest
[ERROR] warningCauseByUnknownPropertyType(org.apache.ibatis.session.AutoMappingUnknownColumnBehaviorTest)  Time elapsed: 0.011 s  <<< ERROR!
java.lang.NullPointerException
	at org.apache.ibatis.session.AutoMappingUnknownColumnBehaviorTest.warningCauseByUnknownPropertyType(AutoMappingUnknownColumnBehaviorTest.java:129)

[INFO] Running org.apache.ibatis.session.SqlSessionTest
[INFO] Tests run: 58, Failures: 0, Errors: 0, Skipped: 0, Time elapsed: 3.786 s - in org.apache.ibatis.session.SqlSessionTest
[INFO] Running org.apache.ibatis.session.SqlSessionManagerTest
[INFO] Tests run: 4, Failures: 0, Errors: 0, Skipped: 0, Time elapsed: 0.044 s - in org.apache.ibatis.session.SqlSessionManagerTest
[INFO] 
[INFO] Results:
[INFO] 
[ERROR] Errors: 
[ERROR]   AutoMappingUnknownColumnBehaviorTest.warningCauseByUnknownPropertyType:129 NullPointer
[INFO] 
[ERROR] Tests run: 1402, Failures: 0, Errors: 1, Skipped: 12
[INFO] 
[INFO] ------------------------------------------------------------------------
[INFO] BUILD FAILURE
[INFO] ------------------------------------------------------------------------
[INFO] Total time: 03:02 min
[INFO] Finished at: 2019-08-16T02:26:03+08:00
[INFO] ------------------------------------------------------------------------
[ERROR] Failed to execute goal org.apache.maven.plugins:maven-surefire-plugin:2.20:test (default-test) on project mybatis: There are test failures.
[ERROR] 
[ERROR] Please refer to /home/cgzhu/projects/gitslice/resources/facts/upgrade_jars_exp/_downloads/mybatis-3/target/surefire-reports for the individual test results.
[ERROR] Please refer to dump files (if any exist) [date]-jvmRun[N].dump, [date].dumpstream and [date]-jvmRun[N].dumpstream.
[ERROR] -> [Help 1]
[ERROR] 
[ERROR] To see the full stack trace of the errors, re-run Maven with the -e switch.
[ERROR] Re-run Maven using the -X switch to enable full debug logging.
[ERROR] 
[ERROR] For more information about the errors and possible solutions, please read the following articles:
[ERROR] [Help 1] http://cwiki.apache.org/confluence/display/MAVEN/MojoFailureException
[INFO] Build failures were ignored.
