[VERSION]: 1.4.199
[INFO] Scanning for projects...
[INFO] 
[INFO] -------------------< org.apache.commons:commons-csv >-------------------
[INFO] Building Apache Commons CSV 1.5
[INFO] --------------------------------[ jar ]---------------------------------
[INFO] 
[INFO] --- maven-clean-plugin:3.0.0:clean (default-clean) @ commons-csv ---
[INFO] Deleting /home/cgzhu/projects/gitslice/resources/facts/upgrade_jars_exp/_downloads/commons-csv/target
[INFO] 
[INFO] --- maven-dependency-plugin:2.10:list (default-cli) @ commons-csv ---
[INFO] 
[INFO] The following files have been resolved:
[INFO]    commons-io:commons-io:jar:2.5:test
[INFO]    org.apache.commons:commons-lang3:jar:3.6:test
[INFO]    org.hamcrest:hamcrest-core:jar:1.3:test
[INFO]    junit:junit:jar:4.12:test
[INFO]    com.h2database:h2:jar:1.4.199:test
[INFO] 
[INFO] 
[INFO] --- maven-enforcer-plugin:1.4.1:enforce (enforce-maven-3) @ commons-csv ---
[INFO] 
[INFO] --- build-helper-maven-plugin:1.10:parse-version (parse-version) @ commons-csv ---
[INFO] 
[INFO] --- maven-antrun-plugin:1.8:run (javadoc.resources) @ commons-csv ---
[INFO] Executing tasks

main:
     [copy] Copying 2 files to /home/cgzhu/projects/gitslice/resources/facts/upgrade_jars_exp/_downloads/commons-csv/target/apidocs/META-INF
[INFO] Executed tasks
[INFO] 
[INFO] --- maven-remote-resources-plugin:1.5:process (process-resource-bundles) @ commons-csv ---
[INFO] 
[INFO] --- buildnumber-maven-plugin:1.4:create (default) @ commons-csv ---
[INFO] Executing: /bin/sh -c cd '/home/cgzhu/projects/gitslice/resources/facts/upgrade_jars_exp/_downloads/commons-csv' && 'git' 'rev-parse' '--verify' 'HEAD'
[INFO] Working directory: /home/cgzhu/projects/gitslice/resources/facts/upgrade_jars_exp/_downloads/commons-csv
[INFO] Storing buildNumber: f76a1357057cd3caaf9b0904d9cc57ce384658a3 at timestamp: 1565780837675
[WARNING] Cannot get the branch information from the git repository: 
Detecting the current branch failed: fatal: ref HEAD is not a symbolic ref

[INFO] Executing: /bin/sh -c cd '/home/cgzhu/projects/gitslice/resources/facts/upgrade_jars_exp/_downloads/commons-csv' && 'git' 'rev-parse' '--verify' 'HEAD'
[INFO] Working directory: /home/cgzhu/projects/gitslice/resources/facts/upgrade_jars_exp/_downloads/commons-csv
[INFO] Storing buildScmBranch: UNKNOWN
[INFO] 
[INFO] --- maven-resources-plugin:2.7:resources (default-resources) @ commons-csv ---
[INFO] Using 'UTF-8' encoding to copy filtered resources.
[INFO] skip non existing resourceDirectory /home/cgzhu/projects/gitslice/resources/facts/upgrade_jars_exp/_downloads/commons-csv/src/main/resources
[INFO] Copying 2 resources to META-INF
[INFO] 
[INFO] --- maven-compiler-plugin:3.6.0:compile (default-compile) @ commons-csv ---
[INFO] Changes detected - recompiling the module!
[INFO] Compiling 11 source files to /home/cgzhu/projects/gitslice/resources/facts/upgrade_jars_exp/_downloads/commons-csv/target/classes
[INFO] 
[INFO] --- maven-bundle-plugin:3.0.1:manifest (bundle-manifest) @ commons-csv ---
[INFO] 
[INFO] --- animal-sniffer-maven-plugin:1.15:check (checkAPIcompatibility) @ commons-csv ---
[INFO] Checking unresolved references to org.codehaus.mojo.signature:java17:1.0
[INFO] 
[INFO] --- maven-resources-plugin:2.7:testResources (default-testResources) @ commons-csv ---
[INFO] Using 'UTF-8' encoding to copy filtered resources.
[INFO] Copying 14 resources
[INFO] Copying 2 resources to META-INF
[INFO] 
[INFO] --- maven-compiler-plugin:3.6.0:testCompile (default-testCompile) @ commons-csv ---
[INFO] Changes detected - recompiling the module!
[INFO] Compiling 19 source files to /home/cgzhu/projects/gitslice/resources/facts/upgrade_jars_exp/_downloads/commons-csv/target/test-classes
[INFO] -------------------------------------------------------------
[ERROR] COMPILATION ERROR : 
[INFO] -------------------------------------------------------------
[ERROR] /home/cgzhu/projects/gitslice/resources/facts/upgrade_jars_exp/_downloads/commons-csv/src/test/java/org/apache/commons/csv/CSVPrinterTest.java:[1282,53] cannot find symbol
  symbol:   method getResultSet()
  location: variable valueArrayTwo of type org.h2.value.ValueArray
[INFO] 1 error
[INFO] -------------------------------------------------------------
[INFO] ------------------------------------------------------------------------
[INFO] BUILD FAILURE
[INFO] ------------------------------------------------------------------------
[INFO] Total time: 2.966 s
[INFO] Finished at: 2019-08-14T19:07:19+08:00
[INFO] ------------------------------------------------------------------------
[ERROR] Failed to execute goal org.apache.maven.plugins:maven-compiler-plugin:3.6.0:testCompile (default-testCompile) on project commons-csv: Compilation failure
[ERROR] /home/cgzhu/projects/gitslice/resources/facts/upgrade_jars_exp/_downloads/commons-csv/src/test/java/org/apache/commons/csv/CSVPrinterTest.java:[1282,53] cannot find symbol
[ERROR]   symbol:   method getResultSet()
[ERROR]   location: variable valueArrayTwo of type org.h2.value.ValueArray
[ERROR] 
[ERROR] -> [Help 1]
[ERROR] 
[ERROR] To see the full stack trace of the errors, re-run Maven with the -e switch.
[ERROR] Re-run Maven using the -X switch to enable full debug logging.
[ERROR] 
[ERROR] For more information about the errors and possible solutions, please read the following articles:
[ERROR] [Help 1] http://cwiki.apache.org/confluence/display/MAVEN/MojoFailureException
[INFO] Build failures were ignored.
