NEW TEST CMD: java -cp /home/cgzhu/projects/gitslice/resources/facts/evosuite-eval-pipeline/../evosuite-eval-pipeline/gen-tests/ebean/org.slf4j=slf4j-api/evosuite-tests:/home/cgzhu/projects/gitslice/resources/facts/evosuite-eval-pipeline/_downloads/ebean/target/classes$(for i in $(ls /tmp/jars); do printf ':/tmp/jars/'$i;done):/home/cgzhu/projects/gitslice/resources/facts/evosuite-eval-pipeline/../evosuite-eval-pipeline/lib-jars/ebean/org.slf4j=slf4j-api/slf4j-api-2.0.0-alpha0.jar:/home/cgzhu/projects/gitslice/resources/facts/evosuite-eval-pipeline/evosuite-1.0.6.jar org.junit.runner.JUnitCore io.ebean.config.properties.LoadContext_ESTestJUnit version 4.12
SLF4J: No SLF4J providers were found.
SLF4J: Defaulting to no-operation (NOP) logger implementation
SLF4J: See http://www.slf4j.org/codes.html#noProviders for further details.
SLF4J: Class path contains SLF4J bindings targeting slf4j-api versions prior to 1.8.
SLF4J: Ignoring binding found at [jar:file:/tmp/jars/logback-classic-1.2.3.jar!/org/slf4j/impl/StaticLoggerBinder.class]
SLF4J: Ignoring binding found at [jar:file:/home/cgzhu/projects/gitslice/resources/facts/evosuite-eval-pipeline/evosuite-1.0.6.jar!/org/slf4j/impl/StaticLoggerBinder.class]
SLF4J: See http://www.slf4j.org/codes.html#ignoredBindings for an explanation.
........E....
Time: 0.241
There was 1 failure:
1) test10(io.ebean.config.properties.LoadContext_ESTest)
java.lang.AssertionError: expected:<116> but was:<3>
	at org.junit.Assert.fail(Assert.java:88)
	at org.junit.Assert.failNotEquals(Assert.java:834)
	at org.junit.Assert.assertEquals(Assert.java:645)
	at org.junit.Assert.assertEquals(Assert.java:631)
	at io.ebean.config.properties.LoadContext_ESTest.test10(LoadContext_ESTest.java:137)
	at sun.reflect.NativeMethodAccessorImpl.invoke0(Native Method)
	at sun.reflect.NativeMethodAccessorImpl.invoke(NativeMethodAccessorImpl.java:62)
	at sun.reflect.DelegatingMethodAccessorImpl.invoke(DelegatingMethodAccessorImpl.java:43)
	at java.lang.reflect.Method.invoke(Method.java:498)
	at org.junit.runners.model.FrameworkMethod$1.runReflectiveCall(FrameworkMethod.java:50)
	at org.junit.internal.runners.model.ReflectiveCallable.run(ReflectiveCallable.java:12)
	at org.junit.runners.model.FrameworkMethod.invokeExplosively(FrameworkMethod.java:47)
	at org.junit.internal.runners.statements.InvokeMethod.evaluate(InvokeMethod.java:17)
	at org.junit.internal.runners.statements.FailOnTimeout$CallableStatement.call(FailOnTimeout.java:298)
	at org.junit.internal.runners.statements.FailOnTimeout$CallableStatement.call(FailOnTimeout.java:292)
	at java.util.concurrent.FutureTask.run(FutureTask.java:266)
	at java.lang.Thread.run(Thread.java:748)

FAILURES!!!
Tests run: 12,  Failures: 1

