NEW TEST CMD: java -cp /home/cgzhu/projects/gitslice/resources/facts/evosuite-eval-pipeline/../evosuite-eval-pipeline/gen-tests/restheart/org.mongodb=mongodb-driver/evosuite-tests:/home/cgzhu/projects/gitslice/resources/facts/evosuite-eval-pipeline/_downloads/restheart/target/classes$(for i in $(ls /tmp/jars); do printf ':/tmp/jars/'$i;done):/home/cgzhu/projects/gitslice/resources/facts/evosuite-eval-pipeline/../evosuite-eval-pipeline/lib-jars/restheart/org.mongodb=mongodb-driver/mongodb-driver-3.11.0.jar:/home/cgzhu/projects/gitslice/resources/facts/evosuite-eval-pipeline/evosuite-1.0.6.jar org.junit.runner.JUnitCore org.restheart.handlers.files.GetBucketHandler_ESTestJUnit version 4.12
.E
Time: 0.002
There was 1 failure:
1) initializationError(org.junit.runner.JUnitCommandLineParseResult)
java.lang.IllegalArgumentException: Could not find class [org.restheart.handlers.files.GetBucketHandler_ESTest]
	at org.junit.runner.JUnitCommandLineParseResult.parseParameters(JUnitCommandLineParseResult.java:102)
	at org.junit.runner.JUnitCommandLineParseResult.parseArgs(JUnitCommandLineParseResult.java:50)
	at org.junit.runner.JUnitCommandLineParseResult.parse(JUnitCommandLineParseResult.java:44)
	at org.junit.runner.JUnitCore.runMain(JUnitCore.java:72)
	at org.junit.runner.JUnitCore.main(JUnitCore.java:36)
Caused by: java.lang.ClassNotFoundException: org.restheart.handlers.files.GetBucketHandler_ESTest
	at java.net.URLClassLoader.findClass(URLClassLoader.java:381)
	at java.lang.ClassLoader.loadClass(ClassLoader.java:424)
	at sun.misc.Launcher$AppClassLoader.loadClass(Launcher.java:335)
	at java.lang.ClassLoader.loadClass(ClassLoader.java:357)
	at java.lang.Class.forName0(Native Method)
	at java.lang.Class.forName(Class.java:348)
	at org.junit.internal.Classes.getClass(Classes.java:16)
	at org.junit.runner.JUnitCommandLineParseResult.parseParameters(JUnitCommandLineParseResult.java:100)
	... 4 more

FAILURES!!!
Tests run: 1,  Failures: 1

