NEW TEST CMD: java -cp /home/cgzhu/projects/gitslice/resources/facts/evosuite-eval-pipeline/../evosuite-eval-pipeline/gen-tests/secor/org.apache.hadoop=hadoop-common/evosuite-tests:/home/cgzhu/projects/gitslice/resources/facts/evosuite-eval-pipeline/_downloads/secor/target/classes$(for i in $(ls /tmp/jars); do printf ':/tmp/jars/'$i;done):/home/cgzhu/projects/gitslice/resources/facts/evosuite-eval-pipeline/../evosuite-eval-pipeline/lib-jars/secor/org.apache.hadoop=hadoop-common/hadoop-common-3.2.0.jar:/home/cgzhu/projects/gitslice/resources/facts/evosuite-eval-pipeline/evosuite-1.0.6.jar org.junit.runner.JUnitCore com.pinterest.secor.util.ReflectionUtil_ESTestJUnit version 4.11
SLF4J: Class path contains multiple SLF4J bindings.
SLF4J: Found binding in [jar:file:/tmp/jars/slf4j-log4j12-1.7.2.jar!/org/slf4j/impl/StaticLoggerBinder.class]
SLF4J: Found binding in [jar:file:/home/cgzhu/projects/gitslice/resources/facts/evosuite-eval-pipeline/evosuite-1.0.6.jar!/org/slf4j/impl/StaticLoggerBinder.class]
SLF4J: See http://www.slf4j.org/codes.html#multiple_bindings for an explanation.
SLF4J: Actual binding is of type [org.slf4j.impl.Log4jLoggerFactory]
log4j:WARN No appenders could be found for logger (org.evosuite.runtime.instrumentation.EvoClassLoader).
log4j:WARN Please initialize the log4j system properly.
log4j:WARN See http://logging.apache.org/log4j/1.2/faq.html#noconfig for more info.
....................E......
Time: 4.082
There was 1 failure:
1) test05(com.pinterest.secor.util.ReflectionUtil_ESTest)
org.evosuite.runtime.mock.java.lang.MockIllegalArgumentException: The class 'org.apache.hadoop.util.Shell' is not assignable to 'com.pinterest.secor.util.orc.schema.ORCScehmaProvider'.
	at com.pinterest.secor.util.ReflectionUtil.createORCSchemaProvider(ReflectionUtil.java:245)
	at com.pinterest.secor.util.ReflectionUtil_ESTest.test05(ReflectionUtil_ESTest.java:81)
	at sun.reflect.NativeMethodAccessorImpl.invoke0(Native Method)
	at sun.reflect.NativeMethodAccessorImpl.invoke(NativeMethodAccessorImpl.java:62)
	at sun.reflect.DelegatingMethodAccessorImpl.invoke(DelegatingMethodAccessorImpl.java:43)
	at java.lang.reflect.Method.invoke(Method.java:498)
	at org.junit.runners.model.FrameworkMethod$1.runReflectiveCall(FrameworkMethod.java:47)
	at org.junit.internal.runners.model.ReflectiveCallable.run(ReflectiveCallable.java:12)
	at org.junit.runners.model.FrameworkMethod.invokeExplosively(FrameworkMethod.java:44)
	at org.junit.internal.runners.statements.InvokeMethod.evaluate(InvokeMethod.java:17)
	at org.junit.internal.runners.statements.FailOnTimeout$StatementThread.run(FailOnTimeout.java:74)

FAILURES!!!
Tests run: 26,  Failures: 1

