NEW TEST CMD: java -cp /home/cgzhu/projects/gitslice/resources/facts/evosuite-eval-pipeline/../evosuite-eval-pipeline/gen-tests/secor/org.apache.hadoop=hadoop-common/evosuite-tests:/home/cgzhu/projects/gitslice/resources/facts/evosuite-eval-pipeline/_downloads/secor/target/classes$(for i in $(ls /tmp/jars); do printf ':/tmp/jars/'$i;done):/home/cgzhu/projects/gitslice/resources/facts/evosuite-eval-pipeline/../evosuite-eval-pipeline/lib-jars/secor/org.apache.hadoop=hadoop-common/hadoop-common-3.2.0.jar:/home/cgzhu/projects/gitslice/resources/facts/evosuite-eval-pipeline/evosuite-1.0.6.jar org.junit.runner.JUnitCore com.pinterest.secor.io.impl.SequenceFileReaderWriterFactory_ESTestJUnit version 4.11
SLF4J: Class path contains multiple SLF4J bindings.
SLF4J: Found binding in [jar:file:/tmp/jars/slf4j-log4j12-1.7.2.jar!/org/slf4j/impl/StaticLoggerBinder.class]
SLF4J: Found binding in [jar:file:/home/cgzhu/projects/gitslice/resources/facts/evosuite-eval-pipeline/evosuite-1.0.6.jar!/org/slf4j/impl/StaticLoggerBinder.class]
SLF4J: See http://www.slf4j.org/codes.html#multiple_bindings for an explanation.
SLF4J: Actual binding is of type [org.slf4j.impl.Log4jLoggerFactory]
log4j:WARN No appenders could be found for logger (org.evosuite.runtime.instrumentation.EvoClassLoader).
log4j:WARN Please initialize the log4j system properly.
log4j:WARN See http://logging.apache.org/log4j/1.2/faq.html#noconfig for more info.
.E.E.E.E.E.E.E.E.E.E
Time: 0.997
There were 10 failures:
1) test1(com.pinterest.secor.io.impl.SequenceFileReaderWriterFactory_ESTest)
java.lang.AssertionError: Exception was not thrown in org.apache.hadoop.fs.FileSystem$Cache$Key but in com.pinterest.secor.io.impl.SequenceFileReaderWriterFactory$SequenceFileWriter.<init>(SequenceFileReaderWriterFactory.java:94): java.lang.NoClassDefFoundError: com/ctc/wstx/io/InputBootstrapper
	at org.evosuite.runtime.EvoAssertions.assertThrownBy(EvoAssertions.java:112)
	at org.evosuite.runtime.EvoAssertions.verifyException(EvoAssertions.java:49)
	at com.pinterest.secor.io.impl.SequenceFileReaderWriterFactory_ESTest.test1(SequenceFileReaderWriterFactory_ESTest.java:56)
	at sun.reflect.NativeMethodAccessorImpl.invoke0(Native Method)
	at sun.reflect.NativeMethodAccessorImpl.invoke(NativeMethodAccessorImpl.java:62)
	at sun.reflect.DelegatingMethodAccessorImpl.invoke(DelegatingMethodAccessorImpl.java:43)
	at java.lang.reflect.Method.invoke(Method.java:498)
	at org.junit.runners.model.FrameworkMethod$1.runReflectiveCall(FrameworkMethod.java:47)
	at org.junit.internal.runners.model.ReflectiveCallable.run(ReflectiveCallable.java:12)
	at org.junit.runners.model.FrameworkMethod.invokeExplosively(FrameworkMethod.java:44)
	at org.junit.internal.runners.statements.InvokeMethod.evaluate(InvokeMethod.java:17)
	at org.junit.internal.runners.statements.FailOnTimeout$StatementThread.run(FailOnTimeout.java:74)
2) test0(com.pinterest.secor.io.impl.SequenceFileReaderWriterFactory_ESTest)
java.lang.NoClassDefFoundError: com/ctc/wstx/io/InputBootstrapper
	at com.pinterest.secor.io.impl.SequenceFileReaderWriterFactory$SequenceFileWriter.<init>(SequenceFileReaderWriterFactory.java:94)
	at com.pinterest.secor.io.impl.SequenceFileReaderWriterFactory_ESTest.test0(SequenceFileReaderWriterFactory_ESTest.java:28)
	at sun.reflect.NativeMethodAccessorImpl.invoke0(Native Method)
	at sun.reflect.NativeMethodAccessorImpl.invoke(NativeMethodAccessorImpl.java:62)
	at sun.reflect.DelegatingMethodAccessorImpl.invoke(DelegatingMethodAccessorImpl.java:43)
	at java.lang.reflect.Method.invoke(Method.java:498)
	at org.junit.runners.model.FrameworkMethod$1.runReflectiveCall(FrameworkMethod.java:47)
	at org.junit.internal.runners.model.ReflectiveCallable.run(ReflectiveCallable.java:12)
	at org.junit.runners.model.FrameworkMethod.invokeExplosively(FrameworkMethod.java:44)
	at org.junit.internal.runners.statements.InvokeMethod.evaluate(InvokeMethod.java:17)
	at org.junit.internal.runners.statements.FailOnTimeout$StatementThread.run(FailOnTimeout.java:74)
Caused by: java.lang.ClassNotFoundException: Class 'com/ctc/wstx/io/InputBootstrapper.class' should be in target project, but could not be found!
	at org.evosuite.runtime.instrumentation.EvoClassLoader.instrumentClass(EvoClassLoader.java:123)
	at org.evosuite.runtime.instrumentation.EvoClassLoader.loadClass(EvoClassLoader.java:92)
	... 11 more
Caused by: java.lang.ClassNotFoundException: Class 'com/ctc/wstx/io/InputBootstrapper.class' should be in target project, but could not be found!
	at org.evosuite.runtime.instrumentation.EvoClassLoader.instrumentClass(EvoClassLoader.java:109)
	... 12 more
3) test9(com.pinterest.secor.io.impl.SequenceFileReaderWriterFactory_ESTest)
java.lang.NoClassDefFoundError: com/ctc/wstx/io/InputBootstrapper
	at com.pinterest.secor.io.impl.SequenceFileReaderWriterFactory$SequenceFileReader.<init>(SequenceFileReaderWriterFactory.java:64)
	at com.pinterest.secor.io.impl.SequenceFileReaderWriterFactory.BuildFileReader(SequenceFileReaderWriterFactory.java:50)
	at com.pinterest.secor.io.impl.SequenceFileReaderWriterFactory_ESTest.test9(SequenceFileReaderWriterFactory_ESTest.java:197)
	at sun.reflect.NativeMethodAccessorImpl.invoke0(Native Method)
	at sun.reflect.NativeMethodAccessorImpl.invoke(NativeMethodAccessorImpl.java:62)
	at sun.reflect.DelegatingMethodAccessorImpl.invoke(DelegatingMethodAccessorImpl.java:43)
	at java.lang.reflect.Method.invoke(Method.java:498)
	at org.junit.runners.model.FrameworkMethod$1.runReflectiveCall(FrameworkMethod.java:47)
	at org.junit.internal.runners.model.ReflectiveCallable.run(ReflectiveCallable.java:12)
	at org.junit.runners.model.FrameworkMethod.invokeExplosively(FrameworkMethod.java:44)
	at org.junit.internal.runners.statements.InvokeMethod.evaluate(InvokeMethod.java:17)
	at org.junit.internal.runners.statements.FailOnTimeout$StatementThread.run(FailOnTimeout.java:74)
Caused by: java.lang.ClassNotFoundException: Class 'com/ctc/wstx/io/InputBootstrapper.class' should be in target project, but could not be found!
	at org.evosuite.runtime.instrumentation.EvoClassLoader.instrumentClass(EvoClassLoader.java:123)
	at org.evosuite.runtime.instrumentation.EvoClassLoader.loadClass(EvoClassLoader.java:92)
	... 12 more
Caused by: java.lang.ClassNotFoundException: Class 'com/ctc/wstx/io/InputBootstrapper.class' should be in target project, but could not be found!
	at org.evosuite.runtime.instrumentation.EvoClassLoader.instrumentClass(EvoClassLoader.java:109)
	... 13 more
4) test8(com.pinterest.secor.io.impl.SequenceFileReaderWriterFactory_ESTest)
java.lang.NoClassDefFoundError: com/ctc/wstx/io/InputBootstrapper
	at com.pinterest.secor.io.impl.SequenceFileReaderWriterFactory$SequenceFileWriter.<init>(SequenceFileReaderWriterFactory.java:94)
	at com.pinterest.secor.io.impl.SequenceFileReaderWriterFactory.BuildFileWriter(SequenceFileReaderWriterFactory.java:55)
	at com.pinterest.secor.io.impl.SequenceFileReaderWriterFactory_ESTest.test8(SequenceFileReaderWriterFactory_ESTest.java:181)
	at sun.reflect.NativeMethodAccessorImpl.invoke0(Native Method)
	at sun.reflect.NativeMethodAccessorImpl.invoke(NativeMethodAccessorImpl.java:62)
	at sun.reflect.DelegatingMethodAccessorImpl.invoke(DelegatingMethodAccessorImpl.java:43)
	at java.lang.reflect.Method.invoke(Method.java:498)
	at org.junit.runners.model.FrameworkMethod$1.runReflectiveCall(FrameworkMethod.java:47)
	at org.junit.internal.runners.model.ReflectiveCallable.run(ReflectiveCallable.java:12)
	at org.junit.runners.model.FrameworkMethod.invokeExplosively(FrameworkMethod.java:44)
	at org.junit.internal.runners.statements.InvokeMethod.evaluate(InvokeMethod.java:17)
	at org.junit.internal.runners.statements.FailOnTimeout$StatementThread.run(FailOnTimeout.java:74)
Caused by: java.lang.ClassNotFoundException: Class 'com/ctc/wstx/io/InputBootstrapper.class' should be in target project, but could not be found!
	at org.evosuite.runtime.instrumentation.EvoClassLoader.instrumentClass(EvoClassLoader.java:123)
	at org.evosuite.runtime.instrumentation.EvoClassLoader.loadClass(EvoClassLoader.java:92)
	... 12 more
Caused by: java.lang.ClassNotFoundException: Class 'com/ctc/wstx/io/InputBootstrapper.class' should be in target project, but could not be found!
	at org.evosuite.runtime.instrumentation.EvoClassLoader.instrumentClass(EvoClassLoader.java:109)
	... 13 more
5) test7(com.pinterest.secor.io.impl.SequenceFileReaderWriterFactory_ESTest)
java.lang.NoClassDefFoundError: com/ctc/wstx/io/InputBootstrapper
	at com.pinterest.secor.io.impl.SequenceFileReaderWriterFactory$SequenceFileReader.<init>(SequenceFileReaderWriterFactory.java:64)
	at com.pinterest.secor.io.impl.SequenceFileReaderWriterFactory_ESTest.test7(SequenceFileReaderWriterFactory_ESTest.java:164)
	at sun.reflect.NativeMethodAccessorImpl.invoke0(Native Method)
	at sun.reflect.NativeMethodAccessorImpl.invoke(NativeMethodAccessorImpl.java:62)
	at sun.reflect.DelegatingMethodAccessorImpl.invoke(DelegatingMethodAccessorImpl.java:43)
	at java.lang.reflect.Method.invoke(Method.java:498)
	at org.junit.runners.model.FrameworkMethod$1.runReflectiveCall(FrameworkMethod.java:47)
	at org.junit.internal.runners.model.ReflectiveCallable.run(ReflectiveCallable.java:12)
	at org.junit.runners.model.FrameworkMethod.invokeExplosively(FrameworkMethod.java:44)
	at org.junit.internal.runners.statements.InvokeMethod.evaluate(InvokeMethod.java:17)
	at org.junit.internal.runners.statements.FailOnTimeout$StatementThread.run(FailOnTimeout.java:74)
Caused by: java.lang.ClassNotFoundException: Class 'com/ctc/wstx/io/InputBootstrapper.class' should be in target project, but could not be found!
	at org.evosuite.runtime.instrumentation.EvoClassLoader.instrumentClass(EvoClassLoader.java:123)
	at org.evosuite.runtime.instrumentation.EvoClassLoader.loadClass(EvoClassLoader.java:92)
	... 11 more
Caused by: java.lang.ClassNotFoundException: Class 'com/ctc/wstx/io/InputBootstrapper.class' should be in target project, but could not be found!
	at org.evosuite.runtime.instrumentation.EvoClassLoader.instrumentClass(EvoClassLoader.java:109)
	... 12 more
6) test6(com.pinterest.secor.io.impl.SequenceFileReaderWriterFactory_ESTest)
java.lang.NoClassDefFoundError: com/ctc/wstx/io/InputBootstrapper
	at com.pinterest.secor.io.impl.SequenceFileReaderWriterFactory$SequenceFileReader.<init>(SequenceFileReaderWriterFactory.java:64)
	at com.pinterest.secor.io.impl.SequenceFileReaderWriterFactory.BuildFileReader(SequenceFileReaderWriterFactory.java:50)
	at com.pinterest.secor.io.impl.SequenceFileReaderWriterFactory_ESTest.test6(SequenceFileReaderWriterFactory_ESTest.java:148)
	at sun.reflect.NativeMethodAccessorImpl.invoke0(Native Method)
	at sun.reflect.NativeMethodAccessorImpl.invoke(NativeMethodAccessorImpl.java:62)
	at sun.reflect.DelegatingMethodAccessorImpl.invoke(DelegatingMethodAccessorImpl.java:43)
	at java.lang.reflect.Method.invoke(Method.java:498)
	at org.junit.runners.model.FrameworkMethod$1.runReflectiveCall(FrameworkMethod.java:47)
	at org.junit.internal.runners.model.ReflectiveCallable.run(ReflectiveCallable.java:12)
	at org.junit.runners.model.FrameworkMethod.invokeExplosively(FrameworkMethod.java:44)
	at org.junit.internal.runners.statements.InvokeMethod.evaluate(InvokeMethod.java:17)
	at org.junit.internal.runners.statements.FailOnTimeout$StatementThread.run(FailOnTimeout.java:74)
Caused by: java.lang.ClassNotFoundException: Class 'com/ctc/wstx/io/InputBootstrapper.class' should be in target project, but could not be found!
	at org.evosuite.runtime.instrumentation.EvoClassLoader.instrumentClass(EvoClassLoader.java:123)
	at org.evosuite.runtime.instrumentation.EvoClassLoader.loadClass(EvoClassLoader.java:92)
	... 12 more
Caused by: java.lang.ClassNotFoundException: Class 'com/ctc/wstx/io/InputBootstrapper.class' should be in target project, but could not be found!
	at org.evosuite.runtime.instrumentation.EvoClassLoader.instrumentClass(EvoClassLoader.java:109)
	... 13 more
7) test5(com.pinterest.secor.io.impl.SequenceFileReaderWriterFactory_ESTest)
java.lang.NoClassDefFoundError: com/ctc/wstx/io/InputBootstrapper
	at com.pinterest.secor.io.impl.SequenceFileReaderWriterFactory$SequenceFileReader.<init>(SequenceFileReaderWriterFactory.java:64)
	at com.pinterest.secor.io.impl.SequenceFileReaderWriterFactory.BuildFileReader(SequenceFileReaderWriterFactory.java:50)
	at com.pinterest.secor.io.impl.SequenceFileReaderWriterFactory_ESTest.test5(SequenceFileReaderWriterFactory_ESTest.java:128)
	at sun.reflect.NativeMethodAccessorImpl.invoke0(Native Method)
	at sun.reflect.NativeMethodAccessorImpl.invoke(NativeMethodAccessorImpl.java:62)
	at sun.reflect.DelegatingMethodAccessorImpl.invoke(DelegatingMethodAccessorImpl.java:43)
	at java.lang.reflect.Method.invoke(Method.java:498)
	at org.junit.runners.model.FrameworkMethod$1.runReflectiveCall(FrameworkMethod.java:47)
	at org.junit.internal.runners.model.ReflectiveCallable.run(ReflectiveCallable.java:12)
	at org.junit.runners.model.FrameworkMethod.invokeExplosively(FrameworkMethod.java:44)
	at org.junit.internal.runners.statements.InvokeMethod.evaluate(InvokeMethod.java:17)
	at org.junit.internal.runners.statements.FailOnTimeout$StatementThread.run(FailOnTimeout.java:74)
Caused by: java.lang.ClassNotFoundException: Class 'com/ctc/wstx/io/InputBootstrapper.class' should be in target project, but could not be found!
	at org.evosuite.runtime.instrumentation.EvoClassLoader.instrumentClass(EvoClassLoader.java:123)
	at org.evosuite.runtime.instrumentation.EvoClassLoader.loadClass(EvoClassLoader.java:92)
	... 12 more
Caused by: java.lang.ClassNotFoundException: Class 'com/ctc/wstx/io/InputBootstrapper.class' should be in target project, but could not be found!
	at org.evosuite.runtime.instrumentation.EvoClassLoader.instrumentClass(EvoClassLoader.java:109)
	... 13 more
8) test4(com.pinterest.secor.io.impl.SequenceFileReaderWriterFactory_ESTest)
java.lang.AssertionError: Exception was not thrown in org.apache.hadoop.fs.FileSystem$Cache$Key but in com.pinterest.secor.io.impl.SequenceFileReaderWriterFactory$SequenceFileReader.<init>(SequenceFileReaderWriterFactory.java:64): java.lang.NoClassDefFoundError: com/ctc/wstx/io/InputBootstrapper
	at org.evosuite.runtime.EvoAssertions.assertThrownBy(EvoAssertions.java:112)
	at org.evosuite.runtime.EvoAssertions.verifyException(EvoAssertions.java:49)
	at com.pinterest.secor.io.impl.SequenceFileReaderWriterFactory_ESTest.test4(SequenceFileReaderWriterFactory_ESTest.java:117)
	at sun.reflect.NativeMethodAccessorImpl.invoke0(Native Method)
	at sun.reflect.NativeMethodAccessorImpl.invoke(NativeMethodAccessorImpl.java:62)
	at sun.reflect.DelegatingMethodAccessorImpl.invoke(DelegatingMethodAccessorImpl.java:43)
	at java.lang.reflect.Method.invoke(Method.java:498)
	at org.junit.runners.model.FrameworkMethod$1.runReflectiveCall(FrameworkMethod.java:47)
	at org.junit.internal.runners.model.ReflectiveCallable.run(ReflectiveCallable.java:12)
	at org.junit.runners.model.FrameworkMethod.invokeExplosively(FrameworkMethod.java:44)
	at org.junit.internal.runners.statements.InvokeMethod.evaluate(InvokeMethod.java:17)
	at org.junit.internal.runners.statements.FailOnTimeout$StatementThread.run(FailOnTimeout.java:74)
9) test3(com.pinterest.secor.io.impl.SequenceFileReaderWriterFactory_ESTest)
java.lang.NoClassDefFoundError: com/ctc/wstx/io/InputBootstrapper
	at com.pinterest.secor.io.impl.SequenceFileReaderWriterFactory$SequenceFileWriter.<init>(SequenceFileReaderWriterFactory.java:94)
	at com.pinterest.secor.io.impl.SequenceFileReaderWriterFactory.BuildFileWriter(SequenceFileReaderWriterFactory.java:55)
	at com.pinterest.secor.io.impl.SequenceFileReaderWriterFactory_ESTest.test3(SequenceFileReaderWriterFactory_ESTest.java:89)
	at sun.reflect.NativeMethodAccessorImpl.invoke0(Native Method)
	at sun.reflect.NativeMethodAccessorImpl.invoke(NativeMethodAccessorImpl.java:62)
	at sun.reflect.DelegatingMethodAccessorImpl.invoke(DelegatingMethodAccessorImpl.java:43)
	at java.lang.reflect.Method.invoke(Method.java:498)
	at org.junit.runners.model.FrameworkMethod$1.runReflectiveCall(FrameworkMethod.java:47)
	at org.junit.internal.runners.model.ReflectiveCallable.run(ReflectiveCallable.java:12)
	at org.junit.runners.model.FrameworkMethod.invokeExplosively(FrameworkMethod.java:44)
	at org.junit.internal.runners.statements.InvokeMethod.evaluate(InvokeMethod.java:17)
	at org.junit.internal.runners.statements.FailOnTimeout$StatementThread.run(FailOnTimeout.java:74)
Caused by: java.lang.ClassNotFoundException: Class 'com/ctc/wstx/io/InputBootstrapper.class' should be in target project, but could not be found!
	at org.evosuite.runtime.instrumentation.EvoClassLoader.instrumentClass(EvoClassLoader.java:123)
	at org.evosuite.runtime.instrumentation.EvoClassLoader.loadClass(EvoClassLoader.java:92)
	... 12 more
Caused by: java.lang.ClassNotFoundException: Class 'com/ctc/wstx/io/InputBootstrapper.class' should be in target project, but could not be found!
	at org.evosuite.runtime.instrumentation.EvoClassLoader.instrumentClass(EvoClassLoader.java:109)
	... 13 more
10) test2(com.pinterest.secor.io.impl.SequenceFileReaderWriterFactory_ESTest)
java.lang.NoClassDefFoundError: com/ctc/wstx/io/InputBootstrapper
	at com.pinterest.secor.io.impl.SequenceFileReaderWriterFactory$SequenceFileWriter.<init>(SequenceFileReaderWriterFactory.java:94)
	at com.pinterest.secor.io.impl.SequenceFileReaderWriterFactory.BuildFileWriter(SequenceFileReaderWriterFactory.java:55)
	at com.pinterest.secor.io.impl.SequenceFileReaderWriterFactory_ESTest.test2(SequenceFileReaderWriterFactory_ESTest.java:68)
	at sun.reflect.NativeMethodAccessorImpl.invoke0(Native Method)
	at sun.reflect.NativeMethodAccessorImpl.invoke(NativeMethodAccessorImpl.java:62)
	at sun.reflect.DelegatingMethodAccessorImpl.invoke(DelegatingMethodAccessorImpl.java:43)
	at java.lang.reflect.Method.invoke(Method.java:498)
	at org.junit.runners.model.FrameworkMethod$1.runReflectiveCall(FrameworkMethod.java:47)
	at org.junit.internal.runners.model.ReflectiveCallable.run(ReflectiveCallable.java:12)
	at org.junit.runners.model.FrameworkMethod.invokeExplosively(FrameworkMethod.java:44)
	at org.junit.internal.runners.statements.InvokeMethod.evaluate(InvokeMethod.java:17)
	at org.junit.internal.runners.statements.FailOnTimeout$StatementThread.run(FailOnTimeout.java:74)
Caused by: java.lang.ClassNotFoundException: Class 'com/ctc/wstx/io/InputBootstrapper.class' should be in target project, but could not be found!
	at org.evosuite.runtime.instrumentation.EvoClassLoader.instrumentClass(EvoClassLoader.java:123)
	at org.evosuite.runtime.instrumentation.EvoClassLoader.loadClass(EvoClassLoader.java:92)
	... 12 more
Caused by: java.lang.ClassNotFoundException: Class 'com/ctc/wstx/io/InputBootstrapper.class' should be in target project, but could not be found!
	at org.evosuite.runtime.instrumentation.EvoClassLoader.instrumentClass(EvoClassLoader.java:109)
	... 13 more

FAILURES!!!
Tests run: 10,  Failures: 10

