NEW TEST CMD: java -cp /home/cgzhu/projects/gitslice/resources/facts/evosuite-eval-pipeline/../evosuite-eval-pipeline/gen-tests/secor/org.apache.hadoop=hadoop-common/evosuite-tests:/home/cgzhu/projects/gitslice/resources/facts/evosuite-eval-pipeline/_downloads/secor/target/classes$(for i in $(ls /tmp/jars); do printf ':/tmp/jars/'$i;done):/home/cgzhu/projects/gitslice/resources/facts/evosuite-eval-pipeline/../evosuite-eval-pipeline/lib-jars/secor/org.apache.hadoop=hadoop-common/hadoop-common-3.2.0.jar:/home/cgzhu/projects/gitslice/resources/facts/evosuite-eval-pipeline/evosuite-1.0.6.jar org.junit.runner.JUnitCore com.pinterest.secor.io.impl.DelimitedTextFileReaderWriterFactory_ESTestJUnit version 4.11
SLF4J: Class path contains multiple SLF4J bindings.
SLF4J: Found binding in [jar:file:/tmp/jars/slf4j-log4j12-1.7.2.jar!/org/slf4j/impl/StaticLoggerBinder.class]
SLF4J: Found binding in [jar:file:/home/cgzhu/projects/gitslice/resources/facts/evosuite-eval-pipeline/evosuite-1.0.6.jar!/org/slf4j/impl/StaticLoggerBinder.class]
SLF4J: See http://www.slf4j.org/codes.html#multiple_bindings for an explanation.
SLF4J: Actual binding is of type [org.slf4j.impl.Log4jLoggerFactory]
log4j:WARN No appenders could be found for logger (org.evosuite.runtime.instrumentation.EvoClassLoader).
log4j:WARN Please initialize the log4j system properly.
log4j:WARN See http://logging.apache.org/log4j/1.2/faq.html#noconfig for more info.
.E..E.E.E...E..
Time: 1.753
There were 5 failures:
1) test1(com.pinterest.secor.io.impl.DelimitedTextFileReaderWriterFactory_ESTest)
java.lang.NoClassDefFoundError: Could not initialize class com.pinterest.secor.util.FileUtil
	at com.pinterest.secor.io.impl.DelimitedTextFileReaderWriterFactory$DelimitedTextFileReader.<init>(DelimitedTextFileReaderWriterFactory.java:67)
	at com.pinterest.secor.io.impl.DelimitedTextFileReaderWriterFactory_ESTest.test1(DelimitedTextFileReaderWriterFactory_ESTest.java:48)
	at sun.reflect.NativeMethodAccessorImpl.invoke0(Native Method)
	at sun.reflect.NativeMethodAccessorImpl.invoke(NativeMethodAccessorImpl.java:62)
	at sun.reflect.DelegatingMethodAccessorImpl.invoke(DelegatingMethodAccessorImpl.java:43)
	at java.lang.reflect.Method.invoke(Method.java:498)
	at org.junit.runners.model.FrameworkMethod$1.runReflectiveCall(FrameworkMethod.java:47)
	at org.junit.internal.runners.model.ReflectiveCallable.run(ReflectiveCallable.java:12)
	at org.junit.runners.model.FrameworkMethod.invokeExplosively(FrameworkMethod.java:44)
	at org.junit.internal.runners.statements.InvokeMethod.evaluate(InvokeMethod.java:17)
	at org.junit.internal.runners.statements.FailOnTimeout$StatementThread.run(FailOnTimeout.java:74)
2) test3(com.pinterest.secor.io.impl.DelimitedTextFileReaderWriterFactory_ESTest)
java.lang.NoClassDefFoundError: Could not initialize class com.pinterest.secor.util.FileUtil
	at com.pinterest.secor.io.impl.DelimitedTextFileReaderWriterFactory$DelimitedTextFileWriter.<init>(DelimitedTextFileReaderWriterFactory.java:109)
	at com.pinterest.secor.io.impl.DelimitedTextFileReaderWriterFactory.BuildFileWriter(DelimitedTextFileReaderWriterFactory.java:57)
	at com.pinterest.secor.io.impl.DelimitedTextFileReaderWriterFactory_ESTest.test3(DelimitedTextFileReaderWriterFactory_ESTest.java:88)
	at sun.reflect.NativeMethodAccessorImpl.invoke0(Native Method)
	at sun.reflect.NativeMethodAccessorImpl.invoke(NativeMethodAccessorImpl.java:62)
	at sun.reflect.DelegatingMethodAccessorImpl.invoke(DelegatingMethodAccessorImpl.java:43)
	at java.lang.reflect.Method.invoke(Method.java:498)
	at org.junit.runners.model.FrameworkMethod$1.runReflectiveCall(FrameworkMethod.java:47)
	at org.junit.internal.runners.model.ReflectiveCallable.run(ReflectiveCallable.java:12)
	at org.junit.runners.model.FrameworkMethod.invokeExplosively(FrameworkMethod.java:44)
	at org.junit.internal.runners.statements.InvokeMethod.evaluate(InvokeMethod.java:17)
	at org.junit.internal.runners.statements.FailOnTimeout$StatementThread.run(FailOnTimeout.java:74)
3) test2(com.pinterest.secor.io.impl.DelimitedTextFileReaderWriterFactory_ESTest)
java.lang.AssertionError: Exception was not thrown in org.apache.hadoop.fs.FileSystem$Cache$Key but in com.pinterest.secor.io.impl.DelimitedTextFileReaderWriterFactory$DelimitedTextFileWriter.<init>(DelimitedTextFileReaderWriterFactory.java:109): java.lang.NoClassDefFoundError: Could not initialize class com.pinterest.secor.util.FileUtil
	at org.evosuite.runtime.EvoAssertions.assertThrownBy(EvoAssertions.java:112)
	at org.evosuite.runtime.EvoAssertions.verifyException(EvoAssertions.java:49)
	at com.pinterest.secor.io.impl.DelimitedTextFileReaderWriterFactory_ESTest.test2(DelimitedTextFileReaderWriterFactory_ESTest.java:76)
	at sun.reflect.NativeMethodAccessorImpl.invoke0(Native Method)
	at sun.reflect.NativeMethodAccessorImpl.invoke(NativeMethodAccessorImpl.java:62)
	at sun.reflect.DelegatingMethodAccessorImpl.invoke(DelegatingMethodAccessorImpl.java:43)
	at java.lang.reflect.Method.invoke(Method.java:498)
	at org.junit.runners.model.FrameworkMethod$1.runReflectiveCall(FrameworkMethod.java:47)
	at org.junit.internal.runners.model.ReflectiveCallable.run(ReflectiveCallable.java:12)
	at org.junit.runners.model.FrameworkMethod.invokeExplosively(FrameworkMethod.java:44)
	at org.junit.internal.runners.statements.InvokeMethod.evaluate(InvokeMethod.java:17)
	at org.junit.internal.runners.statements.FailOnTimeout$StatementThread.run(FailOnTimeout.java:74)
4) test5(com.pinterest.secor.io.impl.DelimitedTextFileReaderWriterFactory_ESTest)
java.lang.AssertionError: Exception was not thrown in org.apache.hadoop.fs.FileSystem$Cache$Key but in com.pinterest.secor.io.impl.DelimitedTextFileReaderWriterFactory$DelimitedTextFileReader.<init>(DelimitedTextFileReaderWriterFactory.java:67): java.lang.NoClassDefFoundError: Could not initialize class com.pinterest.secor.util.FileUtil
	at org.evosuite.runtime.EvoAssertions.assertThrownBy(EvoAssertions.java:112)
	at org.evosuite.runtime.EvoAssertions.verifyException(EvoAssertions.java:49)
	at com.pinterest.secor.io.impl.DelimitedTextFileReaderWriterFactory_ESTest.test5(DelimitedTextFileReaderWriterFactory_ESTest.java:137)
	at sun.reflect.NativeMethodAccessorImpl.invoke0(Native Method)
	at sun.reflect.NativeMethodAccessorImpl.invoke(NativeMethodAccessorImpl.java:62)
	at sun.reflect.DelegatingMethodAccessorImpl.invoke(DelegatingMethodAccessorImpl.java:43)
	at java.lang.reflect.Method.invoke(Method.java:498)
	at org.junit.runners.model.FrameworkMethod$1.runReflectiveCall(FrameworkMethod.java:47)
	at org.junit.internal.runners.model.ReflectiveCallable.run(ReflectiveCallable.java:12)
	at org.junit.runners.model.FrameworkMethod.invokeExplosively(FrameworkMethod.java:44)
	at org.junit.internal.runners.statements.InvokeMethod.evaluate(InvokeMethod.java:17)
	at org.junit.internal.runners.statements.FailOnTimeout$StatementThread.run(FailOnTimeout.java:74)
5) test6(com.pinterest.secor.io.impl.DelimitedTextFileReaderWriterFactory_ESTest)
java.lang.NoClassDefFoundError: Could not initialize class com.pinterest.secor.util.FileUtil
	at com.pinterest.secor.io.impl.DelimitedTextFileReaderWriterFactory$DelimitedTextFileReader.<init>(DelimitedTextFileReaderWriterFactory.java:67)
	at com.pinterest.secor.io.impl.DelimitedTextFileReaderWriterFactory.BuildFileReader(DelimitedTextFileReaderWriterFactory.java:52)
	at com.pinterest.secor.io.impl.DelimitedTextFileReaderWriterFactory_ESTest.test6(DelimitedTextFileReaderWriterFactory_ESTest.java:151)
	at sun.reflect.NativeMethodAccessorImpl.invoke0(Native Method)
	at sun.reflect.NativeMethodAccessorImpl.invoke(NativeMethodAccessorImpl.java:62)
	at sun.reflect.DelegatingMethodAccessorImpl.invoke(DelegatingMethodAccessorImpl.java:43)
	at java.lang.reflect.Method.invoke(Method.java:498)
	at org.junit.runners.model.FrameworkMethod$1.runReflectiveCall(FrameworkMethod.java:47)
	at org.junit.internal.runners.model.ReflectiveCallable.run(ReflectiveCallable.java:12)
	at org.junit.runners.model.FrameworkMethod.invokeExplosively(FrameworkMethod.java:44)
	at org.junit.internal.runners.statements.InvokeMethod.evaluate(InvokeMethod.java:17)
	at org.junit.internal.runners.statements.FailOnTimeout$StatementThread.run(FailOnTimeout.java:74)

FAILURES!!!
Tests run: 10,  Failures: 5

