[VERSION]: 2.1
[INFO] Scanning for projects...
[WARNING] 
[WARNING] Some problems were encountered while building the effective model for org.bukkit:bukkit:jar:1.7.9-R0.2
[WARNING] Reporting configuration should be done in <reporting> section, not in maven-site-plugin <configuration> as reportPlugins parameter. @ line 69, column 32
[WARNING] 
[WARNING] It is highly recommended to fix these problems because they threaten the stability of your build.
[WARNING] 
[WARNING] For this reason, future Maven versions might no longer support building such malformed projects.
[WARNING] 
[INFO] 
[INFO] -------------------------< org.bukkit:bukkit >--------------------------
[INFO] Building Bukkit 1.7.9-R0.2
[INFO] --------------------------------[ jar ]---------------------------------
[INFO] 
[INFO] --- maven-clean-plugin:2.5:clean (default-clean) @ bukkit ---
[INFO] Deleting /home/cgzhu/projects/gitslice/resources/facts/upgrade_jars_exp/_downloads/Bukkit/target
[INFO] 
[INFO] --- maven-dependency-plugin:2.8:list (default-cli) @ bukkit ---
[INFO] 
[INFO] The following files have been resolved:
[INFO]    commons-lang:commons-lang:jar:2.3:compile
[INFO]    junit:junit:jar:4.11:test
[INFO]    com.google.guava:guava:jar:10.0.1:compile
[INFO]    org.yaml:snakeyaml:jar:1.9:compile
[INFO]    com.google.code.findbugs:jsr305:jar:1.3.9:compile
[INFO]    org.hamcrest:hamcrest-library:jar:2.1:test
[INFO]    org.hamcrest:hamcrest-core:jar:1.3:test
[INFO]    com.googlecode.json-simple:json-simple:jar:1.1:compile
[INFO]    org.avaje:ebean:jar:2.7.3:compile
[INFO]    javax.persistence:persistence-api:jar:1.0:compile
[INFO] 
[INFO] 
[INFO] --- maven-resources-plugin:2.6:resources (default-resources) @ bukkit ---
[INFO] Using 'UTF-8' encoding to copy filtered resources.
[INFO] skip non existing resourceDirectory /home/cgzhu/projects/gitslice/resources/facts/upgrade_jars_exp/_downloads/Bukkit/src/main/resources
[INFO] 
[INFO] --- maven-compiler-plugin:2.3.2:compile (default-compile) @ bukkit ---
[INFO] Compiling 641 source files to /home/cgzhu/projects/gitslice/resources/facts/upgrade_jars_exp/_downloads/Bukkit/target/classes
[INFO] 
[INFO] --- maven-resources-plugin:2.6:testResources (default-testResources) @ bukkit ---
[INFO] Using 'UTF-8' encoding to copy filtered resources.
[INFO] skip non existing resourceDirectory /home/cgzhu/projects/gitslice/resources/facts/upgrade_jars_exp/_downloads/Bukkit/src/test/resources
[INFO] 
[INFO] --- maven-compiler-plugin:2.3.2:testCompile (default-testCompile) @ bukkit ---
[INFO] Compiling 47 source files to /home/cgzhu/projects/gitslice/resources/facts/upgrade_jars_exp/_downloads/Bukkit/target/test-classes
[INFO] -------------------------------------------------------------
[ERROR] COMPILATION ERROR : 
[INFO] -------------------------------------------------------------
[ERROR] /home/cgzhu/projects/gitslice/resources/facts/upgrade_jars_exp/_downloads/Bukkit/src/test/java/org/bukkit/plugin/TimedRegisteredListenerTest.java:[3,26] error: cannot find symbol
[ERROR]  package org.hamcrest
/home/cgzhu/projects/gitslice/resources/facts/upgrade_jars_exp/_downloads/Bukkit/src/test/java/org/bukkit/util/StringUtilTest.java:[3,26] error: cannot find symbol
[ERROR]  package org.hamcrest
/home/cgzhu/projects/gitslice/resources/facts/upgrade_jars_exp/_downloads/Bukkit/src/test/java/org/bukkit/ArtTest.java:[4,26] error: cannot find symbol
[ERROR]  package org.hamcrest
/home/cgzhu/projects/gitslice/resources/facts/upgrade_jars_exp/_downloads/Bukkit/src/test/java/org/bukkit/ArtTest.java:[4,0] error: static import only from classes and interfaces
[ERROR] /home/cgzhu/projects/gitslice/resources/facts/upgrade_jars_exp/_downloads/Bukkit/src/test/java/org/bukkit/util/io/BukkitObjectStreamTest.java:[3,26] error: cannot find symbol
[ERROR]  package org.hamcrest
/home/cgzhu/projects/gitslice/resources/facts/upgrade_jars_exp/_downloads/Bukkit/src/test/java/org/bukkit/potion/PotionTest.java:[4,26] error: cannot find symbol
[ERROR]  package org.hamcrest
/home/cgzhu/projects/gitslice/resources/facts/upgrade_jars_exp/_downloads/Bukkit/src/test/java/org/bukkit/potion/PotionTest.java:[4,0] error: static import only from classes and interfaces
[ERROR] /home/cgzhu/projects/gitslice/resources/facts/upgrade_jars_exp/_downloads/Bukkit/src/test/java/org/bukkit/plugin/PluginManagerTest.java:[3,26] error: cannot find symbol
[ERROR]  package org.hamcrest
/home/cgzhu/projects/gitslice/resources/facts/upgrade_jars_exp/_downloads/Bukkit/src/test/java/org/bukkit/ColorTest.java:[3,26] error: cannot find symbol
[ERROR]  package org.hamcrest
/home/cgzhu/projects/gitslice/resources/facts/upgrade_jars_exp/_downloads/Bukkit/src/test/java/org/bukkit/LocationTest.java:[3,26] error: cannot find symbol
[ERROR]  package org.hamcrest
/home/cgzhu/projects/gitslice/resources/facts/upgrade_jars_exp/_downloads/Bukkit/src/test/java/org/bukkit/util/StringUtilStartsWithTest.java:[3,26] error: cannot find symbol
[ERROR]  package org.hamcrest
/home/cgzhu/projects/gitslice/resources/facts/upgrade_jars_exp/_downloads/Bukkit/src/test/java/org/bukkit/MaterialTest.java:[3,26] error: cannot find symbol
[ERROR]  package org.hamcrest
/home/cgzhu/projects/gitslice/resources/facts/upgrade_jars_exp/_downloads/Bukkit/src/test/java/org/bukkit/DyeColorTest.java:[4,26] error: cannot find symbol
[ERROR]  package org.hamcrest
/home/cgzhu/projects/gitslice/resources/facts/upgrade_jars_exp/_downloads/Bukkit/src/test/java/org/bukkit/plugin/TimedRegisteredListenerTest.java:[34,40] error: cannot find symbol
[ERROR]  class TimedRegisteredListenerTest
/home/cgzhu/projects/gitslice/resources/facts/upgrade_jars_exp/_downloads/Bukkit/src/test/java/org/bukkit/plugin/TimedRegisteredListenerTest.java:[37,40] error: cannot find symbol
[ERROR]  class TimedRegisteredListenerTest
/home/cgzhu/projects/gitslice/resources/facts/upgrade_jars_exp/_downloads/Bukkit/src/test/java/org/bukkit/plugin/TimedRegisteredListenerTest.java:[40,40] error: cannot find symbol
[ERROR]  class TimedRegisteredListenerTest
/home/cgzhu/projects/gitslice/resources/facts/upgrade_jars_exp/_downloads/Bukkit/src/test/java/org/bukkit/plugin/TimedRegisteredListenerTest.java:[43,40] error: cannot find symbol
[ERROR]  class TimedRegisteredListenerTest
/home/cgzhu/projects/gitslice/resources/facts/upgrade_jars_exp/_downloads/Bukkit/src/test/java/org/bukkit/plugin/TimedRegisteredListenerTest.java:[46,40] error: cannot find symbol
[ERROR]  class TimedRegisteredListenerTest
/home/cgzhu/projects/gitslice/resources/facts/upgrade_jars_exp/_downloads/Bukkit/src/test/java/org/bukkit/plugin/TimedRegisteredListenerTest.java:[51,40] error: cannot find symbol
[ERROR]  class TimedRegisteredListenerTest
/home/cgzhu/projects/gitslice/resources/facts/upgrade_jars_exp/_downloads/Bukkit/src/test/java/org/bukkit/plugin/TimedRegisteredListenerTest.java:[54,40] error: cannot find symbol
[ERROR]  class TimedRegisteredListenerTest
/home/cgzhu/projects/gitslice/resources/facts/upgrade_jars_exp/_downloads/Bukkit/src/test/java/org/bukkit/util/StringUtilTest.java:[47,73] error: cannot find symbol
[ERROR]  class StringUtilTest
/home/cgzhu/projects/gitslice/resources/facts/upgrade_jars_exp/_downloads/Bukkit/src/test/java/org/bukkit/util/StringUtilTest.java:[48,76] error: cannot find symbol
[ERROR]  class StringUtilTest
/home/cgzhu/projects/gitslice/resources/facts/upgrade_jars_exp/_downloads/Bukkit/src/test/java/org/bukkit/util/StringUtilTest.java:[49,32] error: cannot find symbol
[ERROR]  class StringUtilTest
/home/cgzhu/projects/gitslice/resources/facts/upgrade_jars_exp/_downloads/Bukkit/src/test/java/org/bukkit/ArtTest.java:[33,48] error: cannot find symbol
[ERROR]  class ArtTest
/home/cgzhu/projects/gitslice/resources/facts/upgrade_jars_exp/_downloads/Bukkit/src/test/java/org/bukkit/ArtTest.java:[34,47] error: cannot find symbol
[ERROR]  class ArtTest
/home/cgzhu/projects/gitslice/resources/facts/upgrade_jars_exp/_downloads/Bukkit/src/test/java/org/bukkit/util/io/BukkitObjectStreamTest.java:[135,27] error: cannot find symbol
[ERROR]  class BukkitObjectStreamTest
/home/cgzhu/projects/gitslice/resources/facts/upgrade_jars_exp/_downloads/Bukkit/src/test/java/org/bukkit/util/io/BukkitObjectStreamTest.java:[136,27] error: cannot find symbol
[ERROR]  class BukkitObjectStreamTest
/home/cgzhu/projects/gitslice/resources/facts/upgrade_jars_exp/_downloads/Bukkit/src/test/java/org/bukkit/util/io/BukkitObjectStreamTest.java:[167,35] error: cannot find symbol
[ERROR]  class BukkitObjectStreamTest
/home/cgzhu/projects/gitslice/resources/facts/upgrade_jars_exp/_downloads/Bukkit/src/test/java/org/bukkit/potion/PotionTest.java:[40,40] error: cannot find symbol
[ERROR]  class PotionTest
/home/cgzhu/projects/gitslice/resources/facts/upgrade_jars_exp/_downloads/Bukkit/src/test/java/org/bukkit/plugin/PluginManagerTest.java:[29,113] error: cannot find symbol
[ERROR]  class PluginManagerTest
/home/cgzhu/projects/gitslice/resources/facts/upgrade_jars_exp/_downloads/Bukkit/src/test/java/org/bukkit/plugin/PluginManagerTest.java:[59,35] error: cannot find symbol
[ERROR]  class PluginManagerTest
/home/cgzhu/projects/gitslice/resources/facts/upgrade_jars_exp/_downloads/Bukkit/src/test/java/org/bukkit/plugin/PluginManagerTest.java:[60,112] error: cannot find symbol
[ERROR]  class PluginManagerTest
/home/cgzhu/projects/gitslice/resources/facts/upgrade_jars_exp/_downloads/Bukkit/src/test/java/org/bukkit/plugin/PluginManagerTest.java:[158,88] error: cannot find symbol
[ERROR]  class PluginManagerTest
/home/cgzhu/projects/gitslice/resources/facts/upgrade_jars_exp/_downloads/Bukkit/src/test/java/org/bukkit/plugin/PluginManagerTest.java:[160,93] error: cannot find symbol
[ERROR]  class PluginManagerTest
/home/cgzhu/projects/gitslice/resources/facts/upgrade_jars_exp/_downloads/Bukkit/src/test/java/org/bukkit/plugin/PluginManagerTest.java:[166,88] error: cannot find symbol
[ERROR]  class PluginManagerTest
/home/cgzhu/projects/gitslice/resources/facts/upgrade_jars_exp/_downloads/Bukkit/src/test/java/org/bukkit/plugin/PluginManagerTest.java:[168,93] error: cannot find symbol
[ERROR]  class PluginManagerTest
/home/cgzhu/projects/gitslice/resources/facts/upgrade_jars_exp/_downloads/Bukkit/src/test/java/org/bukkit/plugin/PluginManagerTest.java:[174,43] error: cannot find symbol
[ERROR]  class PluginManagerTest
/home/cgzhu/projects/gitslice/resources/facts/upgrade_jars_exp/_downloads/Bukkit/src/test/java/org/bukkit/ColorTest.java:[51,67] error: cannot find symbol
[ERROR]  class ColorTest
/home/cgzhu/projects/gitslice/resources/facts/upgrade_jars_exp/_downloads/Bukkit/src/test/java/org/bukkit/ColorTest.java:[64,48] error: cannot find symbol
[ERROR]  class ColorTest
/home/cgzhu/projects/gitslice/resources/facts/upgrade_jars_exp/_downloads/Bukkit/src/test/java/org/bukkit/ColorTest.java:[65,48] error: cannot find symbol
[ERROR]  class ColorTest
/home/cgzhu/projects/gitslice/resources/facts/upgrade_jars_exp/_downloads/Bukkit/src/test/java/org/bukkit/ColorTest.java:[66,48] error: cannot find symbol
[ERROR]  class ColorTest
/home/cgzhu/projects/gitslice/resources/facts/upgrade_jars_exp/_downloads/Bukkit/src/test/java/org/bukkit/ColorTest.java:[67,49] error: cannot find symbol
[ERROR]  class ColorTest
/home/cgzhu/projects/gitslice/resources/facts/upgrade_jars_exp/_downloads/Bukkit/src/test/java/org/bukkit/ColorTest.java:[68,49] error: cannot find symbol
[ERROR]  class ColorTest
/home/cgzhu/projects/gitslice/resources/facts/upgrade_jars_exp/_downloads/Bukkit/src/test/java/org/bukkit/ColorTest.java:[69,48] error: cannot find symbol
[ERROR]  class ColorTest
/home/cgzhu/projects/gitslice/resources/facts/upgrade_jars_exp/_downloads/Bukkit/src/test/java/org/bukkit/ColorTest.java:[82,42] error: cannot find symbol
[ERROR]  class ColorTest
/home/cgzhu/projects/gitslice/resources/facts/upgrade_jars_exp/_downloads/Bukkit/src/test/java/org/bukkit/ColorTest.java:[85,51] error: cannot find symbol
[ERROR]  class ColorTest
/home/cgzhu/projects/gitslice/resources/facts/upgrade_jars_exp/_downloads/Bukkit/src/test/java/org/bukkit/ColorTest.java:[86,44] error: cannot find symbol
[ERROR]  class ColorTest
/home/cgzhu/projects/gitslice/resources/facts/upgrade_jars_exp/_downloads/Bukkit/src/test/java/org/bukkit/ColorTest.java:[95,77] error: cannot find symbol
[ERROR]  class ColorTest
/home/cgzhu/projects/gitslice/resources/facts/upgrade_jars_exp/_downloads/Bukkit/src/test/java/org/bukkit/ColorTest.java:[96,77] error: cannot find symbol
[ERROR]  class ColorTest
/home/cgzhu/projects/gitslice/resources/facts/upgrade_jars_exp/_downloads/Bukkit/src/test/java/org/bukkit/ColorTest.java:[97,101] error: cannot find symbol
[ERROR]  class ColorTest
/home/cgzhu/projects/gitslice/resources/facts/upgrade_jars_exp/_downloads/Bukkit/src/test/java/org/bukkit/ColorTest.java:[98,101] error: cannot find symbol
[ERROR]  class ColorTest
/home/cgzhu/projects/gitslice/resources/facts/upgrade_jars_exp/_downloads/Bukkit/src/test/java/org/bukkit/ColorTest.java:[126,77] error: cannot find symbol
[ERROR]  class ColorTest
/home/cgzhu/projects/gitslice/resources/facts/upgrade_jars_exp/_downloads/Bukkit/src/test/java/org/bukkit/ColorTest.java:[127,77] error: cannot find symbol
[ERROR]  class ColorTest
/home/cgzhu/projects/gitslice/resources/facts/upgrade_jars_exp/_downloads/Bukkit/src/test/java/org/bukkit/ColorTest.java:[128,101] error: cannot find symbol
[ERROR]  class ColorTest
/home/cgzhu/projects/gitslice/resources/facts/upgrade_jars_exp/_downloads/Bukkit/src/test/java/org/bukkit/ColorTest.java:[129,101] error: cannot find symbol
[ERROR]  class ColorTest
/home/cgzhu/projects/gitslice/resources/facts/upgrade_jars_exp/_downloads/Bukkit/src/test/java/org/bukkit/ColorTest.java:[157,78] error: cannot find symbol
[ERROR]  class ColorTest
/home/cgzhu/projects/gitslice/resources/facts/upgrade_jars_exp/_downloads/Bukkit/src/test/java/org/bukkit/ColorTest.java:[158,78] error: cannot find symbol
[ERROR]  class ColorTest
/home/cgzhu/projects/gitslice/resources/facts/upgrade_jars_exp/_downloads/Bukkit/src/test/java/org/bukkit/ColorTest.java:[159,102] error: cannot find symbol
[ERROR]  class ColorTest
/home/cgzhu/projects/gitslice/resources/facts/upgrade_jars_exp/_downloads/Bukkit/src/test/java/org/bukkit/ColorTest.java:[160,102] error: cannot find symbol
[ERROR]  class ColorTest
/home/cgzhu/projects/gitslice/resources/facts/upgrade_jars_exp/_downloads/Bukkit/src/test/java/org/bukkit/ColorTest.java:[228,79] error: cannot find symbol
[ERROR]  class ColorTest
/home/cgzhu/projects/gitslice/resources/facts/upgrade_jars_exp/_downloads/Bukkit/src/test/java/org/bukkit/ColorTest.java:[229,79] error: cannot find symbol
[ERROR]  class ColorTest
/home/cgzhu/projects/gitslice/resources/facts/upgrade_jars_exp/_downloads/Bukkit/src/test/java/org/bukkit/ColorTest.java:[230,103] error: cannot find symbol
[ERROR]  class ColorTest
/home/cgzhu/projects/gitslice/resources/facts/upgrade_jars_exp/_downloads/Bukkit/src/test/java/org/bukkit/ColorTest.java:[231,103] error: cannot find symbol
[ERROR]  class ColorTest
/home/cgzhu/projects/gitslice/resources/facts/upgrade_jars_exp/_downloads/Bukkit/src/test/java/org/bukkit/ColorTest.java:[299,80] error: cannot find symbol
[ERROR]  class ColorTest
/home/cgzhu/projects/gitslice/resources/facts/upgrade_jars_exp/_downloads/Bukkit/src/test/java/org/bukkit/ColorTest.java:[300,80] error: cannot find symbol
[ERROR]  class ColorTest
/home/cgzhu/projects/gitslice/resources/facts/upgrade_jars_exp/_downloads/Bukkit/src/test/java/org/bukkit/ColorTest.java:[301,104] error: cannot find symbol
[ERROR]  class ColorTest
/home/cgzhu/projects/gitslice/resources/facts/upgrade_jars_exp/_downloads/Bukkit/src/test/java/org/bukkit/ColorTest.java:[302,104] error: cannot find symbol
[ERROR]  class ColorTest
/home/cgzhu/projects/gitslice/resources/facts/upgrade_jars_exp/_downloads/Bukkit/src/test/java/org/bukkit/LocationTest.java:[169,50] error: cannot find symbol
[ERROR]  class LocationTest
/home/cgzhu/projects/gitslice/resources/facts/upgrade_jars_exp/_downloads/Bukkit/src/test/java/org/bukkit/LocationTest.java:[170,52] error: cannot find symbol
[ERROR]  class LocationTest
/home/cgzhu/projects/gitslice/resources/facts/upgrade_jars_exp/_downloads/Bukkit/src/test/java/org/bukkit/LocationTest.java:[177,37] error: cannot find symbol
[ERROR]  class LocationTest
/home/cgzhu/projects/gitslice/resources/facts/upgrade_jars_exp/_downloads/Bukkit/src/test/java/org/bukkit/LocationTest.java:[178,37] error: cannot find symbol
[ERROR]  class LocationTest
/home/cgzhu/projects/gitslice/resources/facts/upgrade_jars_exp/_downloads/Bukkit/src/test/java/org/bukkit/LocationTest.java:[179,37] error: cannot find symbol
[ERROR]  class LocationTest
/home/cgzhu/projects/gitslice/resources/facts/upgrade_jars_exp/_downloads/Bukkit/src/test/java/org/bukkit/util/StringUtilStartsWithTest.java:[84,115] error: cannot find symbol
[ERROR]  class StringUtilStartsWithTest
/home/cgzhu/projects/gitslice/resources/facts/upgrade_jars_exp/_downloads/Bukkit/src/test/java/org/bukkit/MaterialTest.java:[13,66] error: cannot find symbol
[ERROR]  class MaterialTest
/home/cgzhu/projects/gitslice/resources/facts/upgrade_jars_exp/_downloads/Bukkit/src/test/java/org/bukkit/MaterialTest.java:[23,63] error: cannot find symbol
[ERROR]  class MaterialTest
/home/cgzhu/projects/gitslice/resources/facts/upgrade_jars_exp/_downloads/Bukkit/src/test/java/org/bukkit/MaterialTest.java:[38,63] error: cannot find symbol
[ERROR]  class MaterialTest
/home/cgzhu/projects/gitslice/resources/facts/upgrade_jars_exp/_downloads/Bukkit/src/test/java/org/bukkit/MaterialTest.java:[39,63] error: cannot find symbol
[ERROR]  class MaterialTest
/home/cgzhu/projects/gitslice/resources/facts/upgrade_jars_exp/_downloads/Bukkit/src/test/java/org/bukkit/MaterialTest.java:[44,50] error: cannot find symbol
[ERROR]  class MaterialTest
/home/cgzhu/projects/gitslice/resources/facts/upgrade_jars_exp/_downloads/Bukkit/src/test/java/org/bukkit/MaterialTest.java:[52,57] error: cannot find symbol
[ERROR] 
    CAP#1 extends MaterialData from capture of ? extends MaterialData
/home/cgzhu/projects/gitslice/resources/facts/upgrade_jars_exp/_downloads/Bukkit/src/test/java/org/bukkit/MaterialTest.java:[67,81] error: cannot find symbol
[ERROR]  class MaterialTest
/home/cgzhu/projects/gitslice/resources/facts/upgrade_jars_exp/_downloads/Bukkit/src/test/java/org/bukkit/MaterialTest.java:[74,68] error: cannot find symbol
[ERROR]  class MaterialTest
/home/cgzhu/projects/gitslice/resources/facts/upgrade_jars_exp/_downloads/Bukkit/src/test/java/org/bukkit/MaterialTest.java:[82,53] error: cannot find symbol
[ERROR]  class MaterialTest
/home/cgzhu/projects/gitslice/resources/facts/upgrade_jars_exp/_downloads/Bukkit/src/test/java/org/bukkit/DyeColorTest.java:[38,27] error: cannot find symbol
[ERROR]  class DyeColorTest
/home/cgzhu/projects/gitslice/resources/facts/upgrade_jars_exp/_downloads/Bukkit/src/test/java/org/bukkit/DyeColorTest.java:[46,27] error: cannot find symbol
[ERROR]  class DyeColorTest
/home/cgzhu/projects/gitslice/resources/facts/upgrade_jars_exp/_downloads/Bukkit/src/test/java/org/bukkit/DyeColorTest.java:[54,27] error: cannot find symbol
[ERROR]  class DyeColorTest
/home/cgzhu/projects/gitslice/resources/facts/upgrade_jars_exp/_downloads/Bukkit/src/test/java/org/bukkit/DyeColorTest.java:[68,41] error: cannot find symbol
[INFO] 86 errors 
[INFO] -------------------------------------------------------------
[INFO] ------------------------------------------------------------------------
[INFO] BUILD FAILURE
[INFO] ------------------------------------------------------------------------
[INFO] Total time: 4.253 s
[INFO] Finished at: 2019-08-20T16:12:13+08:00
[INFO] ------------------------------------------------------------------------
[ERROR] Failed to execute goal org.apache.maven.plugins:maven-compiler-plugin:2.3.2:testCompile (default-testCompile) on project bukkit: Compilation failure: Compilation failure: 
[ERROR] /home/cgzhu/projects/gitslice/resources/facts/upgrade_jars_exp/_downloads/Bukkit/src/test/java/org/bukkit/plugin/TimedRegisteredListenerTest.java:[3,26] error: cannot find symbol
[ERROR]  package org.hamcrest
[ERROR] /home/cgzhu/projects/gitslice/resources/facts/upgrade_jars_exp/_downloads/Bukkit/src/test/java/org/bukkit/util/StringUtilTest.java:[3,26] error: cannot find symbol
[ERROR]  package org.hamcrest
[ERROR] /home/cgzhu/projects/gitslice/resources/facts/upgrade_jars_exp/_downloads/Bukkit/src/test/java/org/bukkit/ArtTest.java:[4,26] error: cannot find symbol
[ERROR]  package org.hamcrest
[ERROR] /home/cgzhu/projects/gitslice/resources/facts/upgrade_jars_exp/_downloads/Bukkit/src/test/java/org/bukkit/ArtTest.java:[4,0] error: static import only from classes and interfaces
[ERROR] /home/cgzhu/projects/gitslice/resources/facts/upgrade_jars_exp/_downloads/Bukkit/src/test/java/org/bukkit/util/io/BukkitObjectStreamTest.java:[3,26] error: cannot find symbol
[ERROR]  package org.hamcrest
[ERROR] /home/cgzhu/projects/gitslice/resources/facts/upgrade_jars_exp/_downloads/Bukkit/src/test/java/org/bukkit/potion/PotionTest.java:[4,26] error: cannot find symbol
[ERROR]  package org.hamcrest
[ERROR] /home/cgzhu/projects/gitslice/resources/facts/upgrade_jars_exp/_downloads/Bukkit/src/test/java/org/bukkit/potion/PotionTest.java:[4,0] error: static import only from classes and interfaces
[ERROR] /home/cgzhu/projects/gitslice/resources/facts/upgrade_jars_exp/_downloads/Bukkit/src/test/java/org/bukkit/plugin/PluginManagerTest.java:[3,26] error: cannot find symbol
[ERROR]  package org.hamcrest
[ERROR] /home/cgzhu/projects/gitslice/resources/facts/upgrade_jars_exp/_downloads/Bukkit/src/test/java/org/bukkit/ColorTest.java:[3,26] error: cannot find symbol
[ERROR]  package org.hamcrest
[ERROR] /home/cgzhu/projects/gitslice/resources/facts/upgrade_jars_exp/_downloads/Bukkit/src/test/java/org/bukkit/LocationTest.java:[3,26] error: cannot find symbol
[ERROR]  package org.hamcrest
[ERROR] /home/cgzhu/projects/gitslice/resources/facts/upgrade_jars_exp/_downloads/Bukkit/src/test/java/org/bukkit/util/StringUtilStartsWithTest.java:[3,26] error: cannot find symbol
[ERROR]  package org.hamcrest
[ERROR] /home/cgzhu/projects/gitslice/resources/facts/upgrade_jars_exp/_downloads/Bukkit/src/test/java/org/bukkit/MaterialTest.java:[3,26] error: cannot find symbol
[ERROR]  package org.hamcrest
[ERROR] /home/cgzhu/projects/gitslice/resources/facts/upgrade_jars_exp/_downloads/Bukkit/src/test/java/org/bukkit/DyeColorTest.java:[4,26] error: cannot find symbol
[ERROR]  package org.hamcrest
[ERROR] /home/cgzhu/projects/gitslice/resources/facts/upgrade_jars_exp/_downloads/Bukkit/src/test/java/org/bukkit/plugin/TimedRegisteredListenerTest.java:[34,40] error: cannot find symbol
[ERROR]  class TimedRegisteredListenerTest
[ERROR] /home/cgzhu/projects/gitslice/resources/facts/upgrade_jars_exp/_downloads/Bukkit/src/test/java/org/bukkit/plugin/TimedRegisteredListenerTest.java:[37,40] error: cannot find symbol
[ERROR]  class TimedRegisteredListenerTest
[ERROR] /home/cgzhu/projects/gitslice/resources/facts/upgrade_jars_exp/_downloads/Bukkit/src/test/java/org/bukkit/plugin/TimedRegisteredListenerTest.java:[40,40] error: cannot find symbol
[ERROR]  class TimedRegisteredListenerTest
[ERROR] /home/cgzhu/projects/gitslice/resources/facts/upgrade_jars_exp/_downloads/Bukkit/src/test/java/org/bukkit/plugin/TimedRegisteredListenerTest.java:[43,40] error: cannot find symbol
[ERROR]  class TimedRegisteredListenerTest
[ERROR] /home/cgzhu/projects/gitslice/resources/facts/upgrade_jars_exp/_downloads/Bukkit/src/test/java/org/bukkit/plugin/TimedRegisteredListenerTest.java:[46,40] error: cannot find symbol
[ERROR]  class TimedRegisteredListenerTest
[ERROR] /home/cgzhu/projects/gitslice/resources/facts/upgrade_jars_exp/_downloads/Bukkit/src/test/java/org/bukkit/plugin/TimedRegisteredListenerTest.java:[51,40] error: cannot find symbol
[ERROR]  class TimedRegisteredListenerTest
[ERROR] /home/cgzhu/projects/gitslice/resources/facts/upgrade_jars_exp/_downloads/Bukkit/src/test/java/org/bukkit/plugin/TimedRegisteredListenerTest.java:[54,40] error: cannot find symbol
[ERROR]  class TimedRegisteredListenerTest
[ERROR] /home/cgzhu/projects/gitslice/resources/facts/upgrade_jars_exp/_downloads/Bukkit/src/test/java/org/bukkit/util/StringUtilTest.java:[47,73] error: cannot find symbol
[ERROR]  class StringUtilTest
[ERROR] /home/cgzhu/projects/gitslice/resources/facts/upgrade_jars_exp/_downloads/Bukkit/src/test/java/org/bukkit/util/StringUtilTest.java:[48,76] error: cannot find symbol
[ERROR]  class StringUtilTest
[ERROR] /home/cgzhu/projects/gitslice/resources/facts/upgrade_jars_exp/_downloads/Bukkit/src/test/java/org/bukkit/util/StringUtilTest.java:[49,32] error: cannot find symbol
[ERROR]  class StringUtilTest
[ERROR] /home/cgzhu/projects/gitslice/resources/facts/upgrade_jars_exp/_downloads/Bukkit/src/test/java/org/bukkit/ArtTest.java:[33,48] error: cannot find symbol
[ERROR]  class ArtTest
[ERROR] /home/cgzhu/projects/gitslice/resources/facts/upgrade_jars_exp/_downloads/Bukkit/src/test/java/org/bukkit/ArtTest.java:[34,47] error: cannot find symbol
[ERROR]  class ArtTest
[ERROR] /home/cgzhu/projects/gitslice/resources/facts/upgrade_jars_exp/_downloads/Bukkit/src/test/java/org/bukkit/util/io/BukkitObjectStreamTest.java:[135,27] error: cannot find symbol
[ERROR]  class BukkitObjectStreamTest
[ERROR] /home/cgzhu/projects/gitslice/resources/facts/upgrade_jars_exp/_downloads/Bukkit/src/test/java/org/bukkit/util/io/BukkitObjectStreamTest.java:[136,27] error: cannot find symbol
[ERROR]  class BukkitObjectStreamTest
[ERROR] /home/cgzhu/projects/gitslice/resources/facts/upgrade_jars_exp/_downloads/Bukkit/src/test/java/org/bukkit/util/io/BukkitObjectStreamTest.java:[167,35] error: cannot find symbol
[ERROR]  class BukkitObjectStreamTest
[ERROR] /home/cgzhu/projects/gitslice/resources/facts/upgrade_jars_exp/_downloads/Bukkit/src/test/java/org/bukkit/potion/PotionTest.java:[40,40] error: cannot find symbol
[ERROR]  class PotionTest
[ERROR] /home/cgzhu/projects/gitslice/resources/facts/upgrade_jars_exp/_downloads/Bukkit/src/test/java/org/bukkit/plugin/PluginManagerTest.java:[29,113] error: cannot find symbol
[ERROR]  class PluginManagerTest
[ERROR] /home/cgzhu/projects/gitslice/resources/facts/upgrade_jars_exp/_downloads/Bukkit/src/test/java/org/bukkit/plugin/PluginManagerTest.java:[59,35] error: cannot find symbol
[ERROR]  class PluginManagerTest
[ERROR] /home/cgzhu/projects/gitslice/resources/facts/upgrade_jars_exp/_downloads/Bukkit/src/test/java/org/bukkit/plugin/PluginManagerTest.java:[60,112] error: cannot find symbol
[ERROR]  class PluginManagerTest
[ERROR] /home/cgzhu/projects/gitslice/resources/facts/upgrade_jars_exp/_downloads/Bukkit/src/test/java/org/bukkit/plugin/PluginManagerTest.java:[158,88] error: cannot find symbol
[ERROR]  class PluginManagerTest
[ERROR] /home/cgzhu/projects/gitslice/resources/facts/upgrade_jars_exp/_downloads/Bukkit/src/test/java/org/bukkit/plugin/PluginManagerTest.java:[160,93] error: cannot find symbol
[ERROR]  class PluginManagerTest
[ERROR] /home/cgzhu/projects/gitslice/resources/facts/upgrade_jars_exp/_downloads/Bukkit/src/test/java/org/bukkit/plugin/PluginManagerTest.java:[166,88] error: cannot find symbol
[ERROR]  class PluginManagerTest
[ERROR] /home/cgzhu/projects/gitslice/resources/facts/upgrade_jars_exp/_downloads/Bukkit/src/test/java/org/bukkit/plugin/PluginManagerTest.java:[168,93] error: cannot find symbol
[ERROR]  class PluginManagerTest
[ERROR] /home/cgzhu/projects/gitslice/resources/facts/upgrade_jars_exp/_downloads/Bukkit/src/test/java/org/bukkit/plugin/PluginManagerTest.java:[174,43] error: cannot find symbol
[ERROR]  class PluginManagerTest
[ERROR] /home/cgzhu/projects/gitslice/resources/facts/upgrade_jars_exp/_downloads/Bukkit/src/test/java/org/bukkit/ColorTest.java:[51,67] error: cannot find symbol
[ERROR]  class ColorTest
[ERROR] /home/cgzhu/projects/gitslice/resources/facts/upgrade_jars_exp/_downloads/Bukkit/src/test/java/org/bukkit/ColorTest.java:[64,48] error: cannot find symbol
[ERROR]  class ColorTest
[ERROR] /home/cgzhu/projects/gitslice/resources/facts/upgrade_jars_exp/_downloads/Bukkit/src/test/java/org/bukkit/ColorTest.java:[65,48] error: cannot find symbol
[ERROR]  class ColorTest
[ERROR] /home/cgzhu/projects/gitslice/resources/facts/upgrade_jars_exp/_downloads/Bukkit/src/test/java/org/bukkit/ColorTest.java:[66,48] error: cannot find symbol
[ERROR]  class ColorTest
[ERROR] /home/cgzhu/projects/gitslice/resources/facts/upgrade_jars_exp/_downloads/Bukkit/src/test/java/org/bukkit/ColorTest.java:[67,49] error: cannot find symbol
[ERROR]  class ColorTest
[ERROR] /home/cgzhu/projects/gitslice/resources/facts/upgrade_jars_exp/_downloads/Bukkit/src/test/java/org/bukkit/ColorTest.java:[68,49] error: cannot find symbol
[ERROR]  class ColorTest
[ERROR] /home/cgzhu/projects/gitslice/resources/facts/upgrade_jars_exp/_downloads/Bukkit/src/test/java/org/bukkit/ColorTest.java:[69,48] error: cannot find symbol
[ERROR]  class ColorTest
[ERROR] /home/cgzhu/projects/gitslice/resources/facts/upgrade_jars_exp/_downloads/Bukkit/src/test/java/org/bukkit/ColorTest.java:[82,42] error: cannot find symbol
[ERROR]  class ColorTest
[ERROR] /home/cgzhu/projects/gitslice/resources/facts/upgrade_jars_exp/_downloads/Bukkit/src/test/java/org/bukkit/ColorTest.java:[85,51] error: cannot find symbol
[ERROR]  class ColorTest
[ERROR] /home/cgzhu/projects/gitslice/resources/facts/upgrade_jars_exp/_downloads/Bukkit/src/test/java/org/bukkit/ColorTest.java:[86,44] error: cannot find symbol
[ERROR]  class ColorTest
[ERROR] /home/cgzhu/projects/gitslice/resources/facts/upgrade_jars_exp/_downloads/Bukkit/src/test/java/org/bukkit/ColorTest.java:[95,77] error: cannot find symbol
[ERROR]  class ColorTest
[ERROR] /home/cgzhu/projects/gitslice/resources/facts/upgrade_jars_exp/_downloads/Bukkit/src/test/java/org/bukkit/ColorTest.java:[96,77] error: cannot find symbol
[ERROR]  class ColorTest
[ERROR] /home/cgzhu/projects/gitslice/resources/facts/upgrade_jars_exp/_downloads/Bukkit/src/test/java/org/bukkit/ColorTest.java:[97,101] error: cannot find symbol
[ERROR]  class ColorTest
[ERROR] /home/cgzhu/projects/gitslice/resources/facts/upgrade_jars_exp/_downloads/Bukkit/src/test/java/org/bukkit/ColorTest.java:[98,101] error: cannot find symbol
[ERROR]  class ColorTest
[ERROR] /home/cgzhu/projects/gitslice/resources/facts/upgrade_jars_exp/_downloads/Bukkit/src/test/java/org/bukkit/ColorTest.java:[126,77] error: cannot find symbol
[ERROR]  class ColorTest
[ERROR] /home/cgzhu/projects/gitslice/resources/facts/upgrade_jars_exp/_downloads/Bukkit/src/test/java/org/bukkit/ColorTest.java:[127,77] error: cannot find symbol
[ERROR]  class ColorTest
[ERROR] /home/cgzhu/projects/gitslice/resources/facts/upgrade_jars_exp/_downloads/Bukkit/src/test/java/org/bukkit/ColorTest.java:[128,101] error: cannot find symbol
[ERROR]  class ColorTest
[ERROR] /home/cgzhu/projects/gitslice/resources/facts/upgrade_jars_exp/_downloads/Bukkit/src/test/java/org/bukkit/ColorTest.java:[129,101] error: cannot find symbol
[ERROR]  class ColorTest
[ERROR] /home/cgzhu/projects/gitslice/resources/facts/upgrade_jars_exp/_downloads/Bukkit/src/test/java/org/bukkit/ColorTest.java:[157,78] error: cannot find symbol
[ERROR]  class ColorTest
[ERROR] /home/cgzhu/projects/gitslice/resources/facts/upgrade_jars_exp/_downloads/Bukkit/src/test/java/org/bukkit/ColorTest.java:[158,78] error: cannot find symbol
[ERROR]  class ColorTest
[ERROR] /home/cgzhu/projects/gitslice/resources/facts/upgrade_jars_exp/_downloads/Bukkit/src/test/java/org/bukkit/ColorTest.java:[159,102] error: cannot find symbol
[ERROR]  class ColorTest
[ERROR] /home/cgzhu/projects/gitslice/resources/facts/upgrade_jars_exp/_downloads/Bukkit/src/test/java/org/bukkit/ColorTest.java:[160,102] error: cannot find symbol
[ERROR]  class ColorTest
[ERROR] /home/cgzhu/projects/gitslice/resources/facts/upgrade_jars_exp/_downloads/Bukkit/src/test/java/org/bukkit/ColorTest.java:[228,79] error: cannot find symbol
[ERROR]  class ColorTest
[ERROR] /home/cgzhu/projects/gitslice/resources/facts/upgrade_jars_exp/_downloads/Bukkit/src/test/java/org/bukkit/ColorTest.java:[229,79] error: cannot find symbol
[ERROR]  class ColorTest
[ERROR] /home/cgzhu/projects/gitslice/resources/facts/upgrade_jars_exp/_downloads/Bukkit/src/test/java/org/bukkit/ColorTest.java:[230,103] error: cannot find symbol
[ERROR]  class ColorTest
[ERROR] /home/cgzhu/projects/gitslice/resources/facts/upgrade_jars_exp/_downloads/Bukkit/src/test/java/org/bukkit/ColorTest.java:[231,103] error: cannot find symbol
[ERROR]  class ColorTest
[ERROR] /home/cgzhu/projects/gitslice/resources/facts/upgrade_jars_exp/_downloads/Bukkit/src/test/java/org/bukkit/ColorTest.java:[299,80] error: cannot find symbol
[ERROR]  class ColorTest
[ERROR] /home/cgzhu/projects/gitslice/resources/facts/upgrade_jars_exp/_downloads/Bukkit/src/test/java/org/bukkit/ColorTest.java:[300,80] error: cannot find symbol
[ERROR]  class ColorTest
[ERROR] /home/cgzhu/projects/gitslice/resources/facts/upgrade_jars_exp/_downloads/Bukkit/src/test/java/org/bukkit/ColorTest.java:[301,104] error: cannot find symbol
[ERROR]  class ColorTest
[ERROR] /home/cgzhu/projects/gitslice/resources/facts/upgrade_jars_exp/_downloads/Bukkit/src/test/java/org/bukkit/ColorTest.java:[302,104] error: cannot find symbol
[ERROR]  class ColorTest
[ERROR] /home/cgzhu/projects/gitslice/resources/facts/upgrade_jars_exp/_downloads/Bukkit/src/test/java/org/bukkit/LocationTest.java:[169,50] error: cannot find symbol
[ERROR]  class LocationTest
[ERROR] /home/cgzhu/projects/gitslice/resources/facts/upgrade_jars_exp/_downloads/Bukkit/src/test/java/org/bukkit/LocationTest.java:[170,52] error: cannot find symbol
[ERROR]  class LocationTest
[ERROR] /home/cgzhu/projects/gitslice/resources/facts/upgrade_jars_exp/_downloads/Bukkit/src/test/java/org/bukkit/LocationTest.java:[177,37] error: cannot find symbol
[ERROR]  class LocationTest
[ERROR] /home/cgzhu/projects/gitslice/resources/facts/upgrade_jars_exp/_downloads/Bukkit/src/test/java/org/bukkit/LocationTest.java:[178,37] error: cannot find symbol
[ERROR]  class LocationTest
[ERROR] /home/cgzhu/projects/gitslice/resources/facts/upgrade_jars_exp/_downloads/Bukkit/src/test/java/org/bukkit/LocationTest.java:[179,37] error: cannot find symbol
[ERROR]  class LocationTest
[ERROR] /home/cgzhu/projects/gitslice/resources/facts/upgrade_jars_exp/_downloads/Bukkit/src/test/java/org/bukkit/util/StringUtilStartsWithTest.java:[84,115] error: cannot find symbol
[ERROR]  class StringUtilStartsWithTest
[ERROR] /home/cgzhu/projects/gitslice/resources/facts/upgrade_jars_exp/_downloads/Bukkit/src/test/java/org/bukkit/MaterialTest.java:[13,66] error: cannot find symbol
[ERROR]  class MaterialTest
[ERROR] /home/cgzhu/projects/gitslice/resources/facts/upgrade_jars_exp/_downloads/Bukkit/src/test/java/org/bukkit/MaterialTest.java:[23,63] error: cannot find symbol
[ERROR]  class MaterialTest
[ERROR] /home/cgzhu/projects/gitslice/resources/facts/upgrade_jars_exp/_downloads/Bukkit/src/test/java/org/bukkit/MaterialTest.java:[38,63] error: cannot find symbol
[ERROR]  class MaterialTest
[ERROR] /home/cgzhu/projects/gitslice/resources/facts/upgrade_jars_exp/_downloads/Bukkit/src/test/java/org/bukkit/MaterialTest.java:[39,63] error: cannot find symbol
[ERROR]  class MaterialTest
[ERROR] /home/cgzhu/projects/gitslice/resources/facts/upgrade_jars_exp/_downloads/Bukkit/src/test/java/org/bukkit/MaterialTest.java:[44,50] error: cannot find symbol
[ERROR]  class MaterialTest
[ERROR] /home/cgzhu/projects/gitslice/resources/facts/upgrade_jars_exp/_downloads/Bukkit/src/test/java/org/bukkit/MaterialTest.java:[52,57] error: cannot find symbol
[ERROR] 
[ERROR]     CAP#1 extends MaterialData from capture of ? extends MaterialData
[ERROR] /home/cgzhu/projects/gitslice/resources/facts/upgrade_jars_exp/_downloads/Bukkit/src/test/java/org/bukkit/MaterialTest.java:[67,81] error: cannot find symbol
[ERROR]  class MaterialTest
[ERROR] /home/cgzhu/projects/gitslice/resources/facts/upgrade_jars_exp/_downloads/Bukkit/src/test/java/org/bukkit/MaterialTest.java:[74,68] error: cannot find symbol
[ERROR]  class MaterialTest
[ERROR] /home/cgzhu/projects/gitslice/resources/facts/upgrade_jars_exp/_downloads/Bukkit/src/test/java/org/bukkit/MaterialTest.java:[82,53] error: cannot find symbol
[ERROR]  class MaterialTest
[ERROR] /home/cgzhu/projects/gitslice/resources/facts/upgrade_jars_exp/_downloads/Bukkit/src/test/java/org/bukkit/DyeColorTest.java:[38,27] error: cannot find symbol
[ERROR]  class DyeColorTest
[ERROR] /home/cgzhu/projects/gitslice/resources/facts/upgrade_jars_exp/_downloads/Bukkit/src/test/java/org/bukkit/DyeColorTest.java:[46,27] error: cannot find symbol
[ERROR]  class DyeColorTest
[ERROR] /home/cgzhu/projects/gitslice/resources/facts/upgrade_jars_exp/_downloads/Bukkit/src/test/java/org/bukkit/DyeColorTest.java:[54,27] error: cannot find symbol
[ERROR]  class DyeColorTest
[ERROR] /home/cgzhu/projects/gitslice/resources/facts/upgrade_jars_exp/_downloads/Bukkit/src/test/java/org/bukkit/DyeColorTest.java:[68,41] error: cannot find symbol
[ERROR] -> [Help 1]
[ERROR] 
[ERROR] To see the full stack trace of the errors, re-run Maven with the -e switch.
[ERROR] Re-run Maven using the -X switch to enable full debug logging.
[ERROR] 
[ERROR] For more information about the errors and possible solutions, please read the following articles:
[ERROR] [Help 1] http://cwiki.apache.org/confluence/display/MAVEN/MojoFailureException
[INFO] Build failures were ignored.
