[VERSION]: 2.33
[INFO] Scanning for projects...
[INFO] Inspecting build with total of 1 modules...
[INFO] Installing Nexus Staging features:
[INFO]   ... total of 1 executions of maven-deploy-plugin replaced with nexus-staging-maven-plugin
[INFO] 
[INFO] ----------------------< com.google.template:soy >-----------------------
[INFO] Building Closure Templates 2018-03-14
[INFO] --------------------------------[ jar ]---------------------------------
[INFO] 
[INFO] --- maven-clean-plugin:2.5:clean (default-clean) @ soy ---
[INFO] Deleting /home/cgzhu/projects/gitslice/resources/facts/upgrade_jars_exp/_downloads/closure-templates/target
[INFO] 
[INFO] --- maven-dependency-plugin:2.8:list (default-cli) @ soy ---
[INFO] 
[INFO] The following files have been resolved:
[INFO]    com.google.errorprone:error_prone_annotations:jar:2.0.14:provided
[INFO]    com.google.guava:guava:jar:21.0:compile
[INFO]    org.ow2.asm:asm-tree:jar:6.0:compile
[INFO]    com.google.inject:guice:jar:4.1.0:compile
[INFO]    aopalliance:aopalliance:jar:1.0:compile
[INFO]    com.google.inject.extensions:guice-multibindings:jar:4.1.0:compile
[INFO]    junit:junit:jar:4.11:test
[INFO]    org.apache.ant:ant-launcher:jar:1.8.3:provided
[INFO]    org.mozilla:rhino:jar:1.7R3:test
[INFO]    org.ow2.asm:asm-util:jar:6.0:compile
[INFO]    com.google.code.findbugs:jsr305:jar:2.0.3:compile
[INFO]    com.google.auto.value:auto-value:jar:1.4:provided
[INFO]    com.google.common.html.types:types:jar:1.0.4:compile
[INFO]    org.apache.ant:ant:jar:1.8.3:provided
[INFO]    com.google.code.gson:gson:jar:2.7:compile
[INFO]    javax.inject:javax.inject:jar:1:compile
[INFO]    args4j:args4j:jar:2.33:compile
[INFO]    javax.annotation:jsr250-api:jar:1.0:compile
[INFO]    org.ow2.asm:asm-commons:jar:6.0:compile
[INFO]    org.hamcrest:hamcrest-core:jar:1.3:test
[INFO]    javax.validation:validation-api:jar:1.0.0.GA:compile
[INFO]    com.google.guava:guava-testlib:jar:21.0:test
[INFO]    com.google.truth:truth:jar:0.36:test
[INFO]    com.ibm.icu:icu4j:jar:57.1:compile
[INFO]    javax.validation:validation-api:jar:sources:1.0.0.GA:compile
[INFO]    com.google.protobuf:protobuf-java:jar:3.3.0:compile
[INFO]    org.ow2.asm:asm-analysis:jar:6.0:compile
[INFO]    org.json:json:jar:20160212:compile
[INFO]    org.ow2.asm:asm:jar:6.0:compile
[INFO]    com.google.gwt:gwt-user:jar:2.8.0-beta1:compile
[INFO] 
[INFO] 
[INFO] --- maven-enforcer-plugin:1.3.1:enforce (enforce) @ soy ---
[INFO] Adding ignore: org.hamcrest.*
[INFO] Adding ignore: org.hamcrest.core.*
[INFO] Adding ignore: module-info
[INFO] 
[INFO] --- javacc-maven-plugin:2.6:javacc (javacc) @ soy ---
Java Compiler Compiler Version 6.1_2 (Parser Generator)
(type "javacc" with no arguments for help)
Reading from file /home/cgzhu/projects/gitslice/resources/facts/upgrade_jars_exp/_downloads/closure-templates/java/src/com/google/template/soy/soyparse/SoyFileParser.jj . . .
Note: UNICODE_INPUT option is specified. Please make sure you create the parser/lexer using a Reader with the correct character encoding.
File "TokenMgrError.java" does not exist.  Will create one.
File "ParseException.java" does not exist.  Will create one.
File "Token.java" does not exist.  Will create one.
File "SimpleCharStream.java" does not exist.  Will create one.
Parser generated successfully.
[INFO] Processed 1 grammar
[INFO] 
[INFO] --- protoc-bundled-plugin:1.4.61:run (default) @ soy ---
[INFO] Using protoc com.comoyo.maven.plugins:protoc-bundled-plugin:exe:3.3.0-linux-x86_64:1.4.61
[INFO] Compiling /home/cgzhu/projects/gitslice/resources/facts/upgrade_jars_exp/_downloads/closure-templates/src/main/protobuf to /home/cgzhu/projects/gitslice/resources/facts/upgrade_jars_exp/_downloads/closure-templates/target/generated-sources/protobuf [main]
[INFO] Compiling /home/cgzhu/projects/gitslice/resources/facts/upgrade_jars_exp/_downloads/closure-templates/src/test/protobuf to /home/cgzhu/projects/gitslice/resources/facts/upgrade_jars_exp/_downloads/closure-templates/target/generated-test-sources/protobuf [test]
[INFO] 
[INFO] --- maven-resources-plugin:2.6:resources (default-resources) @ soy ---
[INFO] Using 'UTF-8' encoding to copy filtered resources.
[INFO] Copying 1 resource
[INFO] 
[INFO] --- maven-compiler-plugin:3.5.1:compile (default-compile) @ soy ---
[INFO] Changes detected - recompiling the module!
[INFO] Compiling 658 source files to /home/cgzhu/projects/gitslice/resources/facts/upgrade_jars_exp/_downloads/closure-templates/target/classes
[WARNING] /home/cgzhu/projects/gitslice/resources/facts/upgrade_jars_exp/_downloads/closure-templates/java/src/com/google/template/soy/jbcsrc/restricted/BytecodeUtils.java:[36,36] com.google.template.soy.data.SoyLegacyObjectMap in com.google.template.soy.data has been deprecated
[WARNING] /home/cgzhu/projects/gitslice/resources/facts/upgrade_jars_exp/_downloads/closure-templates/java/src/com/google/template/soy/jbcsrc/restricted/MethodRef.java:[32,36] com.google.template.soy.data.SoyLegacyObjectMap in com.google.template.soy.data has been deprecated
[WARNING] /home/cgzhu/projects/gitslice/resources/facts/upgrade_jars_exp/_downloads/closure-templates/java/src/com/google/template/soy/jbcsrc/ExpressionCompiler.java:[33,36] com.google.template.soy.data.SoyLegacyObjectMap in com.google.template.soy.data has been deprecated
[WARNING] /home/cgzhu/projects/gitslice/resources/facts/upgrade_jars_exp/_downloads/closure-templates/java/src/com/google/template/soy/sharedpasses/render/EvalVisitor.java:[38,36] com.google.template.soy.data.SoyLegacyObjectMap in com.google.template.soy.data has been deprecated
[WARNING] /home/cgzhu/projects/gitslice/resources/facts/upgrade_jars_exp/_downloads/closure-templates/java/src/com/google/template/soy/basicfunctions/AugmentMapFunction.java:[22,36] com.google.template.soy.data.SoyLegacyObjectMap in com.google.template.soy.data has been deprecated
[WARNING] /home/cgzhu/projects/gitslice/resources/facts/upgrade_jars_exp/_downloads/closure-templates/java/src/com/google/template/soy/basicfunctions/KeysFunction.java:[20,36] com.google.template.soy.data.SoyLegacyObjectMap in com.google.template.soy.data has been deprecated
[WARNING] /home/cgzhu/projects/gitslice/resources/facts/upgrade_jars_exp/_downloads/closure-templates/java/src/com/google/template/soy/jbcsrc/runtime/JbcSrcRuntime.java:[28,36] com.google.template.soy.data.SoyLegacyObjectMap in com.google.template.soy.data has been deprecated
[WARNING] /home/cgzhu/projects/gitslice/resources/facts/upgrade_jars_exp/_downloads/closure-templates/java/src/com/google/template/soy/data/internal/EasyListImpl.java:[23,36] com.google.template.soy.data.SoyEasyList in com.google.template.soy.data has been deprecated
[WARNING] /home/cgzhu/projects/gitslice/resources/facts/upgrade_jars_exp/_downloads/closure-templates/java/src/com/google/template/soy/basicfunctions/BasicFunctionsRuntime.java:[26,36] com.google.template.soy.data.SoyLegacyObjectMap in com.google.template.soy.data has been deprecated
[WARNING] /home/cgzhu/projects/gitslice/resources/facts/upgrade_jars_exp/_downloads/closure-templates/java/src/com/google/template/soy/sharedpasses/render/TofuTypeChecks.java:[21,36] com.google.template.soy.data.SoyLegacyObjectMap in com.google.template.soy.data has been deprecated
[WARNING] /home/cgzhu/projects/gitslice/resources/facts/upgrade_jars_exp/_downloads/closure-templates/java/src/com/google/template/soy/jbcsrc/restricted/BytecodeUtils.java:[36,36] com.google.template.soy.data.SoyLegacyObjectMap in com.google.template.soy.data has been deprecated
[WARNING] /home/cgzhu/projects/gitslice/resources/facts/upgrade_jars_exp/_downloads/closure-templates/java/src/com/google/template/soy/jbcsrc/restricted/MethodRef.java:[32,36] com.google.template.soy.data.SoyLegacyObjectMap in com.google.template.soy.data has been deprecated
[WARNING] /home/cgzhu/projects/gitslice/resources/facts/upgrade_jars_exp/_downloads/closure-templates/java/src/com/google/template/soy/jbcsrc/ExpressionCompiler.java:[33,36] com.google.template.soy.data.SoyLegacyObjectMap in com.google.template.soy.data has been deprecated
[WARNING] /home/cgzhu/projects/gitslice/resources/facts/upgrade_jars_exp/_downloads/closure-templates/java/src/com/google/template/soy/sharedpasses/render/EvalVisitor.java:[38,36] com.google.template.soy.data.SoyLegacyObjectMap in com.google.template.soy.data has been deprecated
[WARNING] /home/cgzhu/projects/gitslice/resources/facts/upgrade_jars_exp/_downloads/closure-templates/java/src/com/google/template/soy/basicfunctions/AugmentMapFunction.java:[22,36] com.google.template.soy.data.SoyLegacyObjectMap in com.google.template.soy.data has been deprecated
[WARNING] /home/cgzhu/projects/gitslice/resources/facts/upgrade_jars_exp/_downloads/closure-templates/java/src/com/google/template/soy/basicfunctions/KeysFunction.java:[20,36] com.google.template.soy.data.SoyLegacyObjectMap in com.google.template.soy.data has been deprecated
[WARNING] /home/cgzhu/projects/gitslice/resources/facts/upgrade_jars_exp/_downloads/closure-templates/java/src/com/google/template/soy/jbcsrc/runtime/JbcSrcRuntime.java:[28,36] com.google.template.soy.data.SoyLegacyObjectMap in com.google.template.soy.data has been deprecated
[WARNING] /home/cgzhu/projects/gitslice/resources/facts/upgrade_jars_exp/_downloads/closure-templates/java/src/com/google/template/soy/data/internal/EasyListImpl.java:[23,36] com.google.template.soy.data.SoyEasyList in com.google.template.soy.data has been deprecated
[WARNING] /home/cgzhu/projects/gitslice/resources/facts/upgrade_jars_exp/_downloads/closure-templates/java/src/com/google/template/soy/basicfunctions/BasicFunctionsRuntime.java:[26,36] com.google.template.soy.data.SoyLegacyObjectMap in com.google.template.soy.data has been deprecated
[WARNING] /home/cgzhu/projects/gitslice/resources/facts/upgrade_jars_exp/_downloads/closure-templates/java/src/com/google/template/soy/sharedpasses/render/TofuTypeChecks.java:[21,36] com.google.template.soy.data.SoyLegacyObjectMap in com.google.template.soy.data has been deprecated
[WARNING] /home/cgzhu/projects/gitslice/resources/facts/upgrade_jars_exp/_downloads/closure-templates/java/src/com/google/template/soy/jbcsrc/restricted/BytecodeUtils.java:[36,36] com.google.template.soy.data.SoyLegacyObjectMap in com.google.template.soy.data has been deprecated
[WARNING] /home/cgzhu/projects/gitslice/resources/facts/upgrade_jars_exp/_downloads/closure-templates/java/src/com/google/template/soy/jbcsrc/restricted/MethodRef.java:[32,36] com.google.template.soy.data.SoyLegacyObjectMap in com.google.template.soy.data has been deprecated
[WARNING] /home/cgzhu/projects/gitslice/resources/facts/upgrade_jars_exp/_downloads/closure-templates/java/src/com/google/template/soy/jbcsrc/ExpressionCompiler.java:[33,36] com.google.template.soy.data.SoyLegacyObjectMap in com.google.template.soy.data has been deprecated
[WARNING] /home/cgzhu/projects/gitslice/resources/facts/upgrade_jars_exp/_downloads/closure-templates/java/src/com/google/template/soy/sharedpasses/render/EvalVisitor.java:[38,36] com.google.template.soy.data.SoyLegacyObjectMap in com.google.template.soy.data has been deprecated
[WARNING] /home/cgzhu/projects/gitslice/resources/facts/upgrade_jars_exp/_downloads/closure-templates/java/src/com/google/template/soy/basicfunctions/AugmentMapFunction.java:[22,36] com.google.template.soy.data.SoyLegacyObjectMap in com.google.template.soy.data has been deprecated
[WARNING] /home/cgzhu/projects/gitslice/resources/facts/upgrade_jars_exp/_downloads/closure-templates/java/src/com/google/template/soy/basicfunctions/KeysFunction.java:[20,36] com.google.template.soy.data.SoyLegacyObjectMap in com.google.template.soy.data has been deprecated
[WARNING] /home/cgzhu/projects/gitslice/resources/facts/upgrade_jars_exp/_downloads/closure-templates/java/src/com/google/template/soy/jbcsrc/runtime/JbcSrcRuntime.java:[28,36] com.google.template.soy.data.SoyLegacyObjectMap in com.google.template.soy.data has been deprecated
[WARNING] /home/cgzhu/projects/gitslice/resources/facts/upgrade_jars_exp/_downloads/closure-templates/java/src/com/google/template/soy/data/internal/EasyListImpl.java:[23,36] com.google.template.soy.data.SoyEasyList in com.google.template.soy.data has been deprecated
[WARNING] /home/cgzhu/projects/gitslice/resources/facts/upgrade_jars_exp/_downloads/closure-templates/java/src/com/google/template/soy/basicfunctions/BasicFunctionsRuntime.java:[26,36] com.google.template.soy.data.SoyLegacyObjectMap in com.google.template.soy.data has been deprecated
[WARNING] /home/cgzhu/projects/gitslice/resources/facts/upgrade_jars_exp/_downloads/closure-templates/java/src/com/google/template/soy/sharedpasses/render/TofuTypeChecks.java:[21,36] com.google.template.soy.data.SoyLegacyObjectMap in com.google.template.soy.data has been deprecated
[WARNING] /home/cgzhu/projects/gitslice/resources/facts/upgrade_jars_exp/_downloads/closure-templates/java/src/com/google/template/soy/jbcsrc/restricted/BytecodeUtils.java:[36,36] com.google.template.soy.data.SoyLegacyObjectMap in com.google.template.soy.data has been deprecated
[WARNING] /home/cgzhu/projects/gitslice/resources/facts/upgrade_jars_exp/_downloads/closure-templates/java/src/com/google/template/soy/jbcsrc/restricted/MethodRef.java:[32,36] com.google.template.soy.data.SoyLegacyObjectMap in com.google.template.soy.data has been deprecated
[WARNING] /home/cgzhu/projects/gitslice/resources/facts/upgrade_jars_exp/_downloads/closure-templates/java/src/com/google/template/soy/jbcsrc/ExpressionCompiler.java:[33,36] com.google.template.soy.data.SoyLegacyObjectMap in com.google.template.soy.data has been deprecated
[WARNING] /home/cgzhu/projects/gitslice/resources/facts/upgrade_jars_exp/_downloads/closure-templates/java/src/com/google/template/soy/sharedpasses/render/EvalVisitor.java:[38,36] com.google.template.soy.data.SoyLegacyObjectMap in com.google.template.soy.data has been deprecated
[WARNING] /home/cgzhu/projects/gitslice/resources/facts/upgrade_jars_exp/_downloads/closure-templates/java/src/com/google/template/soy/basicfunctions/AugmentMapFunction.java:[22,36] com.google.template.soy.data.SoyLegacyObjectMap in com.google.template.soy.data has been deprecated
[WARNING] /home/cgzhu/projects/gitslice/resources/facts/upgrade_jars_exp/_downloads/closure-templates/java/src/com/google/template/soy/basicfunctions/KeysFunction.java:[20,36] com.google.template.soy.data.SoyLegacyObjectMap in com.google.template.soy.data has been deprecated
[WARNING] /home/cgzhu/projects/gitslice/resources/facts/upgrade_jars_exp/_downloads/closure-templates/java/src/com/google/template/soy/jbcsrc/runtime/JbcSrcRuntime.java:[28,36] com.google.template.soy.data.SoyLegacyObjectMap in com.google.template.soy.data has been deprecated
[WARNING] /home/cgzhu/projects/gitslice/resources/facts/upgrade_jars_exp/_downloads/closure-templates/java/src/com/google/template/soy/data/internal/EasyListImpl.java:[23,36] com.google.template.soy.data.SoyEasyList in com.google.template.soy.data has been deprecated
[WARNING] /home/cgzhu/projects/gitslice/resources/facts/upgrade_jars_exp/_downloads/closure-templates/java/src/com/google/template/soy/basicfunctions/BasicFunctionsRuntime.java:[26,36] com.google.template.soy.data.SoyLegacyObjectMap in com.google.template.soy.data has been deprecated
[WARNING] /home/cgzhu/projects/gitslice/resources/facts/upgrade_jars_exp/_downloads/closure-templates/java/src/com/google/template/soy/sharedpasses/render/TofuTypeChecks.java:[21,36] com.google.template.soy.data.SoyLegacyObjectMap in com.google.template.soy.data has been deprecated
[WARNING] /home/cgzhu/projects/gitslice/resources/facts/upgrade_jars_exp/_downloads/closure-templates/java/src/com/google/template/soy/jbcsrc/restricted/BytecodeUtils.java:[94,70] com.google.template.soy.data.SoyLegacyObjectMap in com.google.template.soy.data has been deprecated
[WARNING] /home/cgzhu/projects/gitslice/resources/facts/upgrade_jars_exp/_downloads/closure-templates/java/src/com/google/template/soy/data/SoyDict.java:[33,45] com.google.template.soy.data.SoyLegacyObjectMap in com.google.template.soy.data has been deprecated
[WARNING] /home/cgzhu/projects/gitslice/resources/facts/upgrade_jars_exp/_downloads/closure-templates/java/src/com/google/template/soy/jbcsrc/restricted/MethodRef.java:[290,11] com.google.template.soy.data.SoyLegacyObjectMap in com.google.template.soy.data has been deprecated
[WARNING] /home/cgzhu/projects/gitslice/resources/facts/upgrade_jars_exp/_downloads/closure-templates/java/src/com/google/template/soy/jbcsrc/ExpressionCompiler.java:[1075,46] com.google.template.soy.data.SoyLegacyObjectMap in com.google.template.soy.data has been deprecated
[WARNING] /home/cgzhu/projects/gitslice/resources/facts/upgrade_jars_exp/_downloads/closure-templates/java/src/com/google/template/soy/sharedpasses/render/EvalVisitor.java:[427,27] com.google.template.soy.data.SoyLegacyObjectMap in com.google.template.soy.data has been deprecated
[WARNING] /home/cgzhu/projects/gitslice/resources/facts/upgrade_jars_exp/_downloads/closure-templates/java/src/com/google/template/soy/sharedpasses/render/EvalVisitor.java:[462,56] com.google.template.soy.data.SoyLegacyObjectMap in com.google.template.soy.data has been deprecated
[WARNING] /home/cgzhu/projects/gitslice/resources/facts/upgrade_jars_exp/_downloads/closure-templates/java/src/com/google/template/soy/data/restricted/CollectionData.java:[56,38] createFromExistingData(java.lang.Object) in com.google.template.soy.data.SoyData has been deprecated
[WARNING] /home/cgzhu/projects/gitslice/resources/facts/upgrade_jars_exp/_downloads/closure-templates/java/src/com/google/template/soy/data/SoyMapData.java:[69,29] createFromExistingData(java.lang.Object) in com.google.template.soy.data.SoyData has been deprecated
[WARNING] /home/cgzhu/projects/gitslice/resources/facts/upgrade_jars_exp/_downloads/closure-templates/java/src/com/google/template/soy/data/SoyListData.java:[155,20] createFromExistingData(java.lang.Object) in com.google.template.soy.data.SoyData has been deprecated
[WARNING] /home/cgzhu/projects/gitslice/resources/facts/upgrade_jars_exp/_downloads/closure-templates/java/src/com/google/template/soy/data/SoyList.java:[34,34] com.google.template.soy.data.SoyLegacyObjectMap in com.google.template.soy.data has been deprecated
[WARNING] /home/cgzhu/projects/gitslice/resources/facts/upgrade_jars_exp/_downloads/closure-templates/java/src/com/google/template/soy/AbstractSoyCompiler.java:[209,20] setUsageWidth(int) in org.kohsuke.args4j.CmdLineParser has been deprecated
[WARNING] /home/cgzhu/projects/gitslice/resources/facts/upgrade_jars_exp/_downloads/closure-templates/java/src/com/google/template/soy/jbcsrc/internal/AbstractMemoryClassLoader.java:[96,17] <X>propagateIfInstanceOf(java.lang.Throwable,java.lang.Class<X>) in com.google.common.base.Throwables has been deprecated
[WARNING] /home/cgzhu/projects/gitslice/resources/facts/upgrade_jars_exp/_downloads/closure-templates/java/src/com/google/template/soy/jbcsrc/internal/AbstractMemoryClassLoader.java:[97,23] propagate(java.lang.Throwable) in com.google.common.base.Throwables has been deprecated
[WARNING] /home/cgzhu/projects/gitslice/resources/facts/upgrade_jars_exp/_downloads/closure-templates/java/src/com/google/template/soy/basicfunctions/AugmentMapFunction.java:[82,25] com.google.template.soy.data.SoyLegacyObjectMap in com.google.template.soy.data has been deprecated
[WARNING] /home/cgzhu/projects/gitslice/resources/facts/upgrade_jars_exp/_downloads/closure-templates/java/src/com/google/template/soy/basicfunctions/AugmentMapFunction.java:[85,25] com.google.template.soy.data.SoyLegacyObjectMap in com.google.template.soy.data has been deprecated
[WARNING] /home/cgzhu/projects/gitslice/resources/facts/upgrade_jars_exp/_downloads/closure-templates/java/src/com/google/template/soy/SoyCmdLineParser.java:[33,18] registerHandler(java.lang.Class,java.lang.Class<? extends org.kohsuke.args4j.spi.OptionHandler>) in org.kohsuke.args4j.CmdLineParser has been deprecated
[WARNING] /home/cgzhu/projects/gitslice/resources/facts/upgrade_jars_exp/_downloads/closure-templates/java/src/com/google/template/soy/SoyCmdLineParser.java:[35,18] registerHandler(java.lang.Class,java.lang.Class<? extends org.kohsuke.args4j.spi.OptionHandler>) in org.kohsuke.args4j.CmdLineParser has been deprecated
[WARNING] /home/cgzhu/projects/gitslice/resources/facts/upgrade_jars_exp/_downloads/closure-templates/java/src/com/google/template/soy/SoyCmdLineParser.java:[36,18] registerHandler(java.lang.Class,java.lang.Class<? extends org.kohsuke.args4j.spi.OptionHandler>) in org.kohsuke.args4j.CmdLineParser has been deprecated
[WARNING] /home/cgzhu/projects/gitslice/resources/facts/upgrade_jars_exp/_downloads/closure-templates/java/src/com/google/template/soy/SoyCmdLineParser.java:[37,18] registerHandler(java.lang.Class,java.lang.Class<? extends org.kohsuke.args4j.spi.OptionHandler>) in org.kohsuke.args4j.CmdLineParser has been deprecated
[WARNING] /home/cgzhu/projects/gitslice/resources/facts/upgrade_jars_exp/_downloads/closure-templates/java/src/com/google/template/soy/basicfunctions/KeysFunction.java:[82,26] com.google.template.soy.data.SoyLegacyObjectMap in com.google.template.soy.data has been deprecated
[WARNING] /home/cgzhu/projects/gitslice/resources/facts/upgrade_jars_exp/_downloads/closure-templates/java/src/com/google/template/soy/basicfunctions/KeysFunction.java:[86,65] com.google.template.soy.data.SoyLegacyObjectMap in com.google.template.soy.data has been deprecated
[WARNING] /home/cgzhu/projects/gitslice/resources/facts/upgrade_jars_exp/_downloads/closure-templates/java/src/com/google/template/soy/basicfunctions/KeysFunction.java:[111,63] com.google.template.soy.data.SoyLegacyObjectMap in com.google.template.soy.data has been deprecated
[WARNING] /home/cgzhu/projects/gitslice/resources/facts/upgrade_jars_exp/_downloads/closure-templates/java/src/com/google/template/soy/basicfunctions/KeysFunction.java:[129,70] com.google.template.soy.data.SoyLegacyObjectMap in com.google.template.soy.data has been deprecated
[WARNING] /home/cgzhu/projects/gitslice/resources/facts/upgrade_jars_exp/_downloads/closure-templates/java/src/com/google/template/soy/examples/FeaturesUsage.java:[107,18] setUsageWidth(int) in org.kohsuke.args4j.CmdLineParser has been deprecated
[WARNING] /home/cgzhu/projects/gitslice/resources/facts/upgrade_jars_exp/_downloads/closure-templates/java/src/com/google/template/soy/data/SoyProtoValueImpl.java:[61,31] com.google.template.soy.data.SoyLegacyObjectMap in com.google.template.soy.data has been deprecated
[WARNING] /home/cgzhu/projects/gitslice/resources/facts/upgrade_jars_exp/_downloads/closure-templates/java/src/com/google/template/soy/jbcsrc/runtime/JbcSrcRuntime.java:[249,7] com.google.template.soy.data.SoyLegacyObjectMap in com.google.template.soy.data has been deprecated
[WARNING] /home/cgzhu/projects/gitslice/resources/facts/upgrade_jars_exp/_downloads/closure-templates/java/src/com/google/template/soy/basicfunctions/BasicFunctionsRuntime.java:[78,37] com.google.template.soy.data.SoyLegacyObjectMap in com.google.template.soy.data has been deprecated
[WARNING] /home/cgzhu/projects/gitslice/resources/facts/upgrade_jars_exp/_downloads/closure-templates/java/src/com/google/template/soy/sharedpasses/render/TofuTypeChecks.java:[76,33] com.google.template.soy.data.SoyLegacyObjectMap in com.google.template.soy.data has been deprecated
[INFO] 
[INFO] --- maven-resources-plugin:2.6:testResources (default-testResources) @ soy ---
[INFO] Using 'UTF-8' encoding to copy filtered resources.
[INFO] Copying 212 resources
[INFO] 
[INFO] --- maven-compiler-plugin:3.5.1:testCompile (default-testCompile) @ soy ---
[INFO] Changes detected - recompiling the module!
[INFO] Compiling 251 source files to /home/cgzhu/projects/gitslice/resources/facts/upgrade_jars_exp/_downloads/closure-templates/target/test-classes
[WARNING] /home/cgzhu/projects/gitslice/resources/facts/upgrade_jars_exp/_downloads/closure-templates/java/tests/com/google/template/soy/basicfunctions/LegacyObjectMapToMapFunctionTest.java:[24,36] com.google.template.soy.data.SoyLegacyObjectMap in com.google.template.soy.data has been deprecated
[WARNING] /home/cgzhu/projects/gitslice/resources/facts/upgrade_jars_exp/_downloads/closure-templates/java/tests/com/google/template/soy/jbcsrc/ExpressionCompilerTest.java:[36,36] com.google.template.soy.data.SoyLegacyObjectMap in com.google.template.soy.data has been deprecated
[WARNING] /home/cgzhu/projects/gitslice/resources/facts/upgrade_jars_exp/_downloads/closure-templates/java/tests/com/google/template/soy/basicfunctions/AugmentMapFunctionTest.java:[23,36] com.google.template.soy.data.SoyLegacyObjectMap in com.google.template.soy.data has been deprecated
[WARNING] /home/cgzhu/projects/gitslice/resources/facts/upgrade_jars_exp/_downloads/closure-templates/java/tests/com/google/template/soy/data/internal/EasyListImplTest.java:[22,36] com.google.template.soy.data.SoyEasyList in com.google.template.soy.data has been deprecated
[WARNING] /home/cgzhu/projects/gitslice/resources/facts/upgrade_jars_exp/_downloads/closure-templates/java/tests/com/google/template/soy/sharedpasses/render/TofuTypeChecksTest.java:[23,36] com.google.template.soy.data.SoyLegacyObjectMap in com.google.template.soy.data has been deprecated
[WARNING] /home/cgzhu/projects/gitslice/resources/facts/upgrade_jars_exp/_downloads/closure-templates/java/tests/com/google/template/soy/basicfunctions/LegacyObjectMapToMapFunctionTest.java:[24,36] com.google.template.soy.data.SoyLegacyObjectMap in com.google.template.soy.data has been deprecated
[WARNING] /home/cgzhu/projects/gitslice/resources/facts/upgrade_jars_exp/_downloads/closure-templates/java/tests/com/google/template/soy/jbcsrc/ExpressionCompilerTest.java:[36,36] com.google.template.soy.data.SoyLegacyObjectMap in com.google.template.soy.data has been deprecated
[WARNING] /home/cgzhu/projects/gitslice/resources/facts/upgrade_jars_exp/_downloads/closure-templates/java/tests/com/google/template/soy/basicfunctions/AugmentMapFunctionTest.java:[23,36] com.google.template.soy.data.SoyLegacyObjectMap in com.google.template.soy.data has been deprecated
[WARNING] /home/cgzhu/projects/gitslice/resources/facts/upgrade_jars_exp/_downloads/closure-templates/java/tests/com/google/template/soy/data/internal/EasyListImplTest.java:[22,36] com.google.template.soy.data.SoyEasyList in com.google.template.soy.data has been deprecated
[WARNING] /home/cgzhu/projects/gitslice/resources/facts/upgrade_jars_exp/_downloads/closure-templates/java/tests/com/google/template/soy/sharedpasses/render/TofuTypeChecksTest.java:[23,36] com.google.template.soy.data.SoyLegacyObjectMap in com.google.template.soy.data has been deprecated
[WARNING] /home/cgzhu/projects/gitslice/resources/facts/upgrade_jars_exp/_downloads/closure-templates/java/tests/com/google/template/soy/basicfunctions/LegacyObjectMapToMapFunctionTest.java:[24,36] com.google.template.soy.data.SoyLegacyObjectMap in com.google.template.soy.data has been deprecated
[WARNING] /home/cgzhu/projects/gitslice/resources/facts/upgrade_jars_exp/_downloads/closure-templates/java/tests/com/google/template/soy/jbcsrc/ExpressionCompilerTest.java:[36,36] com.google.template.soy.data.SoyLegacyObjectMap in com.google.template.soy.data has been deprecated
[WARNING] /home/cgzhu/projects/gitslice/resources/facts/upgrade_jars_exp/_downloads/closure-templates/java/tests/com/google/template/soy/basicfunctions/AugmentMapFunctionTest.java:[23,36] com.google.template.soy.data.SoyLegacyObjectMap in com.google.template.soy.data has been deprecated
[WARNING] /home/cgzhu/projects/gitslice/resources/facts/upgrade_jars_exp/_downloads/closure-templates/java/tests/com/google/template/soy/data/internal/EasyListImplTest.java:[22,36] com.google.template.soy.data.SoyEasyList in com.google.template.soy.data has been deprecated
[WARNING] /home/cgzhu/projects/gitslice/resources/facts/upgrade_jars_exp/_downloads/closure-templates/java/tests/com/google/template/soy/sharedpasses/render/TofuTypeChecksTest.java:[23,36] com.google.template.soy.data.SoyLegacyObjectMap in com.google.template.soy.data has been deprecated
[WARNING] /home/cgzhu/projects/gitslice/resources/facts/upgrade_jars_exp/_downloads/closure-templates/java/tests/com/google/template/soy/basicfunctions/LegacyObjectMapToMapFunctionTest.java:[24,36] com.google.template.soy.data.SoyLegacyObjectMap in com.google.template.soy.data has been deprecated
[WARNING] /home/cgzhu/projects/gitslice/resources/facts/upgrade_jars_exp/_downloads/closure-templates/java/tests/com/google/template/soy/jbcsrc/ExpressionCompilerTest.java:[36,36] com.google.template.soy.data.SoyLegacyObjectMap in com.google.template.soy.data has been deprecated
[WARNING] /home/cgzhu/projects/gitslice/resources/facts/upgrade_jars_exp/_downloads/closure-templates/java/tests/com/google/template/soy/basicfunctions/AugmentMapFunctionTest.java:[23,36] com.google.template.soy.data.SoyLegacyObjectMap in com.google.template.soy.data has been deprecated
[WARNING] /home/cgzhu/projects/gitslice/resources/facts/upgrade_jars_exp/_downloads/closure-templates/java/tests/com/google/template/soy/data/internal/EasyListImplTest.java:[22,36] com.google.template.soy.data.SoyEasyList in com.google.template.soy.data has been deprecated
[WARNING] /home/cgzhu/projects/gitslice/resources/facts/upgrade_jars_exp/_downloads/closure-templates/java/tests/com/google/template/soy/sharedpasses/render/TofuTypeChecksTest.java:[23,36] com.google.template.soy.data.SoyLegacyObjectMap in com.google.template.soy.data has been deprecated
[WARNING] /home/cgzhu/projects/gitslice/resources/facts/upgrade_jars_exp/_downloads/closure-templates/java/tests/com/google/template/soy/basicfunctions/LegacyObjectMapToMapFunctionTest.java:[51,5] com.google.template.soy.data.SoyLegacyObjectMap in com.google.template.soy.data has been deprecated
[WARNING] /home/cgzhu/projects/gitslice/resources/facts/upgrade_jars_exp/_downloads/closure-templates/target/generated-test-sources/protobuf/com/google/template/soy/testing/ExampleExtendable.java:[86,102] valueOf(int) in com.google.template.soy.testing.SomeEnum has been deprecated
[WARNING] /home/cgzhu/projects/gitslice/resources/facts/upgrade_jars_exp/_downloads/closure-templates/target/generated-test-sources/protobuf/com/google/template/soy/testing/ExampleExtendable.java:[100,105] PARSER in com.google.template.soy.testing.SomeEmbeddedMessage has been deprecated
[WARNING] /home/cgzhu/projects/gitslice/resources/facts/upgrade_jars_exp/_downloads/closure-templates/target/generated-test-sources/protobuf/com/google/template/soy/testing/ExampleExtendable.java:[842,95] valueOf(int) in com.google.template.soy.testing.SomeEnum has been deprecated
[WARNING] /home/cgzhu/projects/gitslice/resources/facts/upgrade_jars_exp/_downloads/closure-templates/target/generated-test-sources/protobuf/com/google/template/soy/testing/ExampleExtendable.java:[2187,97] valueOf(int) in com.google.template.soy.testing.SomeEnum has been deprecated
[WARNING] /home/cgzhu/projects/gitslice/resources/facts/upgrade_jars_exp/_downloads/closure-templates/java/tests/com/google/template/soy/data/SoyDataTest.java:[40,23] createFromExistingData(java.lang.Object) in com.google.template.soy.data.SoyData has been deprecated
[WARNING] /home/cgzhu/projects/gitslice/resources/facts/upgrade_jars_exp/_downloads/closure-templates/java/tests/com/google/template/soy/data/SoyDataTest.java:[41,23] createFromExistingData(java.lang.Object) in com.google.template.soy.data.SoyData has been deprecated
[WARNING] /home/cgzhu/projects/gitslice/resources/facts/upgrade_jars_exp/_downloads/closure-templates/java/tests/com/google/template/soy/data/SoyDataTest.java:[43,23] createFromExistingData(java.lang.Object) in com.google.template.soy.data.SoyData has been deprecated
[WARNING] /home/cgzhu/projects/gitslice/resources/facts/upgrade_jars_exp/_downloads/closure-templates/java/tests/com/google/template/soy/data/SoyDataTest.java:[44,23] createFromExistingData(java.lang.Object) in com.google.template.soy.data.SoyData has been deprecated
[WARNING] /home/cgzhu/projects/gitslice/resources/facts/upgrade_jars_exp/_downloads/closure-templates/java/tests/com/google/template/soy/data/SoyDataTest.java:[45,23] createFromExistingData(java.lang.Object) in com.google.template.soy.data.SoyData has been deprecated
[WARNING] /home/cgzhu/projects/gitslice/resources/facts/upgrade_jars_exp/_downloads/closure-templates/java/tests/com/google/template/soy/data/SoyDataTest.java:[47,34] createFromExistingData(java.lang.Object) in com.google.template.soy.data.SoyData has been deprecated
[WARNING] /home/cgzhu/projects/gitslice/resources/facts/upgrade_jars_exp/_downloads/closure-templates/java/tests/com/google/template/soy/data/SoyDataTest.java:[50,38] createFromExistingData(java.lang.Object) in com.google.template.soy.data.SoyData has been deprecated
[WARNING] /home/cgzhu/projects/gitslice/resources/facts/upgrade_jars_exp/_downloads/closure-templates/java/tests/com/google/template/soy/data/SoyDataTest.java:[52,38] createFromExistingData(java.lang.Object) in com.google.template.soy.data.SoyData has been deprecated
[WARNING] /home/cgzhu/projects/gitslice/resources/facts/upgrade_jars_exp/_downloads/closure-templates/java/tests/com/google/template/soy/data/SoyDataTest.java:[55,23] createFromExistingData(java.lang.Object) in com.google.template.soy.data.SoyData has been deprecated
[WARNING] /home/cgzhu/projects/gitslice/resources/facts/upgrade_jars_exp/_downloads/closure-templates/java/tests/com/google/template/soy/data/SoyDataTest.java:[56,31] createFromExistingData(java.lang.Object) in com.google.template.soy.data.SoyData has been deprecated
[WARNING] /home/cgzhu/projects/gitslice/resources/facts/upgrade_jars_exp/_downloads/closure-templates/java/tests/com/google/template/soy/jbcsrc/ExpressionCompilerTest.java:[560,53] com.google.template.soy.data.SoyLegacyObjectMap in com.google.template.soy.data has been deprecated
[WARNING] /home/cgzhu/projects/gitslice/resources/facts/upgrade_jars_exp/_downloads/closure-templates/target/generated-test-sources/protobuf/com/google/template/soy/testing/KvMap.java:[57,73] PARSER in com.google.template.soy.testing.KvPair has been deprecated
[WARNING] /home/cgzhu/projects/gitslice/resources/facts/upgrade_jars_exp/_downloads/closure-templates/target/generated-test-sources/protobuf/com/google/template/soy/testing/KvMap.java:[66,73] PARSER in com.google.template.soy.testing.KvPair has been deprecated
[WARNING] /home/cgzhu/projects/gitslice/resources/facts/upgrade_jars_exp/_downloads/closure-templates/java/tests/com/google/template/soy/basicfunctions/AugmentMapFunctionTest.java:[43,5] com.google.template.soy.data.SoyLegacyObjectMap in com.google.template.soy.data has been deprecated
[WARNING] /home/cgzhu/projects/gitslice/resources/facts/upgrade_jars_exp/_downloads/closure-templates/java/tests/com/google/template/soy/basicfunctions/AugmentMapFunctionTest.java:[46,5] com.google.template.soy.data.SoyLegacyObjectMap in com.google.template.soy.data has been deprecated
[WARNING] /home/cgzhu/projects/gitslice/resources/facts/upgrade_jars_exp/_downloads/closure-templates/java/tests/com/google/template/soy/pysrc/internal/SoyExprForPySubject.java:[115,53] getSubject() in com.google.common.truth.Subject has been deprecated
[WARNING] /home/cgzhu/projects/gitslice/resources/facts/upgrade_jars_exp/_downloads/closure-templates/java/tests/com/google/template/soy/pysrc/internal/SoyExprForPySubject.java:[175,86] getSubject() in com.google.common.truth.Subject has been deprecated
[WARNING] /home/cgzhu/projects/gitslice/resources/facts/upgrade_jars_exp/_downloads/closure-templates/java/tests/com/google/template/soy/data/internal/EasyListImplTest.java:[43,25] com.google.template.soy.data.internal.EasyListImpl in com.google.template.soy.data.internal has been deprecated
[WARNING] /home/cgzhu/projects/gitslice/resources/facts/upgrade_jars_exp/_downloads/closure-templates/java/tests/com/google/template/soy/data/internal/EasyListImplTest.java:[46,25] com.google.template.soy.data.internal.EasyListImpl in com.google.template.soy.data.internal has been deprecated
[WARNING] /home/cgzhu/projects/gitslice/resources/facts/upgrade_jars_exp/_downloads/closure-templates/java/tests/com/google/template/soy/data/internal/EasyListImplTest.java:[61,5] com.google.template.soy.data.SoyEasyList in com.google.template.soy.data has been deprecated
[WARNING] /home/cgzhu/projects/gitslice/resources/facts/upgrade_jars_exp/_downloads/closure-templates/java/tests/com/google/template/soy/data/internal/EasyListImplTest.java:[61,28] com.google.template.soy.data.internal.EasyListImpl in com.google.template.soy.data.internal has been deprecated
[WARNING] /home/cgzhu/projects/gitslice/resources/facts/upgrade_jars_exp/_downloads/closure-templates/java/tests/com/google/template/soy/data/internal/EasyListImplTest.java:[67,9] add(com.google.template.soy.data.SoyValueProvider) in com.google.template.soy.data.SoyEasyList has been deprecated
[WARNING] /home/cgzhu/projects/gitslice/resources/facts/upgrade_jars_exp/_downloads/closure-templates/java/tests/com/google/template/soy/data/internal/EasyListImplTest.java:[68,9] add(com.google.template.soy.data.SoyValueProvider) in com.google.template.soy.data.SoyEasyList has been deprecated
[WARNING] /home/cgzhu/projects/gitslice/resources/facts/upgrade_jars_exp/_downloads/closure-templates/java/tests/com/google/template/soy/data/internal/EasyListImplTest.java:[69,9] add(com.google.template.soy.data.SoyValueProvider) in com.google.template.soy.data.SoyEasyList has been deprecated
[WARNING] /home/cgzhu/projects/gitslice/resources/facts/upgrade_jars_exp/_downloads/closure-templates/java/tests/com/google/template/soy/sharedpasses/render/TofuTypeChecksTest.java:[71,24] com.google.template.soy.data.SoyLegacyObjectMap in com.google.template.soy.data has been deprecated
[WARNING] /home/cgzhu/projects/gitslice/resources/facts/upgrade_jars_exp/_downloads/closure-templates/target/generated-test-sources/protobuf/com/google/template/soy/testing/MessageField.java:[53,73] PARSER in com.google.template.soy.testing.Foo has been deprecated
[WARNING] /home/cgzhu/projects/gitslice/resources/facts/upgrade_jars_exp/_downloads/closure-templates/target/generated-test-sources/protobuf/com/google/template/soy/testing/Extension.java:[70,112] valueOf(int) in com.google.template.soy.testing.Foo.InnerEnum has been deprecated
[WARNING] /home/cgzhu/projects/gitslice/resources/facts/upgrade_jars_exp/_downloads/closure-templates/target/generated-test-sources/protobuf/com/google/template/soy/testing/Extension.java:[188,105] valueOf(int) in com.google.template.soy.testing.Foo.InnerEnum has been deprecated
[WARNING] /home/cgzhu/projects/gitslice/resources/facts/upgrade_jars_exp/_downloads/closure-templates/target/generated-test-sources/protobuf/com/google/template/soy/testing/Extension.java:[715,107] valueOf(int) in com.google.template.soy.testing.Foo.InnerEnum has been deprecated
[WARNING] /home/cgzhu/projects/gitslice/resources/facts/upgrade_jars_exp/_downloads/closure-templates/java/tests/com/google/template/soy/jssrc/restricted/JsExprUtilsTest.java:[75,27] maybeWrapAsSanitizedContent(com.google.template.soy.data.SanitizedContent.ContentKind,com.google.template.soy.jssrc.restricted.JsExpr) in com.google.template.soy.jssrc.restricted.JsExprUtils has been deprecated
[WARNING] /home/cgzhu/projects/gitslice/resources/facts/upgrade_jars_exp/_downloads/closure-templates/java/tests/com/google/template/soy/jssrc/restricted/JsExprUtilsTest.java:[77,27] maybeWrapAsSanitizedContent(com.google.template.soy.data.SanitizedContent.ContentKind,com.google.template.soy.jssrc.restricted.JsExpr) in com.google.template.soy.jssrc.restricted.JsExprUtils has been deprecated
[INFO] 
[INFO] --- maven-surefire-plugin:2.18.1:test (default-test) @ soy ---
[INFO] Surefire report directory: /home/cgzhu/projects/gitslice/resources/facts/upgrade_jars_exp/_downloads/closure-templates/target/surefire-reports

-------------------------------------------------------
 T E S T S
-------------------------------------------------------
Running com.google.template.soy.parseinfo.passes.GenerateParseInfoVisitorTest
Tests run: 2, Failures: 0, Errors: 0, Skipped: 0, Time elapsed: 0.035 sec - in com.google.template.soy.parseinfo.passes.GenerateParseInfoVisitorTest
Running com.google.template.soy.msgs.SoyMsgBundleWithFullLocaleTest
Tests run: 3, Failures: 0, Errors: 0, Skipped: 0, Time elapsed: 0.04 sec - in com.google.template.soy.msgs.SoyMsgBundleWithFullLocaleTest
Running com.google.template.soy.msgs.restricted.SoyMsgBundleCompactorTest
Tests run: 2, Failures: 0, Errors: 0, Skipped: 0, Time elapsed: 0.008 sec - in com.google.template.soy.msgs.restricted.SoyMsgBundleCompactorTest
Running com.google.template.soy.msgs.restricted.SoyMsgBundleImplTest
Tests run: 2, Failures: 0, Errors: 0, Skipped: 0, Time elapsed: 0.002 sec - in com.google.template.soy.msgs.restricted.SoyMsgBundleImplTest
Running com.google.template.soy.msgs.restricted.CompactInternerTest
Tests run: 3, Failures: 0, Errors: 0, Skipped: 0, Time elapsed: 0.313 sec - in com.google.template.soy.msgs.restricted.CompactInternerTest
Running com.google.template.soy.msgs.restricted.RenderOnlySoyMsgBundleImplTest
Tests run: 5, Failures: 0, Errors: 0, Skipped: 0, Time elapsed: 0.036 sec - in com.google.template.soy.msgs.restricted.RenderOnlySoyMsgBundleImplTest
Running com.google.template.soy.msgs.restricted.SoyMsgRawTextPartTest
Tests run: 5, Failures: 0, Errors: 0, Skipped: 0, Time elapsed: 0.006 sec - in com.google.template.soy.msgs.restricted.SoyMsgRawTextPartTest
Running com.google.template.soy.msgs.internal.IcuSyntaxUtilsTest
Tests run: 1, Failures: 0, Errors: 0, Skipped: 0, Time elapsed: 0 sec - in com.google.template.soy.msgs.internal.IcuSyntaxUtilsTest
Running com.google.template.soy.msgs.internal.SoyMsgIdComputerTest
Tests run: 3, Failures: 0, Errors: 0, Skipped: 0, Time elapsed: 0.002 sec - in com.google.template.soy.msgs.internal.SoyMsgIdComputerTest
Running com.google.template.soy.msgs.internal.InsertMsgsVisitorTest
Tests run: 5, Failures: 0, Errors: 0, Skipped: 0, Time elapsed: 0.457 sec - in com.google.template.soy.msgs.internal.InsertMsgsVisitorTest
Running com.google.template.soy.logging.ValidatedLoggingConfigTest
Tests run: 4, Failures: 0, Errors: 0, Skipped: 0, Time elapsed: 0.006 sec - in com.google.template.soy.logging.ValidatedLoggingConfigTest
Running com.google.template.soy.basetree.AbstractNodeTest
Tests run: 1, Failures: 0, Errors: 0, Skipped: 0, Time elapsed: 0 sec - in com.google.template.soy.basetree.AbstractNodeTest
Running com.google.template.soy.basetree.CopyPolicyTest
Tests run: 1, Failures: 0, Errors: 0, Skipped: 0, Time elapsed: 0.148 sec - in com.google.template.soy.basetree.CopyPolicyTest
Running com.google.template.soy.soytree.MsgHtmlTagNodeTest
Tests run: 8, Failures: 0, Errors: 0, Skipped: 0, Time elapsed: 0.166 sec - in com.google.template.soy.soytree.MsgHtmlTagNodeTest
Running com.google.template.soy.soytree.SoyTreeUtilsTest
Tests run: 6, Failures: 0, Errors: 0, Skipped: 0, Time elapsed: 0.117 sec - in com.google.template.soy.soytree.SoyTreeUtilsTest
Running com.google.template.soy.soytree.HtmlCloseTagNodeTest
Tests run: 1, Failures: 0, Errors: 0, Skipped: 0, Time elapsed: 0 sec - in com.google.template.soy.soytree.HtmlCloseTagNodeTest
Running com.google.template.soy.soytree.VeLogNodeTest
Tests run: 5, Failures: 0, Errors: 0, Skipped: 0, Time elapsed: 0.052 sec - in com.google.template.soy.soytree.VeLogNodeTest
Running com.google.template.soy.soytree.AbstractSoyNodeVisitorTest
Tests run: 1, Failures: 0, Errors: 0, Skipped: 0, Time elapsed: 0.008 sec - in com.google.template.soy.soytree.AbstractSoyNodeVisitorTest
Running com.google.template.soy.soytree.PrintNodeTest
Tests run: 2, Failures: 0, Errors: 0, Skipped: 0, Time elapsed: 0.011 sec - in com.google.template.soy.soytree.PrintNodeTest
Running com.google.template.soy.soytree.HtmlOpenTagNodeTest
Tests run: 3, Failures: 0, Errors: 0, Skipped: 0, Time elapsed: 0.032 sec - in com.google.template.soy.soytree.HtmlOpenTagNodeTest
Running com.google.template.soy.soytree.TemplateNodeTest
Tests run: 12, Failures: 0, Errors: 0, Skipped: 0, Time elapsed: 0.192 sec - in com.google.template.soy.soytree.TemplateNodeTest
Running com.google.template.soy.soytree.MsgNodeTest
Tests run: 10, Failures: 0, Errors: 0, Skipped: 0, Time elapsed: 0.08 sec - in com.google.template.soy.soytree.MsgNodeTest
Running com.google.template.soy.soytree.TemplateRegistryTest
Tests run: 10, Failures: 0, Errors: 0, Skipped: 0, Time elapsed: 0.07 sec - in com.google.template.soy.soytree.TemplateRegistryTest
Running com.google.template.soy.soytree.RawTextNodeTest
Tests run: 1, Failures: 0, Errors: 0, Skipped: 0, Time elapsed: 0 sec - in com.google.template.soy.soytree.RawTextNodeTest
Running com.google.template.soy.soytree.MsgSubstUnitBaseVarNameUtilsTest
Tests run: 2, Failures: 0, Errors: 0, Skipped: 0, Time elapsed: 0.002 sec - in com.google.template.soy.soytree.MsgSubstUnitBaseVarNameUtilsTest
Running com.google.template.soy.passes.ResolvePackageRelativeCssNamesVisitorTest
Tests run: 5, Failures: 0, Errors: 0, Skipped: 0, Time elapsed: 0.034 sec - in com.google.template.soy.passes.ResolvePackageRelativeCssNamesVisitorTest
Running com.google.template.soy.passes.CheckTemplateParamsVisitorTest
Tests run: 14, Failures: 0, Errors: 0, Skipped: 0, Time elapsed: 0.13 sec - in com.google.template.soy.passes.CheckTemplateParamsVisitorTest
Running com.google.template.soy.passes.AddHtmlCommentsForDebugPassTest
Tests run: 13, Failures: 0, Errors: 0, Skipped: 0, Time elapsed: 0.182 sec - in com.google.template.soy.passes.AddHtmlCommentsForDebugPassTest
Running com.google.template.soy.passes.VerifyPhnameAttrOnlyOnPlaceholdersVisitorTest
Tests run: 1, Failures: 0, Errors: 0, Skipped: 0, Time elapsed: 0.025 sec - in com.google.template.soy.passes.VerifyPhnameAttrOnlyOnPlaceholdersVisitorTest
Running com.google.template.soy.passes.ResolveExpressionTypesVisitorTest
Tests run: 37, Failures: 0, Errors: 0, Skipped: 0, Time elapsed: 0.269 sec - in com.google.template.soy.passes.ResolveExpressionTypesVisitorTest
Running com.google.template.soy.passes.FindTransitiveDepTemplatesVisitorTest
Tests run: 7, Failures: 0, Errors: 0, Skipped: 0, Time elapsed: 0.043 sec - in com.google.template.soy.passes.FindTransitiveDepTemplatesVisitorTest
Running com.google.template.soy.passes.ContentSecurityPolicyNonceInjectionPassTest
Aug 15, 2019 12:29:59 PM com.google.template.soy.jbcsrc.BytecodeCompiler$1 getResult
INFO: Compilation took 63.05 ms
     templates: 1
       classes: 2
         bytes: 3,821
        fields: 3
  detachStates: 3
Aug 15, 2019 12:29:59 PM com.google.template.soy.jbcsrc.BytecodeCompiler compile
INFO: Loaded all classes in 1.744 ms
Aug 15, 2019 12:29:59 PM com.google.template.soy.jbcsrc.BytecodeCompiler$1 getResult
INFO: Compilation took 5.849 ms
     templates: 1
       classes: 2
         bytes: 4,727
        fields: 3
  detachStates: 8
Aug 15, 2019 12:29:59 PM com.google.template.soy.jbcsrc.BytecodeCompiler compile
INFO: Loaded all classes in 424.0 Î¼s
Tests run: 12, Failures: 0, Errors: 0, Skipped: 0, Time elapsed: 0.186 sec - in com.google.template.soy.passes.ContentSecurityPolicyNonceInjectionPassTest
Running com.google.template.soy.passes.CheckDelegatesVisitorTest
Tests run: 13, Failures: 0, Errors: 0, Skipped: 0, Time elapsed: 0.079 sec - in com.google.template.soy.passes.CheckDelegatesVisitorTest
Running com.google.template.soy.passes.HtmlRewritePassTest
Tests run: 22, Failures: 0, Errors: 0, Skipped: 0, Time elapsed: 0.247 sec - in com.google.template.soy.passes.HtmlRewritePassTest
Running com.google.template.soy.passes.AssertStrictAutoescapingVisitorTest
Tests run: 2, Failures: 0, Errors: 0, Skipped: 0, Time elapsed: 0.009 sec - in com.google.template.soy.passes.AssertStrictAutoescapingVisitorTest
Running com.google.template.soy.passes.CheckTemplateVisibilityTest
Tests run: 4, Failures: 0, Errors: 0, Skipped: 0, Time elapsed: 0.019 sec - in com.google.template.soy.passes.CheckTemplateVisibilityTest
Running com.google.template.soy.passes.DesugarHtmlNodesPassTest
Tests run: 4, Failures: 0, Errors: 0, Skipped: 0, Time elapsed: 0.084 sec - in com.google.template.soy.passes.DesugarHtmlNodesPassTest
Running com.google.template.soy.passes.RewriteGlobalsPassTest
Tests run: 1, Failures: 0, Errors: 0, Skipped: 0, Time elapsed: 0.004 sec - in com.google.template.soy.passes.RewriteGlobalsPassTest
Running com.google.template.soy.passes.ResolveNamesVisitorTest
Tests run: 10, Failures: 0, Errors: 0, Skipped: 1, Time elapsed: 0.067 sec - in com.google.template.soy.passes.ResolveNamesVisitorTest
Running com.google.template.soy.passes.CheckFunctionCallsVisitorTest
Tests run: 9, Failures: 0, Errors: 0, Skipped: 0, Time elapsed: 0.066 sec - in com.google.template.soy.passes.CheckFunctionCallsVisitorTest
Running com.google.template.soy.passes.CombineConsecutiveRawTextNodesPassTest
Tests run: 3, Failures: 0, Errors: 0, Skipped: 0, Time elapsed: 0.371 sec - in com.google.template.soy.passes.CombineConsecutiveRawTextNodesPassTest
Running com.google.template.soy.passes.ClearSoyDocStringsVisitorTest
Tests run: 1, Failures: 0, Errors: 0, Skipped: 0, Time elapsed: 0.001 sec - in com.google.template.soy.passes.ClearSoyDocStringsVisitorTest
Running com.google.template.soy.passes.RewriteGenderMsgsVisitorTest
Tests run: 10, Failures: 0, Errors: 0, Skipped: 0, Time elapsed: 0.074 sec - in com.google.template.soy.passes.RewriteGenderMsgsVisitorTest
Running com.google.template.soy.passes.FindIndirectParamsVisitorTest
Tests run: 1, Failures: 0, Errors: 0, Skipped: 0, Time elapsed: 0.008 sec - in com.google.template.soy.passes.FindIndirectParamsVisitorTest
Running com.google.template.soy.passes.FindIjParamsVisitorTest
Tests run: 7, Failures: 0, Errors: 0, Skipped: 0, Time elapsed: 0.033 sec - in com.google.template.soy.passes.FindIjParamsVisitorTest
Running com.google.template.soy.passes.AddDebugAttributesPassTest
Tests run: 2, Failures: 0, Errors: 0, Skipped: 0, Time elapsed: 0.022 sec - in com.google.template.soy.passes.AddDebugAttributesPassTest
Running com.google.template.soy.shared.restricted.SoyDeprecatedTest
Tests run: 1, Failures: 0, Errors: 0, Skipped: 0, Time elapsed: 0.005 sec - in com.google.template.soy.shared.restricted.SoyDeprecatedTest
Running com.google.template.soy.shared.SoyAstCacheTest
Tests run: 2, Failures: 0, Errors: 0, Skipped: 0, Time elapsed: 0 sec - in com.google.template.soy.shared.SoyAstCacheTest
Running com.google.template.soy.shared.internal.EscapingConventionsTest
Tests run: 16, Failures: 0, Errors: 0, Skipped: 0, Time elapsed: 1.08 sec - in com.google.template.soy.shared.internal.EscapingConventionsTest
Running com.google.template.soy.shared.internal.FindCalleesNotInFileVisitorTest
Tests run: 1, Failures: 0, Errors: 0, Skipped: 0, Time elapsed: 0.005 sec - in com.google.template.soy.shared.internal.FindCalleesNotInFileVisitorTest
Running com.google.template.soy.shared.internal.MainEntryPointUtilsTest
Tests run: 2, Failures: 0, Errors: 0, Skipped: 0, Time elapsed: 0 sec - in com.google.template.soy.shared.internal.MainEntryPointUtilsTest
Running com.google.template.soy.shared.internal.SharedRuntimeTest
Tests run: 4, Failures: 0, Errors: 0, Skipped: 0, Time elapsed: 0.001 sec - in com.google.template.soy.shared.internal.SharedRuntimeTest
Running com.google.template.soy.shared.internal.SanitizersTest
Aug 15, 2019 12:30:01 PM com.google.template.soy.shared.internal.Sanitizers filterNoAutoescape
WARNING: |noAutoescape received value explicitly tagged as ContentKind.TEXT: 'x'
Aug 15, 2019 12:30:01 PM com.google.template.soy.shared.internal.Sanitizers filterNoAutoescape
WARNING: |noAutoescape received value explicitly tagged as ContentKind.TEXT: '<!@*!@(*!@(>'
Aug 15, 2019 12:30:01 PM com.google.template.soy.shared.internal.Sanitizers filterImageDataUri
WARNING: |filterImageDataUri received bad value 'blob:http%3A//www.example.com/e00aa4f2-d86e-40ed-8b15-ad09c91b8989'
Aug 15, 2019 12:30:01 PM com.google.template.soy.shared.internal.Sanitizers filterImageDataUri
WARNING: |filterImageDataUri received bad value 'data:image/svg+xml;base64,ABCDEFGHIJKLMNOPQRSTUVWXYZabcdefghijklmnopqrstuvwxyz/+'
Aug 15, 2019 12:30:01 PM com.google.template.soy.shared.internal.Sanitizers filterImageDataUri
WARNING: |filterImageDataUri received bad value 'data:image/blargyblarg99;base64,ABCDEFGHIJKLMNOPQRSTUVWXYZabcdefghijklmnopqrstuvwxyz/+'
Aug 15, 2019 12:30:01 PM com.google.template.soy.shared.internal.Sanitizers filterImageDataUri
WARNING: |filterImageDataUri received bad value 'data:image/foo;base64,ABCDEFGHIJKLMNOPQRSTUVWXYZabcdefghijklmnopqrstuvwxyz/+'
Aug 15, 2019 12:30:01 PM com.google.template.soy.shared.internal.Sanitizers filterImageDataUri
WARNING: |filterImageDataUri received bad value '/foo'
Aug 15, 2019 12:30:01 PM com.google.template.soy.shared.internal.Sanitizers filterImageDataUri
WARNING: |filterImageDataUri received bad value 'https://www.google.com'
Aug 15, 2019 12:30:01 PM com.google.template.soy.shared.internal.Sanitizers filterImageDataUri
WARNING: |filterImageDataUri received bad value 'https://www.google.com/foo.png'
Aug 15, 2019 12:30:01 PM com.google.template.soy.shared.internal.Sanitizers filterImageDataUri
WARNING: |filterImageDataUri received bad value 'data:video/mp4;base64,ABCDEFGHIJKLMNOPQRSTUVWXYZabcdefghijklmnopqrstuvwxyz/+'
Aug 15, 2019 12:30:01 PM com.google.template.soy.shared.internal.Sanitizers filterNormalizeMediaUri
WARNING: |filterNormalizeMediaUri received bad value 'data:video/mp4;base64,ABCDEFGHIJKLMNOPQRSTUVWXYZabcdefghijklmnopqrstuvwxyz/+'
Aug 15, 2019 12:30:01 PM com.google.template.soy.shared.internal.Sanitizers filterImageDataUri
WARNING: |filterImageDataUri received bad value 'data:video/mp4;base64,ABCDEFGHIJKLMNOPQRSTUVWXYZabcdefghijklmnopqrstuvwxyz/+ABCDEFGHIJKLMNOPQRSTUVWXYZabcdefghijklmnopqrstuvwxyz/+'
Aug 15, 2019 12:30:01 PM com.google.template.soy.shared.internal.Sanitizers filterNormalizeMediaUri
WARNING: |filterNormalizeMediaUri received bad value 'data:video/mp4;base64,ABCDEFGHIJKLMNOPQRSTUVWXYZabcdefghijklmnopqrstuvwxyz/+ABCDEFGHIJKLMNOPQRSTUVWXYZabcdefghijklmnopqrstuvwxyz/+'
Aug 15, 2019 12:30:01 PM com.google.template.soy.shared.internal.Sanitizers filterImageDataUri
WARNING: |filterImageDataUri received bad value 'data:video/mp4;base64,ABCDEFGHIJKLMNOPQRSTUVWXYZabcdefghijklmnopqrstuvwxyz/+=='
Aug 15, 2019 12:30:01 PM com.google.template.soy.shared.internal.Sanitizers filterNormalizeMediaUri
WARNING: |filterNormalizeMediaUri received bad value 'data:video/mp4;base64,ABCDEFGHIJKLMNOPQRSTUVWXYZabcdefghijklmnopqrstuvwxyz/+=='
Aug 15, 2019 12:30:01 PM com.google.template.soy.shared.internal.Sanitizers filterImageDataUri
WARNING: |filterImageDataUri received bad value 'data:video/ogg;base64,ABCDEFGHIJKLMNOPQRSTUVWXYZabcdefghijklmnopqrstuvwxyz/+'
Aug 15, 2019 12:30:01 PM com.google.template.soy.shared.internal.Sanitizers filterNormalizeMediaUri
WARNING: |filterNormalizeMediaUri received bad value 'data:video/ogg;base64,ABCDEFGHIJKLMNOPQRSTUVWXYZabcdefghijklmnopqrstuvwxyz/+'
Aug 15, 2019 12:30:01 PM com.google.template.soy.shared.internal.Sanitizers filterImageDataUri
WARNING: |filterImageDataUri received bad value 'data:video/webm;base64,ABCDEFGHIJKLMNOPQRSTUVWXYZabcdefghijklmnopqrstuvwxyz/+'
Aug 15, 2019 12:30:01 PM com.google.template.soy.shared.internal.Sanitizers filterNormalizeMediaUri
WARNING: |filterNormalizeMediaUri received bad value 'data:video/webm;base64,ABCDEFGHIJKLMNOPQRSTUVWXYZabcdefghijklmnopqrstuvwxyz/+'
Aug 15, 2019 12:30:01 PM com.google.template.soy.shared.internal.Sanitizers filterImageDataUri
WARNING: |filterImageDataUri received bad value 'data:video/mpeg;base64,ABCDEFGHIJKLMNOPQRSTUVWXYZabcdefghijklmnopqrstuvwxyz/+'
Aug 15, 2019 12:30:01 PM com.google.template.soy.shared.internal.Sanitizers filterNormalizeMediaUri
WARNING: |filterNormalizeMediaUri received bad value 'data:video/mpeg;base64,ABCDEFGHIJKLMNOPQRSTUVWXYZabcdefghijklmnopqrstuvwxyz/+'
Aug 15, 2019 12:30:01 PM com.google.template.soy.shared.internal.Sanitizers filterImageDataUri
WARNING: |filterImageDataUri received bad value 'data:audio/ogg;base64,ABCDEFGHIJKLMNOPQRSTUVWXYZabcdefghijklmnopqrstuvwxyz/+'
Aug 15, 2019 12:30:01 PM com.google.template.soy.shared.internal.Sanitizers filterNormalizeMediaUri
WARNING: |filterNormalizeMediaUri received bad value 'data:audio/ogg;base64,ABCDEFGHIJKLMNOPQRSTUVWXYZabcdefghijklmnopqrstuvwxyz/+'
Aug 15, 2019 12:30:01 PM com.google.template.soy.shared.internal.Sanitizers filterImageDataUri
WARNING: |filterImageDataUri received bad value 'beta:image/foo;base64,ABCDEFGHIJKLMNOPQRSTUVWXYZabcdefghijklmnopqrstuvwxyz/+'
Aug 15, 2019 12:30:01 PM com.google.template.soy.shared.internal.Sanitizers filterNormalizeMediaUri
WARNING: |filterNormalizeMediaUri received bad value 'beta:image/foo;base64,ABCDEFGHIJKLMNOPQRSTUVWXYZabcdefghijklmnopqrstuvwxyz/+'
Aug 15, 2019 12:30:01 PM com.google.template.soy.shared.internal.Sanitizers filterImageDataUri
WARNING: |filterImageDataUri received bad value 'data:image/png;bake64,ABCDEFGHIJKLMNOPQRSTUVWXYZabcdefghijklmnopqrstuvwxyz/+'
Aug 15, 2019 12:30:01 PM com.google.template.soy.shared.internal.Sanitizers filterNormalizeMediaUri
WARNING: |filterNormalizeMediaUri received bad value 'data:image/png;bake64,ABCDEFGHIJKLMNOPQRSTUVWXYZabcdefghijklmnopqrstuvwxyz/+'
Aug 15, 2019 12:30:01 PM com.google.template.soy.shared.internal.Sanitizers filterImageDataUri
WARNING: |filterImageDataUri received bad value 'data:image/png;base64,ABCD.()'
Aug 15, 2019 12:30:01 PM com.google.template.soy.shared.internal.Sanitizers filterNormalizeMediaUri
WARNING: |filterNormalizeMediaUri received bad value 'data:image/png;base64,ABCD.()'
Aug 15, 2019 12:30:01 PM com.google.template.soy.shared.internal.Sanitizers filterImageDataUri
WARNING: |filterImageDataUri received bad value '
data:image/png;base64,ABCDEFGHIJKLMNOPQRSTUVWXYZabcdefghijklmnopqrstuvwxyz/+'
Aug 15, 2019 12:30:01 PM com.google.template.soy.shared.internal.Sanitizers filterNormalizeMediaUri
WARNING: |filterNormalizeMediaUri received bad value '
data:image/png;base64,ABCDEFGHIJKLMNOPQRSTUVWXYZabcdefghijklmnopqrstuvwxyz/+'
Aug 15, 2019 12:30:01 PM com.google.template.soy.shared.internal.Sanitizers filterImageDataUri
WARNING: |filterImageDataUri received bad value 'xdata:image/png;base64,ABCDEFGHIJKLMNOPQRSTUVWXYZabcdefghijklmnopqrstuvwxyz/+'
Aug 15, 2019 12:30:01 PM com.google.template.soy.shared.internal.Sanitizers filterNormalizeMediaUri
WARNING: |filterNormalizeMediaUri received bad value 'xdata:image/png;base64,ABCDEFGHIJKLMNOPQRSTUVWXYZabcdefghijklmnopqrstuvwxyz/+'
Aug 15, 2019 12:30:01 PM com.google.template.soy.shared.internal.Sanitizers filterImageDataUri
WARNING: |filterImageDataUri received bad value '.data:image/png;base64,ABCDEFGHIJKLMNOPQRSTUVWXYZabcdefghijklmnopqrstuvwxyz/+'
Aug 15, 2019 12:30:01 PM com.google.template.soy.shared.internal.Sanitizers filterNormalizeMediaUri
WARNING: |filterNormalizeMediaUri received bad value '.data:image/png;base64,ABCDEFGHIJKLMNOPQRSTUVWXYZabcdefghijklmnopqrstuvwxyz/+'
Aug 15, 2019 12:30:01 PM com.google.template.soy.shared.internal.Sanitizers filterImageDataUri
WARNING: |filterImageDataUri received bad value 'data:image/png;base64,ABCDEFGHIJKLMNOPQRSTUVWXYZabcdefghijklmnopqrstuvwxyz/+
'
Aug 15, 2019 12:30:01 PM com.google.template.soy.shared.internal.Sanitizers filterNormalizeMediaUri
WARNING: |filterNormalizeMediaUri received bad value 'data:image/png;base64,ABCDEFGHIJKLMNOPQRSTUVWXYZabcdefghijklmnopqrstuvwxyz/+
'
Aug 15, 2019 12:30:01 PM com.google.template.soy.shared.internal.Sanitizers filterImageDataUri
WARNING: |filterImageDataUri received bad value 'data:image/png;base64,ABCDEFGHIJKLMNOPQRSTUVWXYZabcdefghijklmnopqrstuvwxyz/+=x'
Aug 15, 2019 12:30:01 PM com.google.template.soy.shared.internal.Sanitizers filterNormalizeMediaUri
WARNING: |filterNormalizeMediaUri received bad value 'data:image/png;base64,ABCDEFGHIJKLMNOPQRSTUVWXYZabcdefghijklmnopqrstuvwxyz/+=x'
Aug 15, 2019 12:30:01 PM com.google.template.soy.shared.internal.Sanitizers filterImageDataUri
WARNING: |filterImageDataUri received bad value 'data:image/png;base64,ABCDEFGHIJKLMNOPQRSTUVWXYZabcdefghijklmnopqrstuvwxyz/+.'
Aug 15, 2019 12:30:01 PM com.google.template.soy.shared.internal.Sanitizers filterNormalizeMediaUri
WARNING: |filterNormalizeMediaUri received bad value 'data:image/png;base64,ABCDEFGHIJKLMNOPQRSTUVWXYZabcdefghijklmnopqrstuvwxyz/+.'
Aug 15, 2019 12:30:01 PM com.google.template.soy.shared.internal.Sanitizers filterImageDataUri
WARNING: |filterImageDataUri received bad value 'NOTblob:http%3A//www.example.com/e00aa4f2-d86e-40ed-8b15-ad09c91b8989'
Aug 15, 2019 12:30:01 PM com.google.template.soy.shared.internal.Sanitizers filterNormalizeMediaUri
WARNING: |filterNormalizeMediaUri received bad value 'NOTblob:http%3A//www.example.com/e00aa4f2-d86e-40ed-8b15-ad09c91b8989'
Aug 15, 2019 12:30:01 PM com.google.template.soy.shared.internal.Sanitizers filterImageDataUri
WARNING: |filterImageDataUri received bad value '
blob:http%3A//www.example.com/e00aa4f2-d86e-40ed-8b15-ad09c91b8989'
Aug 15, 2019 12:30:01 PM com.google.template.soy.shared.internal.Sanitizers filterNormalizeMediaUri
WARNING: |filterNormalizeMediaUri received bad value '
blob:http%3A//www.example.com/e00aa4f2-d86e-40ed-8b15-ad09c91b8989'
Aug 15, 2019 12:30:01 PM com.google.template.soy.shared.internal.Sanitizers filterImageDataUri
WARNING: |filterImageDataUri received bad value 'NOThttps://www.google.com'
Aug 15, 2019 12:30:01 PM com.google.template.soy.shared.internal.Sanitizers filterNormalizeMediaUri
WARNING: |filterNormalizeMediaUri received bad value 'NOThttps://www.google.com'
Aug 15, 2019 12:30:01 PM com.google.template.soy.shared.internal.Sanitizers filterImageDataUri
WARNING: |filterImageDataUri received bad value '
https://www.google.com/foo.png'
Aug 15, 2019 12:30:01 PM com.google.template.soy.shared.internal.Sanitizers filterNormalizeMediaUri
WARNING: |filterNormalizeMediaUri received bad value '
https://www.google.com/foo.png'
Aug 15, 2019 12:30:01 PM com.google.template.soy.shared.internal.Sanitizers filterImageDataUri
WARNING: |filterImageDataUri received bad value 'data:image/png;base64,ABCDEFGHIJKLMNOPQRSTUVWXYZabcdefghijklmnopqrstuvwxyz/+=ABCDEFGHIJKLMNOPQRSTUVWXYZabcdefghijklmnopqrstuvwxyz/+'
Aug 15, 2019 12:30:01 PM com.google.template.soy.shared.internal.Sanitizers filterNormalizeMediaUri
WARNING: |filterNormalizeMediaUri received bad value 'data:image/png;base64,ABCDEFGHIJKLMNOPQRSTUVWXYZabcdefghijklmnopqrstuvwxyz/+=ABCDEFGHIJKLMNOPQRSTUVWXYZabcdefghijklmnopqrstuvwxyz/+'
Aug 15, 2019 12:30:01 PM com.google.template.soy.shared.internal.Sanitizers filterImageDataUri
WARNING: |filterImageDataUri received bad value 'data:image/png*;base64,ABCDEFGHIJKLMNOPQRSTUVWXYZabcdefghijklmnopqrstuvwxyz/+'
Aug 15, 2019 12:30:01 PM com.google.template.soy.shared.internal.Sanitizers filterNormalizeMediaUri
WARNING: |filterNormalizeMediaUri received bad value 'data:image/png*;base64,ABCDEFGHIJKLMNOPQRSTUVWXYZabcdefghijklmnopqrstuvwxyz/+'
Aug 15, 2019 12:30:01 PM com.google.template.soy.shared.internal.Sanitizers$1 notifyContentKind
WARNING: |noAutoescape received value explicitly tagged as ContentKind.TEXT
Aug 15, 2019 12:30:01 PM com.google.template.soy.shared.internal.Sanitizers filterHtmlAttributes
WARNING: |filterHtmlAttributes received bad value '><script>alert('foo')</script'
Aug 15, 2019 12:30:01 PM com.google.template.soy.shared.internal.Sanitizers filterHtmlAttributes
WARNING: |filterHtmlAttributes received bad value 'style'
Aug 15, 2019 12:30:01 PM com.google.template.soy.shared.internal.Sanitizers filterHtmlAttributes
WARNING: |filterHtmlAttributes received bad value 'onclick'
Aug 15, 2019 12:30:01 PM com.google.template.soy.shared.internal.Sanitizers filterHtmlAttributes
WARNING: |filterHtmlAttributes received bad value 'href'
Aug 15, 2019 12:30:01 PM com.google.template.soy.shared.internal.Sanitizers filterHtmlAttributes
WARNING: |filterHtmlAttributes received bad value '</script'
Aug 15, 2019 12:30:01 PM com.google.template.soy.shared.internal.Sanitizers filterHtmlAttributes
WARNING: |filterHtmlAttributes received bad value '</style'
Aug 15, 2019 12:30:01 PM com.google.template.soy.shared.internal.Sanitizers filterHtmlAttributes
WARNING: |filterHtmlAttributes received bad value '<!--'
Aug 15, 2019 12:30:01 PM com.google.template.soy.shared.internal.Sanitizers filterHtmlAttributes
WARNING: |filterHtmlAttributes received bad value '-->'
Aug 15, 2019 12:30:01 PM com.google.template.soy.shared.internal.Sanitizers filterHtmlAttributes
WARNING: |filterHtmlAttributes received bad value '<![CDATA['
Aug 15, 2019 12:30:01 PM com.google.template.soy.shared.internal.Sanitizers filterHtmlAttributes
WARNING: |filterHtmlAttributes received bad value ']]>'
Aug 15, 2019 12:30:01 PM com.google.template.soy.shared.internal.Sanitizers filterHtmlElementName
WARNING: |filterHtmlElementName received bad value 'script'
Aug 15, 2019 12:30:01 PM com.google.template.soy.shared.internal.Sanitizers filterHtmlElementName
WARNING: |filterHtmlElementName received bad value 'style'
Aug 15, 2019 12:30:01 PM com.google.template.soy.shared.internal.Sanitizers filterHtmlElementName
WARNING: |filterHtmlElementName received bad value 'SCRIPT'
Aug 15, 2019 12:30:01 PM com.google.template.soy.shared.internal.Sanitizers filterHtmlElementName
WARNING: |filterHtmlElementName received bad value '><script>alert('foo')</script'
Aug 15, 2019 12:30:01 PM com.google.template.soy.shared.internal.Sanitizers filterHtmlElementName
WARNING: |filterHtmlElementName received bad value '<h1>'
Aug 15, 2019 12:30:01 PM com.google.template.soy.shared.internal.Sanitizers filterHtmlElementName
WARNING: |filterHtmlElementName received bad value '</script'
Aug 15, 2019 12:30:01 PM com.google.template.soy.shared.internal.Sanitizers filterHtmlElementName
WARNING: |filterHtmlElementName received bad value '</style'
Aug 15, 2019 12:30:01 PM com.google.template.soy.shared.internal.Sanitizers filterHtmlElementName
WARNING: |filterHtmlElementName received bad value '<!--'
Aug 15, 2019 12:30:01 PM com.google.template.soy.shared.internal.Sanitizers filterHtmlElementName
WARNING: |filterHtmlElementName received bad value '-->'
Aug 15, 2019 12:30:01 PM com.google.template.soy.shared.internal.Sanitizers filterHtmlElementName
WARNING: |filterHtmlElementName received bad value '<![CDATA['
Aug 15, 2019 12:30:01 PM com.google.template.soy.shared.internal.Sanitizers filterHtmlElementName
WARNING: |filterHtmlElementName received bad value ']]>'
Aug 15, 2019 12:30:01 PM com.google.template.soy.shared.internal.Sanitizers filterCssValue
WARNING: |filterCssValue received bad value ' '
Aug 15, 2019 12:30:01 PM com.google.template.soy.shared.internal.Sanitizers filterCssValue
WARNING: |filterCssValue received bad value 'expression'
Aug 15, 2019 12:30:01 PM com.google.template.soy.shared.internal.Sanitizers filterCssValue
WARNING: |filterCssValue received bad value 'expression'
Aug 15, 2019 12:30:01 PM com.google.template.soy.shared.internal.Sanitizers filterCssValue
WARNING: |filterCssValue received bad value 'Expression'
Aug 15, 2019 12:30:01 PM com.google.template.soy.shared.internal.Sanitizers filterCssValue
WARNING: |filterCssValue received bad value '\65xpression'
Aug 15, 2019 12:30:01 PM com.google.template.soy.shared.internal.Sanitizers filterCssValue
WARNING: |filterCssValue received bad value '\65 xpression'
Aug 15, 2019 12:30:01 PM com.google.template.soy.shared.internal.Sanitizers filterCssValue
WARNING: |filterCssValue received bad value '-moz-binding'
Aug 15, 2019 12:30:01 PM com.google.template.soy.shared.internal.Sanitizers filterCssValue
WARNING: |filterCssValue received bad value '</style><script>alert('foo')</script>/*'
Aug 15, 2019 12:30:01 PM com.google.template.soy.shared.internal.Sanitizers filterCssValue
WARNING: |filterCssValue received bad value 'color:expression('whatever')'
Aug 15, 2019 12:30:01 PM com.google.template.soy.shared.internal.Sanitizers filterCssValue
WARNING: |filterCssValue received bad value '</script'
Aug 15, 2019 12:30:01 PM com.google.template.soy.shared.internal.Sanitizers filterCssValue
WARNING: |filterCssValue received bad value '</style'
Aug 15, 2019 12:30:01 PM com.google.template.soy.shared.internal.Sanitizers filterCssValue
WARNING: |filterCssValue received bad value '<!--'
Aug 15, 2019 12:30:01 PM com.google.template.soy.shared.internal.Sanitizers filterCssValue
WARNING: |filterCssValue received bad value '-->'
Aug 15, 2019 12:30:01 PM com.google.template.soy.shared.internal.Sanitizers filterCssValue
WARNING: |filterCssValue received bad value '<![CDATA['
Aug 15, 2019 12:30:01 PM com.google.template.soy.shared.internal.Sanitizers filterCssValue
WARNING: |filterCssValue received bad value ']]>'
Tests run: 24, Failures: 0, Errors: 0, Skipped: 0, Time elapsed: 0.022 sec - in com.google.template.soy.shared.internal.SanitizersTest
Running com.google.template.soy.shared.internal.SharedModuleTest
Tests run: 3, Failures: 0, Errors: 0, Skipped: 0, Time elapsed: 0.014 sec - in com.google.template.soy.shared.internal.SharedModuleTest
Running com.google.template.soy.jssrc.restricted.JsExprUtilsTest
Tests run: 4, Failures: 0, Errors: 0, Skipped: 0, Time elapsed: 0.001 sec - in com.google.template.soy.jssrc.restricted.JsExprUtilsTest
Running com.google.template.soy.jssrc.internal.VeLogInstrumentationVisitorTest
Tests run: 6, Failures: 0, Errors: 0, Skipped: 0, Time elapsed: 0.08 sec - in com.google.template.soy.jssrc.internal.VeLogInstrumentationVisitorTest
Running com.google.template.soy.jssrc.internal.GenCallCodeUtilsTest
Tests run: 6, Failures: 0, Errors: 0, Skipped: 0, Time elapsed: 0.09 sec - in com.google.template.soy.jssrc.internal.GenCallCodeUtilsTest
Running com.google.template.soy.jssrc.internal.JsCodeBuilderTest
Tests run: 1, Failures: 0, Errors: 0, Skipped: 0, Time elapsed: 0.001 sec - in com.google.template.soy.jssrc.internal.JsCodeBuilderTest
Running com.google.template.soy.jssrc.internal.VeLogFunctionTest
Tests run: 3, Failures: 0, Errors: 0, Skipped: 0, Time elapsed: 0 sec - in com.google.template.soy.jssrc.internal.VeLogFunctionTest
Running com.google.template.soy.jssrc.internal.V1JsExprTranslatorTest
Tests run: 1, Failures: 0, Errors: 0, Skipped: 0, Time elapsed: 0.001 sec - in com.google.template.soy.jssrc.internal.V1JsExprTranslatorTest
Running com.google.template.soy.jssrc.internal.TranslateExprNodeVisitorTest
Tests run: 14, Failures: 0, Errors: 0, Skipped: 0, Time elapsed: 0.217 sec - in com.google.template.soy.jssrc.internal.TranslateExprNodeVisitorTest
Running com.google.template.soy.jssrc.internal.JspbTest
Tests run: 14, Failures: 0, Errors: 0, Skipped: 0, Time elapsed: 0.091 sec - in com.google.template.soy.jssrc.internal.JspbTest
Running com.google.template.soy.jssrc.internal.IsComputableAsJsExprsVisitorTest
Tests run: 5, Failures: 0, Errors: 0, Skipped: 0, Time elapsed: 0.071 sec - in com.google.template.soy.jssrc.internal.IsComputableAsJsExprsVisitorTest
Running com.google.template.soy.jssrc.internal.GenJsCodeVisitorTest
Tests run: 22, Failures: 0, Errors: 0, Skipped: 0, Time elapsed: 0.213 sec - in com.google.template.soy.jssrc.internal.GenJsCodeVisitorTest
Running com.google.template.soy.jssrc.internal.GenJsExprsVisitorTest
Tests run: 11, Failures: 0, Errors: 0, Skipped: 0, Time elapsed: 0.101 sec - in com.google.template.soy.jssrc.internal.GenJsExprsVisitorTest
Running com.google.template.soy.jssrc.internal.JsTypeTest
Tests run: 2, Failures: 0, Errors: 0, Skipped: 0, Time elapsed: 0.001 sec - in com.google.template.soy.jssrc.internal.JsTypeTest
Running com.google.template.soy.jssrc.internal.AliasUtilsTest
Tests run: 4, Failures: 0, Errors: 0, Skipped: 0, Time elapsed: 0.015 sec - in com.google.template.soy.jssrc.internal.AliasUtilsTest
Running com.google.template.soy.jssrc.internal.CanInitOutputVarVisitorTest
Tests run: 2, Failures: 0, Errors: 0, Skipped: 0, Time elapsed: 0.075 sec - in com.google.template.soy.jssrc.internal.CanInitOutputVarVisitorTest
Running com.google.template.soy.jssrc.internal.NullSafeAccumulatorTest
Tests run: 6, Failures: 0, Errors: 0, Skipped: 0, Time elapsed: 0.001 sec - in com.google.template.soy.jssrc.internal.NullSafeAccumulatorTest
Running com.google.template.soy.jssrc.internal.JsSrcUtilsTest
Tests run: 1, Failures: 0, Errors: 0, Skipped: 0, Time elapsed: 0 sec - in com.google.template.soy.jssrc.internal.JsSrcUtilsTest
Running com.google.template.soy.jssrc.SoyJsSrcOptionsTest
Tests run: 1, Failures: 0, Errors: 0, Skipped: 0, Time elapsed: 0 sec - in com.google.template.soy.jssrc.SoyJsSrcOptionsTest
Running com.google.template.soy.bididirectives.BidiUnicodeWrapDirectiveTest
Tests run: 3, Failures: 0, Errors: 0, Skipped: 0, Time elapsed: 0.005 sec - in com.google.template.soy.bididirectives.BidiUnicodeWrapDirectiveTest
Running com.google.template.soy.bididirectives.BidiSpanWrapDirectiveTest
Tests run: 3, Failures: 0, Errors: 0, Skipped: 0, Time elapsed: 0 sec - in com.google.template.soy.bididirectives.BidiSpanWrapDirectiveTest
Running com.google.template.soy.SoyMsgExtractorTest
INTERNAL SOY ERROR.
Please open an issue at https://github.com/google/closure-templates/issues with this stack trace and repro steps
java.lang.IllegalStateException: Cannot set value to a final field 'com.google.template.soy.AbstractSoyCompiler.protoFileDescriptors'.
	at org.kohsuke.args4j.spi.Setters.create(Setters.java:32)
	at org.kohsuke.args4j.ClassParser.parse(ClassParser.java:34)
	at org.kohsuke.args4j.CmdLineParser.<init>(CmdLineParser.java:96)
	at org.kohsuke.args4j.CmdLineParser.<init>(CmdLineParser.java:71)
	at com.google.template.soy.SoyCmdLineParser.<init>(SoyCmdLineParser.java:43)
	at com.google.template.soy.AbstractSoyCompiler.doMain(AbstractSoyCompiler.java:204)
	at com.google.template.soy.AbstractSoyCompiler.run(AbstractSoyCompiler.java:183)
	at com.google.template.soy.SoyMsgExtractorTest.testOutputFileFlag(SoyMsgExtractorTest.java:52)
	at sun.reflect.NativeMethodAccessorImpl.invoke0(Native Method)
	at sun.reflect.NativeMethodAccessorImpl.invoke(NativeMethodAccessorImpl.java:62)
	at sun.reflect.DelegatingMethodAccessorImpl.invoke(DelegatingMethodAccessorImpl.java:43)
	at java.lang.reflect.Method.invoke(Method.java:498)
	at org.junit.runners.model.FrameworkMethod$1.runReflectiveCall(FrameworkMethod.java:47)
	at org.junit.internal.runners.model.ReflectiveCallable.run(ReflectiveCallable.java:12)
	at org.junit.runners.model.FrameworkMethod.invokeExplosively(FrameworkMethod.java:44)
	at org.junit.internal.runners.statements.InvokeMethod.evaluate(InvokeMethod.java:17)
	at org.junit.rules.ExternalResource$1.evaluate(ExternalResource.java:48)
	at org.junit.rules.RunRules.evaluate(RunRules.java:20)
	at org.junit.runners.ParentRunner.runLeaf(ParentRunner.java:271)
	at org.junit.runners.BlockJUnit4ClassRunner.runChild(BlockJUnit4ClassRunner.java:70)
	at org.junit.runners.BlockJUnit4ClassRunner.runChild(BlockJUnit4ClassRunner.java:50)
	at org.junit.runners.ParentRunner$3.run(ParentRunner.java:238)
	at org.junit.runners.ParentRunner$1.schedule(ParentRunner.java:63)
	at org.junit.runners.ParentRunner.runChildren(ParentRunner.java:236)
	at org.junit.runners.ParentRunner.access$000(ParentRunner.java:53)
	at org.junit.runners.ParentRunner$2.evaluate(ParentRunner.java:229)
	at org.junit.runners.ParentRunner.run(ParentRunner.java:309)
	at org.apache.maven.surefire.junit4.JUnit4Provider.execute(JUnit4Provider.java:283)
	at org.apache.maven.surefire.junit4.JUnit4Provider.executeWithRerun(JUnit4Provider.java:173)
	at org.apache.maven.surefire.junit4.JUnit4Provider.executeTestSet(JUnit4Provider.java:153)
	at org.apache.maven.surefire.junit4.JUnit4Provider.invoke(JUnit4Provider.java:128)
	at org.apache.maven.surefire.booter.ForkedBooter.invokeProviderInSameClassLoader(ForkedBooter.java:203)
	at org.apache.maven.surefire.booter.ForkedBooter.runSuitesInProcess(ForkedBooter.java:155)
	at org.apache.maven.surefire.booter.ForkedBooter.main(ForkedBooter.java:103)
Tests run: 1, Failures: 1, Errors: 0, Skipped: 0, Time elapsed: 0.023 sec <<< FAILURE! - in com.google.template.soy.SoyMsgExtractorTest
testOutputFileFlag(com.google.template.soy.SoyMsgExtractorTest)  Time elapsed: 0.023 sec  <<< FAILURE!
java.lang.AssertionError: Not true that <1> is equal to <0>
	at com.google.template.soy.SoyMsgExtractorTest.testOutputFileFlag(SoyMsgExtractorTest.java:60)

Running com.google.template.soy.exprtree.StringNodeTest
Tests run: 2, Failures: 0, Errors: 0, Skipped: 0, Time elapsed: 0 sec - in com.google.template.soy.exprtree.StringNodeTest
Running com.google.template.soy.exprtree.ListLiteralNodeTest
Tests run: 1, Failures: 0, Errors: 0, Skipped: 0, Time elapsed: 0 sec - in com.google.template.soy.exprtree.ListLiteralNodeTest
Running com.google.template.soy.exprtree.FunctionNodeTest
Tests run: 2, Failures: 0, Errors: 0, Skipped: 0, Time elapsed: 0 sec - in com.google.template.soy.exprtree.FunctionNodeTest
Running com.google.template.soy.exprtree.ProtoInitNodeTest
Tests run: 1, Failures: 0, Errors: 0, Skipped: 0, Time elapsed: 0 sec - in com.google.template.soy.exprtree.ProtoInitNodeTest
Running com.google.template.soy.exprtree.LegacyObjectMapLiteralNodeTest
Tests run: 1, Failures: 0, Errors: 0, Skipped: 0, Time elapsed: 0.001 sec - in com.google.template.soy.exprtree.LegacyObjectMapLiteralNodeTest
Running com.google.template.soy.exprtree.ExprEquivalenceTest
Tests run: 2, Failures: 0, Errors: 0, Skipped: 0, Time elapsed: 0 sec - in com.google.template.soy.exprtree.ExprEquivalenceTest
Running com.google.template.soy.exprtree.AbstractExprNodeVisitorTest
Tests run: 3, Failures: 0, Errors: 0, Skipped: 0, Time elapsed: 0 sec - in com.google.template.soy.exprtree.AbstractExprNodeVisitorTest
Running com.google.template.soy.exprtree.AbstractOperatorNodeTest
Tests run: 2, Failures: 0, Errors: 0, Skipped: 0, Time elapsed: 0 sec - in com.google.template.soy.exprtree.AbstractOperatorNodeTest
Running com.google.template.soy.types.TypeNodeTest
Tests run: 5, Failures: 0, Errors: 0, Skipped: 0, Time elapsed: 0.056 sec - in com.google.template.soy.types.TypeNodeTest
Running com.google.template.soy.types.SoyTypeRegistryTest
Tests run: 5, Failures: 0, Errors: 0, Skipped: 0, Time elapsed: 0 sec - in com.google.template.soy.types.SoyTypeRegistryTest
Running com.google.template.soy.types.TypeParserTest
Tests run: 4, Failures: 0, Errors: 0, Skipped: 0, Time elapsed: 0.074 sec - in com.google.template.soy.types.TypeParserTest
Running com.google.template.soy.types.SoyTypesTest
Tests run: 24, Failures: 0, Errors: 0, Skipped: 0, Time elapsed: 0.003 sec - in com.google.template.soy.types.SoyTypesTest
Running com.google.template.soy.basicfunctions.StrLenFunctionTest
Tests run: 4, Failures: 0, Errors: 0, Skipped: 0, Time elapsed: 0 sec - in com.google.template.soy.basicfunctions.StrLenFunctionTest
Running com.google.template.soy.basicfunctions.CeilingFunctionTest
Tests run: 4, Failures: 0, Errors: 0, Skipped: 0, Time elapsed: 0.004 sec - in com.google.template.soy.basicfunctions.CeilingFunctionTest
Running com.google.template.soy.basicfunctions.MaxFunctionTest
Tests run: 3, Failures: 0, Errors: 0, Skipped: 0, Time elapsed: 0.001 sec - in com.google.template.soy.basicfunctions.MaxFunctionTest
Running com.google.template.soy.basicfunctions.AugmentMapFunctionTest
Tests run: 3, Failures: 0, Errors: 0, Skipped: 0, Time elapsed: 0 sec - in com.google.template.soy.basicfunctions.AugmentMapFunctionTest
Running com.google.template.soy.basicfunctions.StrSubFunctionTest
Tests run: 9, Failures: 0, Errors: 0, Skipped: 0, Time elapsed: 0 sec - in com.google.template.soy.basicfunctions.StrSubFunctionTest
Running com.google.template.soy.basicfunctions.LegacyObjectMapToMapFunctionTest
Tests run: 4, Failures: 0, Errors: 0, Skipped: 0, Time elapsed: 0.001 sec - in com.google.template.soy.basicfunctions.LegacyObjectMapToMapFunctionTest
Running com.google.template.soy.basicfunctions.RoundFunctionTest
Tests run: 3, Failures: 0, Errors: 0, Skipped: 0, Time elapsed: 0 sec - in com.google.template.soy.basicfunctions.RoundFunctionTest
Running com.google.template.soy.basicfunctions.MapToLegacyObjectMapFunctionTest
Tests run: 4, Failures: 0, Errors: 0, Skipped: 0, Time elapsed: 0.002 sec - in com.google.template.soy.basicfunctions.MapToLegacyObjectMapFunctionTest
Running com.google.template.soy.basicfunctions.IsNonnullFunctionTest
Tests run: 4, Failures: 0, Errors: 0, Skipped: 0, Time elapsed: 0.003 sec - in com.google.template.soy.basicfunctions.IsNonnullFunctionTest
Running com.google.template.soy.basicfunctions.StrIndexOfFunctionTest
Tests run: 8, Failures: 0, Errors: 0, Skipped: 0, Time elapsed: 0.001 sec - in com.google.template.soy.basicfunctions.StrIndexOfFunctionTest
Running com.google.template.soy.basicfunctions.RandomIntFunctionTest
Tests run: 3, Failures: 0, Errors: 0, Skipped: 0, Time elapsed: 0 sec - in com.google.template.soy.basicfunctions.RandomIntFunctionTest
Running com.google.template.soy.basicfunctions.StrContainsFunctionTest
Tests run: 8, Failures: 0, Errors: 0, Skipped: 0, Time elapsed: 0.001 sec - in com.google.template.soy.basicfunctions.StrContainsFunctionTest
Running com.google.template.soy.basicfunctions.FloorFunctionTest
Tests run: 4, Failures: 0, Errors: 0, Skipped: 0, Time elapsed: 0.002 sec - in com.google.template.soy.basicfunctions.FloorFunctionTest
Running com.google.template.soy.basicfunctions.LengthFunctionTest
Tests run: 3, Failures: 0, Errors: 0, Skipped: 0, Time elapsed: 0.001 sec - in com.google.template.soy.basicfunctions.LengthFunctionTest
Running com.google.template.soy.basicfunctions.MinFunctionTest
Tests run: 3, Failures: 0, Errors: 0, Skipped: 0, Time elapsed: 0 sec - in com.google.template.soy.basicfunctions.MinFunctionTest
Running com.google.template.soy.basicfunctions.KeysFunctionTest
Tests run: 4, Failures: 0, Errors: 0, Skipped: 0, Time elapsed: 0.002 sec - in com.google.template.soy.basicfunctions.KeysFunctionTest
Running com.google.template.soy.basicfunctions.IsNullFunctionTest
Tests run: 4, Failures: 0, Errors: 0, Skipped: 0, Time elapsed: 0.001 sec - in com.google.template.soy.basicfunctions.IsNullFunctionTest
Running com.google.template.soy.base.internal.IndentedLinesBuilderTest
Tests run: 1, Failures: 0, Errors: 0, Skipped: 0, Time elapsed: 0 sec - in com.google.template.soy.base.internal.IndentedLinesBuilderTest
Running com.google.template.soy.base.internal.SoyFileSupplierTest
Tests run: 2, Failures: 0, Errors: 0, Skipped: 0, Time elapsed: 0 sec - in com.google.template.soy.base.internal.SoyFileSupplierTest
Running com.google.template.soy.base.internal.BaseUtilsTest
Tests run: 4, Failures: 0, Errors: 0, Skipped: 0, Time elapsed: 0 sec - in com.google.template.soy.base.internal.BaseUtilsTest
Running com.google.template.soy.base.internal.UniqueNameGeneratorTest
Tests run: 3, Failures: 0, Errors: 0, Skipped: 0, Time elapsed: 0 sec - in com.google.template.soy.base.internal.UniqueNameGeneratorTest
Running com.google.template.soy.base.internal.SanitizedContentKindTest
Tests run: 3, Failures: 0, Errors: 0, Skipped: 0, Time elapsed: 0 sec - in com.google.template.soy.base.internal.SanitizedContentKindTest
Running com.google.template.soy.internal.i18n.BidiGlobalDirTest
Tests run: 4, Failures: 0, Errors: 0, Skipped: 0, Time elapsed: 0 sec - in com.google.template.soy.internal.i18n.BidiGlobalDirTest
Running com.google.template.soy.internal.i18n.BidiUtilsTest
Tests run: 28, Failures: 0, Errors: 0, Skipped: 0, Time elapsed: 0.002 sec - in com.google.template.soy.internal.i18n.BidiUtilsTest
Running com.google.template.soy.internal.i18n.BidiFormatterTest
Tests run: 5, Failures: 0, Errors: 0, Skipped: 0, Time elapsed: 0 sec - in com.google.template.soy.internal.i18n.BidiFormatterTest
Running com.google.template.soy.internal.i18n.SoyBidiUtilsTest
Tests run: 4, Failures: 0, Errors: 0, Skipped: 0, Time elapsed: 0.004 sec - in com.google.template.soy.internal.i18n.SoyBidiUtilsTest
Running com.google.template.soy.tofu.internal.TofuExceptionsTest
Tests run: 6, Failures: 0, Errors: 0, Skipped: 0, Time elapsed: 0.044 sec - in com.google.template.soy.tofu.internal.TofuExceptionsTest
Running com.google.template.soy.i18ndirectives.I18nUtilsTest
Tests run: 2, Failures: 0, Errors: 0, Skipped: 0, Time elapsed: 0 sec - in com.google.template.soy.i18ndirectives.I18nUtilsTest
Running com.google.template.soy.data.UnsafeSanitizedContentOrdainerTest
Tests run: 2, Failures: 0, Errors: 0, Skipped: 0, Time elapsed: 0 sec - in com.google.template.soy.data.UnsafeSanitizedContentOrdainerTest
Running com.google.template.soy.data.internalutils.InternalValueUtilsTest
Tests run: 3, Failures: 0, Errors: 0, Skipped: 0, Time elapsed: 0 sec - in com.google.template.soy.data.internalutils.InternalValueUtilsTest
Running com.google.template.soy.data.internalutils.NodeContentKindsTest
Tests run: 3, Failures: 0, Errors: 0, Skipped: 0, Time elapsed: 0 sec - in com.google.template.soy.data.internalutils.NodeContentKindsTest
Running com.google.template.soy.data.restricted.PrimitiveDataTest
Tests run: 8, Failures: 0, Errors: 0, Skipped: 0, Time elapsed: 0.001 sec - in com.google.template.soy.data.restricted.PrimitiveDataTest
Running com.google.template.soy.data.SoyAbstractCachingValueProviderTest
Tests run: 3, Failures: 0, Errors: 0, Skipped: 0, Time elapsed: 0 sec - in com.google.template.soy.data.SoyAbstractCachingValueProviderTest
Running com.google.template.soy.data.internal.DictImplTest
Tests run: 6, Failures: 0, Errors: 0, Skipped: 0, Time elapsed: 0 sec - in com.google.template.soy.data.internal.DictImplTest
Running com.google.template.soy.data.internal.EasyListImplTest
Tests run: 3, Failures: 0, Errors: 0, Skipped: 0, Time elapsed: 0.001 sec - in com.google.template.soy.data.internal.EasyListImplTest
Running com.google.template.soy.data.internal.ListImplTest
Tests run: 3, Failures: 0, Errors: 0, Skipped: 0, Time elapsed: 0 sec - in com.google.template.soy.data.internal.ListImplTest
Running com.google.template.soy.data.AbstractLoggingAdvisingAppendableTest
Tests run: 6, Failures: 0, Errors: 0, Skipped: 0, Time elapsed: 0.002 sec - in com.google.template.soy.data.AbstractLoggingAdvisingAppendableTest
Running com.google.template.soy.data.SoyDataTest
Tests run: 1, Failures: 0, Errors: 0, Skipped: 0, Time elapsed: 0.001 sec - in com.google.template.soy.data.SoyDataTest
Running com.google.template.soy.data.SoyValueConverterTest
Tests run: 5, Failures: 0, Errors: 0, Skipped: 0, Time elapsed: 0 sec - in com.google.template.soy.data.SoyValueConverterTest
Running com.google.template.soy.data.SoyListDataTest
Tests run: 7, Failures: 0, Errors: 0, Skipped: 0, Time elapsed: 0.001 sec - in com.google.template.soy.data.SoyListDataTest
Running com.google.template.soy.data.SoyMapDataTest
Tests run: 7, Failures: 0, Errors: 0, Skipped: 0, Time elapsed: 0.001 sec - in com.google.template.soy.data.SoyMapDataTest
Running com.google.template.soy.data.SanitizedContentsTest
Tests run: 18, Failures: 0, Errors: 0, Skipped: 0, Time elapsed: 0.009 sec - in com.google.template.soy.data.SanitizedContentsTest
Running com.google.template.soy.basicdirectives.BasicEscapeDirectiveTest
Aug 15, 2019 12:30:03 PM com.google.template.soy.shared.internal.Sanitizers filterNormalizeUri
WARNING: |filterNormalizeUri received bad value 'javascript:alert(1337)'
Aug 15, 2019 12:30:03 PM com.google.template.soy.shared.internal.Sanitizers filterCssValue
WARNING: |filterCssValue received bad value 'color:expression('foo')'
Aug 15, 2019 12:30:03 PM com.google.template.soy.shared.internal.Sanitizers filterCssValue
WARNING: |filterCssValue received bad value 'color:expression('foo')'
Tests run: 8, Failures: 0, Errors: 0, Skipped: 0, Time elapsed: 0.262 sec - in com.google.template.soy.basicdirectives.BasicEscapeDirectiveTest
Running com.google.template.soy.basicdirectives.TextDirectiveTest
Tests run: 3, Failures: 0, Errors: 0, Skipped: 0, Time elapsed: 0 sec - in com.google.template.soy.basicdirectives.TextDirectiveTest
Running com.google.template.soy.basicdirectives.CleanHtmlDirectiveTest
Tests run: 6, Failures: 0, Errors: 0, Skipped: 0, Time elapsed: 0.002 sec - in com.google.template.soy.basicdirectives.CleanHtmlDirectiveTest
Running com.google.template.soy.basicdirectives.ChangeNewlineToBrDirectiveTest
Tests run: 3, Failures: 0, Errors: 0, Skipped: 0, Time elapsed: 0 sec - in com.google.template.soy.basicdirectives.ChangeNewlineToBrDirectiveTest
Running com.google.template.soy.basicdirectives.TruncateDirectiveTest
Tests run: 3, Failures: 0, Errors: 0, Skipped: 0, Time elapsed: 0.001 sec - in com.google.template.soy.basicdirectives.TruncateDirectiveTest
Running com.google.template.soy.basicdirectives.FilterImageDataUriDirectiveTest
Aug 15, 2019 12:30:03 PM com.google.template.soy.shared.internal.Sanitizers filterImageDataUri
WARNING: |filterImageDataUri received bad value 'not really valid'
Tests run: 3, Failures: 0, Errors: 0, Skipped: 0, Time elapsed: 0 sec - in com.google.template.soy.basicdirectives.FilterImageDataUriDirectiveTest
Running com.google.template.soy.basicdirectives.InsertWordBreaksDirectiveTest
Tests run: 2, Failures: 0, Errors: 0, Skipped: 0, Time elapsed: 0 sec - in com.google.template.soy.basicdirectives.InsertWordBreaksDirectiveTest
Running com.google.template.soy.xliffmsgplugin.XliffMsgPluginTest
Tests run: 2, Failures: 0, Errors: 0, Skipped: 0, Time elapsed: 0.026 sec - in com.google.template.soy.xliffmsgplugin.XliffMsgPluginTest
Running com.google.template.soy.parsepasses.contextautoesc.ContextualAutoescaperTest
Tests run: 86, Failures: 0, Errors: 0, Skipped: 0, Time elapsed: 0.639 sec - in com.google.template.soy.parsepasses.contextautoesc.ContextualAutoescaperTest
Running com.google.template.soy.parsepasses.contextautoesc.ContextTest
Tests run: 6, Failures: 0, Errors: 0, Skipped: 0, Time elapsed: 0.004 sec - in com.google.template.soy.parsepasses.contextautoesc.ContextTest
Running com.google.template.soy.parsepasses.contextautoesc.JsUtilTest
Tests run: 1, Failures: 0, Errors: 0, Skipped: 0, Time elapsed: 0 sec - in com.google.template.soy.parsepasses.contextautoesc.JsUtilTest
Running com.google.template.soy.parsepasses.contextautoesc.RawTextContextUpdaterTest
Tests run: 15, Failures: 0, Errors: 0, Skipped: 0, Time elapsed: 0.017 sec - in com.google.template.soy.parsepasses.contextautoesc.RawTextContextUpdaterTest
Running com.google.template.soy.parsepasses.contextautoesc.PerformDeprecatedNonContextualAutoescapeVisitorTest
Tests run: 4, Failures: 0, Errors: 0, Skipped: 0, Time elapsed: 0.015 sec - in com.google.template.soy.parsepasses.contextautoesc.PerformDeprecatedNonContextualAutoescapeVisitorTest
Running com.google.template.soy.parsepasses.contextautoesc.InferenceEngineTest
Tests run: 9, Failures: 0, Errors: 0, Skipped: 0, Time elapsed: 0.138 sec - in com.google.template.soy.parsepasses.contextautoesc.InferenceEngineTest
Running com.google.template.soy.pysrc.restricted.PyFunctionExprBuilderTest
Tests run: 12, Failures: 0, Errors: 0, Skipped: 0, Time elapsed: 0 sec - in com.google.template.soy.pysrc.restricted.PyFunctionExprBuilderTest
Running com.google.template.soy.pysrc.restricted.PyExprUtilsTest
Tests run: 1, Failures: 0, Errors: 0, Skipped: 0, Time elapsed: 0 sec - in com.google.template.soy.pysrc.restricted.PyExprUtilsTest
Running com.google.template.soy.pysrc.internal.GenPyCallExprVisitorTest
Tests run: 5, Failures: 0, Errors: 0, Skipped: 0, Time elapsed: 0.097 sec - in com.google.template.soy.pysrc.internal.GenPyCallExprVisitorTest
Running com.google.template.soy.pysrc.internal.IsComputableAsPyExprVisitorTest
Tests run: 4, Failures: 0, Errors: 0, Skipped: 0, Time elapsed: 0.045 sec - in com.google.template.soy.pysrc.internal.IsComputableAsPyExprVisitorTest
Running com.google.template.soy.pysrc.internal.PyCodeBuilderTest
Tests run: 3, Failures: 0, Errors: 0, Skipped: 0, Time elapsed: 0 sec - in com.google.template.soy.pysrc.internal.PyCodeBuilderTest
Running com.google.template.soy.pysrc.internal.GenPyExprsVisitorTest
Tests run: 20, Failures: 0, Errors: 0, Skipped: 0, Time elapsed: 0.161 sec - in com.google.template.soy.pysrc.internal.GenPyExprsVisitorTest
Running com.google.template.soy.pysrc.internal.GenPyCodeVisitorTest
Tests run: 20, Failures: 0, Errors: 0, Skipped: 0, Time elapsed: 0.17 sec - in com.google.template.soy.pysrc.internal.GenPyCodeVisitorTest
Running com.google.template.soy.pysrc.internal.TranslateToPyExprVisitorTest
Tests run: 18, Failures: 0, Errors: 0, Skipped: 0, Time elapsed: 0.291 sec - in com.google.template.soy.pysrc.internal.TranslateToPyExprVisitorTest
Running com.google.template.soy.sharedpasses.render.EvalVisitorTest
Tests run: 13, Failures: 0, Errors: 0, Skipped: 0, Time elapsed: 0.596 sec - in com.google.template.soy.sharedpasses.render.EvalVisitorTest
Running com.google.template.soy.sharedpasses.render.RenderVisitorTest
Tests run: 38, Failures: 0, Errors: 0, Skipped: 0, Time elapsed: 0.262 sec - in com.google.template.soy.sharedpasses.render.RenderVisitorTest
Running com.google.template.soy.sharedpasses.render.CountingFlushableAppendableTest
Tests run: 1, Failures: 0, Errors: 0, Skipped: 0, Time elapsed: 0 sec - in com.google.template.soy.sharedpasses.render.CountingFlushableAppendableTest
Running com.google.template.soy.sharedpasses.render.EvalVisitorFutureTest
Tests run: 13, Failures: 0, Errors: 0, Skipped: 0, Time elapsed: 0.582 sec - in com.google.template.soy.sharedpasses.render.EvalVisitorFutureTest
Running com.google.template.soy.sharedpasses.render.TofuTypeChecksTest
Tests run: 12, Failures: 0, Errors: 0, Skipped: 0, Time elapsed: 0.001 sec - in com.google.template.soy.sharedpasses.render.TofuTypeChecksTest
Running com.google.template.soy.sharedpasses.opti.SimplifyVisitorTest
Tests run: 5, Failures: 0, Errors: 0, Skipped: 0, Time elapsed: 0.061 sec - in com.google.template.soy.sharedpasses.opti.SimplifyVisitorTest
Running com.google.template.soy.sharedpasses.opti.PreevalVisitorTest
Tests run: 3, Failures: 0, Errors: 0, Skipped: 0, Time elapsed: 0.047 sec - in com.google.template.soy.sharedpasses.opti.PreevalVisitorTest
Running com.google.template.soy.sharedpasses.opti.SimplifyExprVisitorTest
Tests run: 6, Failures: 0, Errors: 0, Skipped: 0, Time elapsed: 0.005 sec - in com.google.template.soy.sharedpasses.opti.SimplifyExprVisitorTest
Running com.google.template.soy.sharedpasses.opti.PrerenderVisitorTest
Tests run: 5, Failures: 0, Errors: 0, Skipped: 0, Time elapsed: 0.03 sec - in com.google.template.soy.sharedpasses.opti.PrerenderVisitorTest
Running com.google.template.soy.jbcsrc.TemplateAnalysisTest
Tests run: 11, Failures: 0, Errors: 0, Skipped: 0, Time elapsed: 0.104 sec - in com.google.template.soy.jbcsrc.TemplateAnalysisTest
Running com.google.template.soy.jbcsrc.api.SoySauceTest
Aug 15, 2019 12:30:06 PM com.google.template.soy.jbcsrc.BytecodeCompiler$1 getResult
INFO: Compilation took 17.17 ms
     templates: 6
       classes: 13
         bytes: 27,312
        fields: 30
  detachStates: 12
Aug 15, 2019 12:30:06 PM com.google.template.soy.jbcsrc.BytecodeCompiler compile
INFO: Loaded all classes in 1.807 ms
Aug 15, 2019 12:30:06 PM com.google.template.soy.jbcsrc.BytecodeCompiler$1 getResult
INFO: Compilation took 10.94 ms
     templates: 6
       classes: 13
         bytes: 27,312
        fields: 30
  detachStates: 12
Aug 15, 2019 12:30:06 PM com.google.template.soy.jbcsrc.BytecodeCompiler compile
INFO: Loaded all classes in 1.597 ms
Aug 15, 2019 12:30:06 PM com.google.template.soy.jbcsrc.BytecodeCompiler$1 getResult
INFO: Compilation took 9.821 ms
     templates: 6
       classes: 13
         bytes: 27,312
        fields: 30
  detachStates: 12
Aug 15, 2019 12:30:06 PM com.google.template.soy.jbcsrc.BytecodeCompiler compile
INFO: Loaded all classes in 1.789 ms
Aug 15, 2019 12:30:06 PM com.google.template.soy.jbcsrc.BytecodeCompiler$1 getResult
INFO: Compilation took 7.960 ms
     templates: 6
       classes: 13
         bytes: 27,312
        fields: 30
  detachStates: 12
Aug 15, 2019 12:30:06 PM com.google.template.soy.jbcsrc.BytecodeCompiler compile
INFO: Loaded all classes in 1.603 ms
Aug 15, 2019 12:30:06 PM com.google.template.soy.jbcsrc.BytecodeCompiler$1 getResult
INFO: Compilation took 8.003 ms
     templates: 6
       classes: 13
         bytes: 27,312
        fields: 30
  detachStates: 12
Aug 15, 2019 12:30:06 PM com.google.template.soy.jbcsrc.BytecodeCompiler compile
INFO: Loaded all classes in 1.537 ms
Aug 15, 2019 12:30:06 PM com.google.template.soy.jbcsrc.BytecodeCompiler$1 getResult
INFO: Compilation took 7.116 ms
     templates: 6
       classes: 13
         bytes: 27,312
        fields: 30
  detachStates: 12
Aug 15, 2019 12:30:06 PM com.google.template.soy.jbcsrc.BytecodeCompiler compile
INFO: Loaded all classes in 1.464 ms
Aug 15, 2019 12:30:06 PM com.google.template.soy.jbcsrc.BytecodeCompiler$1 getResult
INFO: Compilation took 6.580 ms
     templates: 6
       classes: 13
         bytes: 27,312
        fields: 30
  detachStates: 12
Aug 15, 2019 12:30:06 PM com.google.template.soy.jbcsrc.BytecodeCompiler compile
INFO: Loaded all classes in 1.648 ms
Tests run: 7, Failures: 0, Errors: 0, Skipped: 0, Time elapsed: 0.122 sec - in com.google.template.soy.jbcsrc.api.SoySauceTest
Running com.google.template.soy.jbcsrc.LazyClosureCompilerTest
Aug 15, 2019 12:30:06 PM com.google.template.soy.jbcsrc.BytecodeCompiler$1 getResult
INFO: Compilation took 2.935 ms
     templates: 1
       classes: 3
         bytes: 5,684
        fields: 9
  detachStates: 2
Aug 15, 2019 12:30:06 PM com.google.template.soy.jbcsrc.BytecodeCompiler compile
INFO: Loaded all classes in 429.9 Î¼s
Aug 15, 2019 12:30:06 PM com.google.template.soy.jbcsrc.BytecodeCompiler$1 getResult
INFO: Compilation took 1.060 ms
     templates: 1
       classes: 3
         bytes: 5,421
        fields: 4
  detachStates: 0
Aug 15, 2019 12:30:06 PM com.google.template.soy.jbcsrc.BytecodeCompiler compile
INFO: Loaded all classes in 365.5 Î¼s
Aug 15, 2019 12:30:06 PM com.google.template.soy.jbcsrc.BytecodeCompiler$1 getResult
INFO: Compilation took 1.589 ms
     templates: 1
       classes: 3
         bytes: 6,087
        fields: 7
  detachStates: 2
Aug 15, 2019 12:30:06 PM com.google.template.soy.jbcsrc.BytecodeCompiler compile
INFO: Loaded all classes in 429.1 Î¼s
Aug 15, 2019 12:30:07 PM com.google.template.soy.jbcsrc.BytecodeCompiler$1 getResult
INFO: Compilation took 1.393 ms
     templates: 1
       classes: 3
         bytes: 6,515
        fields: 9
  detachStates: 3
Aug 15, 2019 12:30:07 PM com.google.template.soy.jbcsrc.BytecodeCompiler compile
INFO: Loaded all classes in 541.3 Î¼s
Tests run: 14, Failures: 0, Errors: 0, Skipped: 0, Time elapsed: 0.117 sec - in com.google.template.soy.jbcsrc.LazyClosureCompilerTest
Running com.google.template.soy.jbcsrc.shared.NamesTest
Tests run: 1, Failures: 0, Errors: 0, Skipped: 0, Time elapsed: 0 sec - in com.google.template.soy.jbcsrc.shared.NamesTest
Running com.google.template.soy.jbcsrc.restricted.SoyExpressionTest
Tests run: 10, Failures: 0, Errors: 0, Skipped: 0, Time elapsed: 0.013 sec - in com.google.template.soy.jbcsrc.restricted.SoyExpressionTest
Running com.google.template.soy.jbcsrc.restricted.BytecodeProducerTest
Tests run: 1, Failures: 0, Errors: 0, Skipped: 0, Time elapsed: 0 sec - in com.google.template.soy.jbcsrc.restricted.BytecodeProducerTest
Running com.google.template.soy.jbcsrc.restricted.BytecodeUtilsTest
Tests run: 8, Failures: 0, Errors: 0, Skipped: 0, Time elapsed: 0.026 sec - in com.google.template.soy.jbcsrc.restricted.BytecodeUtilsTest
Running com.google.template.soy.jbcsrc.restricted.TypeInfoTest
Tests run: 2, Failures: 0, Errors: 0, Skipped: 0, Time elapsed: 0 sec - in com.google.template.soy.jbcsrc.restricted.TypeInfoTest
Running com.google.template.soy.jbcsrc.restricted.FieldRefTest
Tests run: 1, Failures: 0, Errors: 0, Skipped: 0, Time elapsed: 0 sec - in com.google.template.soy.jbcsrc.restricted.FieldRefTest
Running com.google.template.soy.jbcsrc.restricted.AnnotationRefTest
Tests run: 5, Failures: 0, Errors: 0, Skipped: 0, Time elapsed: 0.002 sec - in com.google.template.soy.jbcsrc.restricted.AnnotationRefTest
Running com.google.template.soy.jbcsrc.VeLoggingTest
Aug 15, 2019 12:30:07 PM com.google.template.soy.jbcsrc.BytecodeCompiler$1 getResult
INFO: Compilation took 1.897 ms
     templates: 1
       classes: 2
         bytes: 5,083
        fields: 3
  detachStates: 6
Aug 15, 2019 12:30:07 PM com.google.template.soy.jbcsrc.BytecodeCompiler compile
INFO: Loaded all classes in 449.3 Î¼s
Aug 15, 2019 12:30:07 PM com.google.template.soy.jbcsrc.BytecodeCompiler$1 getResult
INFO: Compilation took 1.600 ms
     templates: 1
       classes: 3
         bytes: 7,102
        fields: 8
  detachStates: 3
Aug 15, 2019 12:30:07 PM com.google.template.soy.jbcsrc.BytecodeCompiler compile
INFO: Loaded all classes in 670.3 Î¼s
Aug 15, 2019 12:30:07 PM com.google.template.soy.jbcsrc.BytecodeCompiler$1 getResult
INFO: Compilation took 8.476 ms
     templates: 1
       classes: 2
         bytes: 4,382
        fields: 3
  detachStates: 1
Aug 15, 2019 12:30:07 PM com.google.template.soy.jbcsrc.BytecodeCompiler compile
INFO: Loaded all classes in 386.5 Î¼s
Aug 15, 2019 12:30:07 PM com.google.template.soy.jbcsrc.BytecodeCompiler$1 getResult
INFO: Compilation took 961.6 Î¼s
     templates: 1
       classes: 2
         bytes: 4,219
        fields: 3
  detachStates: 1
Aug 15, 2019 12:30:07 PM com.google.template.soy.jbcsrc.BytecodeCompiler compile
INFO: Loaded all classes in 597.7 Î¼s
Aug 15, 2019 12:30:07 PM com.google.template.soy.jbcsrc.BytecodeCompiler$1 getResult
INFO: Compilation took 974.0 Î¼s
     templates: 1
       classes: 2
         bytes: 4,329
        fields: 3
  detachStates: 4
Aug 15, 2019 12:30:07 PM com.google.template.soy.jbcsrc.BytecodeCompiler compile
INFO: Loaded all classes in 468.1 Î¼s
Aug 15, 2019 12:30:07 PM com.google.template.soy.jbcsrc.BytecodeCompiler$1 getResult
INFO: Compilation took 1.253 ms
     templates: 1
       classes: 2
         bytes: 5,222
        fields: 5
  detachStates: 4
Aug 15, 2019 12:30:07 PM com.google.template.soy.jbcsrc.BytecodeCompiler compile
INFO: Loaded all classes in 500.6 Î¼s
Aug 15, 2019 12:30:07 PM com.google.template.soy.jbcsrc.BytecodeCompiler$1 getResult
INFO: Compilation took 2.035 ms
     templates: 1
       classes: 3
         bytes: 8,556
        fields: 6
  detachStates: 12
Aug 15, 2019 12:30:07 PM com.google.template.soy.jbcsrc.BytecodeCompiler compile
INFO: Loaded all classes in 575.0 Î¼s
Aug 15, 2019 12:30:07 PM com.google.template.soy.jbcsrc.BytecodeCompiler$1 getResult
INFO: Compilation took 1.312 ms
     templates: 1
       classes: 2
         bytes: 4,716
        fields: 3
  detachStates: 7
Aug 15, 2019 12:30:07 PM com.google.template.soy.jbcsrc.BytecodeCompiler compile
INFO: Loaded all classes in 481.3 Î¼s
Tests run: 8, Failures: 0, Errors: 0, Skipped: 0, Time elapsed: 0.076 sec - in com.google.template.soy.jbcsrc.VeLoggingTest
Running com.google.template.soy.jbcsrc.DetachStateTest
Aug 15, 2019 12:30:07 PM com.google.template.soy.jbcsrc.BytecodeCompiler$1 getResult
INFO: Compilation took 1.194 ms
     templates: 1
       classes: 2
         bytes: 4,349
        fields: 4
  detachStates: 1
Aug 15, 2019 12:30:07 PM com.google.template.soy.jbcsrc.BytecodeCompiler compile
INFO: Loaded all classes in 421.0 Î¼s
Aug 15, 2019 12:30:07 PM com.google.template.soy.jbcsrc.BytecodeCompiler$1 getResult
INFO: Compilation took 777.7 Î¼s
     templates: 1
       classes: 2
         bytes: 3,528
        fields: 3
  detachStates: 0
Aug 15, 2019 12:30:07 PM com.google.template.soy.jbcsrc.BytecodeCompiler compile
INFO: Loaded all classes in 372.0 Î¼s
Aug 15, 2019 12:30:07 PM com.google.template.soy.jbcsrc.BytecodeCompiler$1 getResult
INFO: Compilation took 1.392 ms
     templates: 1
       classes: 2
         bytes: 5,102
        fields: 7
  detachStates: 6
Aug 15, 2019 12:30:07 PM com.google.template.soy.jbcsrc.BytecodeCompiler compile
INFO: Loaded all classes in 465.1 Î¼s
Aug 15, 2019 12:30:07 PM com.google.template.soy.jbcsrc.BytecodeCompiler$1 getResult
INFO: Compilation took 1.317 ms
     templates: 1
       classes: 2
         bytes: 3,799
        fields: 4
  detachStates: 1
Aug 15, 2019 12:30:07 PM com.google.template.soy.jbcsrc.BytecodeCompiler compile
INFO: Loaded all classes in 395.3 Î¼s
Aug 15, 2019 12:30:07 PM com.google.template.soy.jbcsrc.BytecodeCompiler$1 getResult
INFO: Compilation took 1.853 ms
     templates: 2
       classes: 4
         bytes: 8,371
        fields: 11
  detachStates: 4
Aug 15, 2019 12:30:07 PM com.google.template.soy.jbcsrc.BytecodeCompiler compile
INFO: Loaded all classes in 662.4 Î¼s
Aug 15, 2019 12:30:07 PM com.google.template.soy.jbcsrc.BytecodeCompiler$1 getResult
INFO: Compilation took 2.251 ms
     templates: 2
       classes: 5
         bytes: 10,680
        fields: 14
  detachStates: 5
Aug 15, 2019 12:30:07 PM com.google.template.soy.jbcsrc.BytecodeCompiler compile
INFO: Loaded all classes in 680.1 Î¼s
Aug 15, 2019 12:30:07 PM com.google.template.soy.jbcsrc.BytecodeCompiler$1 getResult
INFO: Compilation took 790.7 Î¼s
     templates: 1
       classes: 2
         bytes: 4,143
        fields: 5
  detachStates: 3
Aug 15, 2019 12:30:07 PM com.google.template.soy.jbcsrc.BytecodeCompiler compile
INFO: Loaded all classes in 376.0 Î¼s
Aug 15, 2019 12:30:07 PM com.google.template.soy.jbcsrc.BytecodeCompiler$1 getResult
INFO: Compilation took 1.394 ms
     templates: 1
       classes: 2
         bytes: 4,991
        fields: 7
  detachStates: 3
Aug 15, 2019 12:30:07 PM com.google.template.soy.jbcsrc.BytecodeCompiler compile
INFO: Loaded all classes in 500.5 Î¼s
Aug 15, 2019 12:30:07 PM com.google.template.soy.jbcsrc.BytecodeCompiler$1 getResult
INFO: Compilation took 811.6 Î¼s
     templates: 1
       classes: 2
         bytes: 3,643
        fields: 3
  detachStates: 3
Aug 15, 2019 12:30:07 PM com.google.template.soy.jbcsrc.BytecodeCompiler compile
INFO: Loaded all classes in 343.6 Î¼s
Aug 15, 2019 12:30:07 PM com.google.template.soy.jbcsrc.BytecodeCompiler$1 getResult
INFO: Compilation took 527.9 Î¼s
     templates: 1
       classes: 2
         bytes: 3,543
        fields: 3
  detachStates: 1
Aug 15, 2019 12:30:07 PM com.google.template.soy.jbcsrc.BytecodeCompiler compile
INFO: Loaded all classes in 323.5 Î¼s
Tests run: 10, Failures: 0, Errors: 0, Skipped: 0, Time elapsed: 0.065 sec - in com.google.template.soy.jbcsrc.DetachStateTest
Running com.google.template.soy.jbcsrc.ProtoSupportTest
Aug 15, 2019 12:30:07 PM com.google.template.soy.jbcsrc.BytecodeCompiler$1 getResult
INFO: Compilation took 2.040 ms
     templates: 2
       classes: 6
         bytes: 12,293
        fields: 14
  detachStates: 3
Aug 15, 2019 12:30:07 PM com.google.template.soy.jbcsrc.BytecodeCompiler compile
INFO: Loaded all classes in 835.3 Î¼s
Tests run: 25, Failures: 0, Errors: 0, Skipped: 0, Time elapsed: 0.203 sec - in com.google.template.soy.jbcsrc.ProtoSupportTest
Running com.google.template.soy.jbcsrc.internal.MemoryClassLoaderTest
Tests run: 3, Failures: 0, Errors: 0, Skipped: 0, Time elapsed: 0.088 sec - in com.google.template.soy.jbcsrc.internal.MemoryClassLoaderTest
Running com.google.template.soy.jbcsrc.StreamingPrintDirectivesTest
Aug 15, 2019 12:30:07 PM com.google.template.soy.jbcsrc.BytecodeCompiler$1 getResult
INFO: Compilation took 3.235 ms
     templates: 3
       classes: 6
         bytes: 13,202
        fields: 16
  detachStates: 13
Aug 15, 2019 12:30:07 PM com.google.template.soy.jbcsrc.BytecodeCompiler compile
INFO: Loaded all classes in 963.6 Î¼s
Aug 15, 2019 12:30:07 PM com.google.template.soy.jbcsrc.BytecodeCompiler$1 getResult
INFO: Compilation took 1.723 ms
     templates: 2
       classes: 5
         bytes: 11,068
        fields: 14
  detachStates: 5
Aug 15, 2019 12:30:07 PM com.google.template.soy.jbcsrc.BytecodeCompiler compile
INFO: Loaded all classes in 773.3 Î¼s
Aug 15, 2019 12:30:07 PM com.google.template.soy.jbcsrc.BytecodeCompiler$1 getResult
INFO: Compilation took 1.517 ms
     templates: 1
       classes: 2
         bytes: 4,569
        fields: 6
  detachStates: 1
Aug 15, 2019 12:30:07 PM com.google.template.soy.jbcsrc.BytecodeCompiler compile
INFO: Loaded all classes in 381.3 Î¼s
Aug 15, 2019 12:30:07 PM com.google.template.soy.jbcsrc.BytecodeCompiler$1 getResult
INFO: Compilation took 1.406 ms
     templates: 2
       classes: 4
         bytes: 9,017
        fields: 10
  detachStates: 3
Aug 15, 2019 12:30:07 PM com.google.template.soy.jbcsrc.BytecodeCompiler compile
INFO: Loaded all classes in 761.5 Î¼s
Aug 15, 2019 12:30:07 PM com.google.template.soy.jbcsrc.BytecodeCompiler$1 getResult
INFO: Compilation took 5.878 ms
     templates: 3
       classes: 8
         bytes: 20,420
        fields: 27
  detachStates: 18
Aug 15, 2019 12:30:07 PM com.google.template.soy.jbcsrc.BytecodeCompiler compile
INFO: Loaded all classes in 1.135 ms
Aug 15, 2019 12:30:07 PM com.google.template.soy.jbcsrc.BytecodeCompiler$1 getResult
INFO: Compilation took 2.637 ms
     templates: 3
       classes: 6
         bytes: 14,608
        fields: 18
  detachStates: 3
Aug 15, 2019 12:30:07 PM com.google.template.soy.jbcsrc.BytecodeCompiler compile
INFO: Loaded all classes in 845.3 Î¼s
Tests run: 6, Failures: 0, Errors: 0, Skipped: 0, Time elapsed: 0.064 sec - in com.google.template.soy.jbcsrc.StreamingPrintDirectivesTest
Running com.google.template.soy.jbcsrc.BytecodeCompilerTest
Aug 15, 2019 12:30:07 PM com.google.template.soy.jbcsrc.BytecodeCompiler$1 getResult
INFO: Compilation took 3.513 ms
     templates: 5
       classes: 10
         bytes: 21,482
        fields: 30
  detachStates: 10
Aug 15, 2019 12:30:07 PM com.google.template.soy.jbcsrc.BytecodeCompiler compile
INFO: Loaded all classes in 1.344 ms
Aug 15, 2019 12:30:07 PM com.google.template.soy.jbcsrc.BytecodeCompiler$1 getResult
INFO: Compilation took 627.7 Î¼s
     templates: 1
       classes: 2
         bytes: 3,543
        fields: 3
  detachStates: 1
Aug 15, 2019 12:30:07 PM com.google.template.soy.jbcsrc.BytecodeCompiler compile
INFO: Loaded all classes in 355.1 Î¼s
Aug 15, 2019 12:30:07 PM com.google.template.soy.jbcsrc.BytecodeCompiler$1 getResult
INFO: Compilation took 1.430 ms
     templates: 3
       classes: 6
         bytes: 10,907
        fields: 9
  detachStates: 5
Aug 15, 2019 12:30:07 PM com.google.template.soy.jbcsrc.BytecodeCompiler compile
INFO: Loaded all classes in 723.8 Î¼s
Aug 15, 2019 12:30:07 PM com.google.template.soy.jbcsrc.BytecodeCompiler$1 getResult
INFO: Compilation took 1.645 ms
     templates: 3
       classes: 6
         bytes: 12,065
        fields: 12
  detachStates: 4
Aug 15, 2019 12:30:07 PM com.google.template.soy.jbcsrc.BytecodeCompiler compile
INFO: Loaded all classes in 262.4 Î¼s
Aug 15, 2019 12:30:07 PM com.google.template.soy.jbcsrc.BytecodeCompiler$1 getResult
INFO: Compilation took 2.483 ms
     templates: 5
       classes: 10
         bytes: 21,132
        fields: 25
  detachStates: 7
Aug 15, 2019 12:30:07 PM com.google.template.soy.jbcsrc.BytecodeCompiler compile
INFO: Loaded all classes in 422.5 Î¼s
Aug 15, 2019 12:30:07 PM com.google.template.soy.jbcsrc.BytecodeCompiler$1 getResult
INFO: Compilation took 712.8 Î¼s
     templates: 1
       classes: 2
         bytes: 4,382
        fields: 4
  detachStates: 2
Aug 15, 2019 12:30:07 PM com.google.template.soy.jbcsrc.BytecodeCompiler compile
INFO: Loaded all classes in 407.7 Î¼s
Aug 15, 2019 12:30:07 PM com.google.template.soy.jbcsrc.BytecodeCompiler$1 getResult
INFO: Compilation took 629.8 Î¼s
     templates: 1
       classes: 2
         bytes: 3,828
        fields: 5
  detachStates: 1
Aug 15, 2019 12:30:07 PM com.google.template.soy.jbcsrc.BytecodeCompiler compile
INFO: Loaded all classes in 497.0 Î¼s
Aug 15, 2019 12:30:07 PM com.google.template.soy.jbcsrc.BytecodeCompiler$1 getResult
INFO: Compilation took 798.9 Î¼s
     templates: 1
       classes: 2
         bytes: 4,561
        fields: 6
  detachStates: 2
Aug 15, 2019 12:30:07 PM com.google.template.soy.jbcsrc.BytecodeCompiler compile
INFO: Loaded all classes in 434.6 Î¼s
Aug 15, 2019 12:30:07 PM com.google.template.soy.jbcsrc.BytecodeCompiler$1 getResult
INFO: Compilation took 862.5 Î¼s
     templates: 1
       classes: 2
         bytes: 4,754
        fields: 7
  detachStates: 2
Aug 15, 2019 12:30:07 PM com.google.template.soy.jbcsrc.BytecodeCompiler compile
INFO: Loaded all classes in 414.5 Î¼s
Aug 15, 2019 12:30:07 PM com.google.template.soy.jbcsrc.BytecodeCompiler$1 getResult
INFO: Compilation took 748.9 Î¼s
     templates: 1
       classes: 2
         bytes: 4,302
        fields: 5
  detachStates: 1
Aug 15, 2019 12:30:07 PM com.google.template.soy.jbcsrc.BytecodeCompiler compile
INFO: Loaded all classes in 439.8 Î¼s
Aug 15, 2019 12:30:07 PM com.google.template.soy.jbcsrc.BytecodeCompiler$1 getResult
INFO: Compilation took 698.6 Î¼s
     templates: 1
       classes: 2
         bytes: 3,749
        fields: 3
  detachStates: 1
Aug 15, 2019 12:30:07 PM com.google.template.soy.jbcsrc.BytecodeCompiler compile
INFO: Loaded all classes in 39.67 Î¼s
Aug 15, 2019 12:30:07 PM com.google.template.soy.jbcsrc.BytecodeCompiler$1 getResult
INFO: Compilation took 1.086 ms
     templates: 1
       classes: 2
         bytes: 5,152
        fields: 8
  detachStates: 4
Aug 15, 2019 12:30:07 PM com.google.template.soy.jbcsrc.BytecodeCompiler compile
INFO: Loaded all classes in 490.4 Î¼s
Aug 15, 2019 12:30:07 PM com.google.template.soy.jbcsrc.BytecodeCompiler$1 getResult
INFO: Compilation took 522.4 Î¼s
     templates: 1
       classes: 2
         bytes: 2,727
        fields: 3
  detachStates: 0
Aug 15, 2019 12:30:07 PM com.google.template.soy.jbcsrc.BytecodeCompiler compile
INFO: Loaded all classes in 309.1 Î¼s
Aug 15, 2019 12:30:07 PM com.google.template.soy.jbcsrc.BytecodeCompiler$1 getResult
INFO: Compilation took 427.6 Î¼s
     templates: 1
       classes: 1
         bytes: 2,576
        fields: 3
  detachStates: 1
Aug 15, 2019 12:30:07 PM com.google.template.soy.jbcsrc.BytecodeCompiler compile
INFO: Loaded all classes in 374.6 Î¼s
Tests run: 39, Failures: 0, Errors: 0, Skipped: 0, Time elapsed: 0.406 sec - in com.google.template.soy.jbcsrc.BytecodeCompilerTest
Running com.google.template.soy.jbcsrc.ExpressionCompilerTest
Tests run: 26, Failures: 0, Errors: 0, Skipped: 0, Time elapsed: 2.546 sec - in com.google.template.soy.jbcsrc.ExpressionCompilerTest
Running com.google.template.soy.soyparse.SoyParseUtilsTest
Tests run: 2, Failures: 0, Errors: 0, Skipped: 0, Time elapsed: 0.04 sec - in com.google.template.soy.soyparse.SoyParseUtilsTest
Running com.google.template.soy.soyparse.ParseExpressionTest
Tests run: 21, Failures: 0, Errors: 0, Skipped: 0, Time elapsed: 0.01 sec - in com.google.template.soy.soyparse.ParseExpressionTest
Running com.google.template.soy.soyparse.SourceLocationTest
Tests run: 8, Failures: 0, Errors: 0, Skipped: 0, Time elapsed: 0.03 sec - in com.google.template.soy.soyparse.SourceLocationTest
Running com.google.template.soy.soyparse.TemplateParserTest
Tests run: 34, Failures: 0, Errors: 0, Skipped: 0, Time elapsed: 0.782 sec - in com.google.template.soy.soyparse.TemplateParserTest
Running com.google.template.soy.coredirectives.EscapeHtmlDirectiveTest
Tests run: 3, Failures: 0, Errors: 0, Skipped: 0, Time elapsed: 0 sec - in com.google.template.soy.coredirectives.EscapeHtmlDirectiveTest
Running com.google.template.soy.coredirectives.IdDirectiveTest
Tests run: 2, Failures: 0, Errors: 0, Skipped: 0, Time elapsed: 0 sec - in com.google.template.soy.coredirectives.IdDirectiveTest
Running com.google.template.soy.coredirectives.NoAutoescapeDirectiveTest
Aug 15, 2019 12:30:11 PM com.google.template.soy.shared.internal.Sanitizers filterNoAutoescape
WARNING: |noAutoescape received value explicitly tagged as ContentKind.TEXT: 'xyz'
Tests run: 2, Failures: 0, Errors: 0, Skipped: 0, Time elapsed: 0 sec - in com.google.template.soy.coredirectives.NoAutoescapeDirectiveTest
Running com.google.template.soy.conformance.SoyConformanceTest
Tests run: 30, Failures: 0, Errors: 0, Skipped: 0, Time elapsed: 0.196 sec - in com.google.template.soy.conformance.SoyConformanceTest
Running com.google.template.soy.bidifunctions.BidiEndEdgeFunctionTest
Tests run: 3, Failures: 0, Errors: 0, Skipped: 0, Time elapsed: 0 sec - in com.google.template.soy.bidifunctions.BidiEndEdgeFunctionTest
Running com.google.template.soy.bidifunctions.BidiTextDirFunctionTest
Tests run: 3, Failures: 0, Errors: 0, Skipped: 0, Time elapsed: 0 sec - in com.google.template.soy.bidifunctions.BidiTextDirFunctionTest
Running com.google.template.soy.bidifunctions.BidiMarkAfterFunctionTest
Tests run: 3, Failures: 0, Errors: 0, Skipped: 0, Time elapsed: 0 sec - in com.google.template.soy.bidifunctions.BidiMarkAfterFunctionTest
Running com.google.template.soy.bidifunctions.BidiMarkFunctionTest
Tests run: 3, Failures: 0, Errors: 0, Skipped: 0, Time elapsed: 0 sec - in com.google.template.soy.bidifunctions.BidiMarkFunctionTest
Running com.google.template.soy.bidifunctions.BidiStartEdgeFunctionTest
Tests run: 3, Failures: 0, Errors: 0, Skipped: 0, Time elapsed: 0 sec - in com.google.template.soy.bidifunctions.BidiStartEdgeFunctionTest
Running com.google.template.soy.bidifunctions.BidiGlobalDirFunctionTest
Tests run: 3, Failures: 0, Errors: 0, Skipped: 0, Time elapsed: 0 sec - in com.google.template.soy.bidifunctions.BidiGlobalDirFunctionTest
Running com.google.template.soy.bidifunctions.BidiDirAttrFunctionTest
Tests run: 3, Failures: 0, Errors: 0, Skipped: 0, Time elapsed: 0 sec - in com.google.template.soy.bidifunctions.BidiDirAttrFunctionTest

Results :

Failed tests: 
  SoyMsgExtractorTest.testOutputFileFlag:60 Not true that <1> is equal to <0>

Tests run: 1333, Failures: 1, Errors: 0, Skipped: 1

[INFO] ------------------------------------------------------------------------
[INFO] BUILD FAILURE
[INFO] ------------------------------------------------------------------------
[INFO] Total time: 23.947 s
[INFO] Finished at: 2019-08-15T12:30:11+08:00
[INFO] ------------------------------------------------------------------------
[ERROR] Failed to execute goal org.apache.maven.plugins:maven-surefire-plugin:2.18.1:test (default-test) on project soy: There are test failures.
[ERROR] 
[ERROR] Please refer to /home/cgzhu/projects/gitslice/resources/facts/upgrade_jars_exp/_downloads/closure-templates/target/surefire-reports for the individual test results.
[ERROR] -> [Help 1]
[ERROR] 
[ERROR] To see the full stack trace of the errors, re-run Maven with the -e switch.
[ERROR] Re-run Maven using the -X switch to enable full debug logging.
[ERROR] 
[ERROR] For more information about the errors and possible solutions, please read the following articles:
[ERROR] [Help 1] http://cwiki.apache.org/confluence/display/MAVEN/MojoFailureException
[INFO] Build failures were ignored.
